2022-11-06 16:16:53,296 - INFO  - Log file for this run: /home/ilena7440/slsq/LSQ/out/MobileNetv2_imagenet_a8w8_30_epoch80_20221106-161653/MobileNetv2_imagenet_a8w8_30_epoch80_20221106-161653.log
2022-11-06 16:16:54,264 - INFO  - TensorBoard data directory: /home/ilena7440/slsq/LSQ/out/MobileNetv2_imagenet_a8w8_30_epoch80_20221106-161653/tb_runs
2022-11-06 16:16:56,477 - INFO  - Dataset `imagenet` size:
          Training Set = 1281167 (10010)
        Validation Set = 50000 (391)
              Test Set = 50000 (391)
2022-11-06 16:16:58,010 - INFO  - Created `MobileNetv2` model for `imagenet` dataset
          Use pre-trained model = True
2022-11-06 16:17:00,248 - INFO  - Inserted quantizers into the original model
2022-11-06 16:17:00,416 - INFO  - Optimizer: SGD (
           Parameter Group 0
               dampening: 0
               foreach: None
               lr: 0.05
               maximize: False
               momentum: 0.9
               nesterov: False
               weight_decay: 4e-05
           )
2022-11-06 16:17:00,416 - INFO  - LR scheduler: `CosineLr`
    Update per batch: True
             Group 0: 0.05

2022-11-06 16:17:00,417 - INFO  - >>>>>>>> Epoch -1 (pre-trained model evaluation)
2022-11-06 16:17:00,417 - INFO  - Validation: 50000 samples (128 per mini-batch)
