2022-11-06 16:00:10,392 - INFO  - Log file for this run: /home/ilena7440/slsq/LSQ/out/MobileNetv2_imagenet_a8w8_40_epoch80_20221106-160010/MobileNetv2_imagenet_a8w8_40_epoch80_20221106-160010.log
2022-11-06 16:00:11,367 - INFO  - TensorBoard data directory: /home/ilena7440/slsq/LSQ/out/MobileNetv2_imagenet_a8w8_40_epoch80_20221106-160010/tb_runs
2022-11-06 16:00:13,592 - INFO  - Dataset `imagenet` size:
          Training Set = 1281167 (10010)
        Validation Set = 50000 (391)
              Test Set = 50000 (391)
2022-11-06 16:00:15,119 - INFO  - Created `MobileNetv2` model for `imagenet` dataset
          Use pre-trained model = True
2022-11-06 16:00:17,325 - INFO  - Inserted quantizers into the original model
2022-11-06 16:00:17,494 - INFO  - Optimizer: SGD (
           Parameter Group 0
               dampening: 0
               foreach: None
               initial_lr: 0.05
               lr: 0.05
               maximize: False
               momentum: 0.9
               nesterov: False
               weight_decay: 4e-05
           )
2022-11-06 16:00:17,494 - INFO  - LR scheduler: <torch.optim.lr_scheduler.CosineAnnealingWarmRestarts object at 0x7faa90508fa0>

2022-11-06 16:00:17,494 - INFO  - >>>>>>>> Epoch -1 (pre-trained model evaluation)
2022-11-06 16:00:17,494 - INFO  - Validation: 50000 samples (128 per mini-batch)
2022-11-06 16:00:29,917 - INFO  - Validation [   20/  391]   Loss 27.609890   Top1 0.000000   Top5 0.117188   BatchTime 0.621103   
2022-11-06 16:00:33,480 - INFO  - Validation [   40/  391]   Loss 28.591004   Top1 0.000000   Top5 0.058594   BatchTime 0.399626   
2022-11-06 16:00:39,950 - INFO  - Validation [   60/  391]   Loss 27.567062   Top1 0.000000   Top5 0.403646   BatchTime 0.374254   
2022-11-06 16:00:44,043 - INFO  - Validation [   80/  391]   Loss 24.924523   Top1 0.000000   Top5 0.419922   BatchTime 0.331850   
2022-11-06 16:00:47,736 - INFO  - Validation [  100/  391]   Loss 23.307600   Top1 0.000000   Top5 0.335938   BatchTime 0.302411   
2022-11-06 16:00:51,518 - INFO  - Validation [  120/  391]   Loss 23.457049   Top1 0.312500   Top5 0.657552   BatchTime 0.283523   
2022-11-06 16:00:55,320 - INFO  - Validation [  140/  391]   Loss 24.179314   Top1 0.267857   Top5 0.563616   BatchTime 0.270179   
2022-11-06 16:00:59,101 - INFO  - Validation [  160/  391]   Loss 24.201449   Top1 0.234375   Top5 0.493164   BatchTime 0.260037   
2022-11-06 16:01:02,896 - INFO  - Validation [  180/  391]   Loss 24.038137   Top1 0.208333   Top5 0.438368   BatchTime 0.252224   
2022-11-06 16:01:06,686 - INFO  - Validation [  200/  391]   Loss 24.115841   Top1 0.187500   Top5 0.394531   BatchTime 0.245954   
2022-11-06 16:01:10,439 - INFO  - Validation [  220/  391]   Loss 24.233748   Top1 0.184659   Top5 0.529119   BatchTime 0.240655   
2022-11-06 16:01:14,289 - INFO  - Validation [  240/  391]   Loss 24.254343   Top1 0.169271   Top5 0.488281   BatchTime 0.236638   
2022-11-06 16:01:18,052 - INFO  - Validation [  260/  391]   Loss 24.264850   Top1 0.156250   Top5 0.450721   BatchTime 0.232909   
2022-11-06 16:01:21,855 - INFO  - Validation [  280/  391]   Loss 24.328493   Top1 0.145089   Top5 0.502232   BatchTime 0.229857   
2022-11-06 16:01:25,635 - INFO  - Validation [  300/  391]   Loss 24.268197   Top1 0.135417   Top5 0.611979   BatchTime 0.227133   
2022-11-06 16:01:29,467 - INFO  - Validation [  320/  391]   Loss 24.314753   Top1 0.126953   Top5 0.573730   BatchTime 0.224912   
2022-11-06 16:01:33,032 - INFO  - Validation [  340/  391]   Loss 24.194326   Top1 0.119485   Top5 0.562960   BatchTime 0.222167   
2022-11-06 16:01:36,434 - INFO  - Validation [  360/  391]   Loss 24.101134   Top1 0.112847   Top5 0.531684   BatchTime 0.219274   
2022-11-06 16:01:39,830 - INFO  - Validation [  380/  391]   Loss 24.285498   Top1 0.106908   Top5 0.503701   BatchTime 0.216670   
2022-11-06 16:01:42,079 - INFO  - ==> Top1: 0.104    Top5: 0.490    Loss: 24.380

2022-11-06 16:01:42,102 - INFO  - Scoreboard best 1 ==> Epoch [-1][Top1: 0.104   Top5: 0.490] Sparsity : 0.060
2022-11-06 16:01:42,102 - INFO  - >>>>>>>> Epoch   0
2022-11-06 16:01:42,103 - INFO  - Training: 1281167 samples (128 per mini-batch)
2022-11-06 16:01:59,821 - INFO  - Training [0][   20/10010]   Loss 7.343525   Top1 0.781250   Top5 2.851562   BatchTime 0.885876   LR 0.050000   
2022-11-06 16:02:08,787 - INFO  - Training [0][   40/10010]   Loss 7.136707   Top1 0.546875   Top5 2.343750   BatchTime 0.667092   LR 0.050000   
2022-11-06 16:02:17,785 - INFO  - Training [0][   60/10010]   Loss 7.000300   Top1 0.520833   Top5 2.187500   BatchTime 0.594705   LR 0.050000   
2022-11-06 16:02:26,801 - INFO  - Training [0][   80/10010]   Loss 6.892694   Top1 0.576172   Top5 2.314453   BatchTime 0.558724   LR 0.050000   
2022-11-06 16:02:35,791 - INFO  - Training [0][  100/10010]   Loss 6.801676   Top1 0.648438   Top5 2.593750   BatchTime 0.536880   LR 0.050000   
2022-11-06 16:02:44,783 - INFO  - Training [0][  120/10010]   Loss 6.737584   Top1 0.748698   Top5 2.884115   BatchTime 0.522333   LR 0.050000   
2022-11-06 16:02:53,771 - INFO  - Training [0][  140/10010]   Loss 6.679247   Top1 0.814732   Top5 3.119420   BatchTime 0.511912   LR 0.050000   
