2022-11-04 14:57:43,931 - INFO  - Log file for this run: /home/ilena7440/slsq/LSQ/out/MobileNetv2_imagenet_a8w8_20_epoch60_20221104-145743/MobileNetv2_imagenet_a8w8_20_epoch60_20221104-145743.log
2022-11-04 14:57:44,901 - INFO  - TensorBoard data directory: /home/ilena7440/slsq/LSQ/out/MobileNetv2_imagenet_a8w8_20_epoch60_20221104-145743/tb_runs
2022-11-04 14:57:47,192 - INFO  - Dataset `imagenet` size:
          Training Set = 1281167 (10010)
        Validation Set = 50000 (391)
              Test Set = 50000 (391)
2022-11-04 14:57:48,874 - INFO  - Created `MobileNetv2` model for `imagenet` dataset
          Use pre-trained model = True
2022-11-04 14:57:51,113 - INFO  - Inserted quantizers into the original model
2022-11-04 14:57:51,272 - INFO  - Optimizer: SGD (
           Parameter Group 0
               dampening: 0
               foreach: None
               lr: 0.01
               maximize: False
               momentum: 0.9
               nesterov: False
               weight_decay: 4e-05
           )
2022-11-04 14:57:51,273 - INFO  - LR scheduler: `MultiStepLr`
    Update per batch: True
             Group 0: 0.01

2022-11-04 14:57:51,273 - INFO  - >>>>>>>> Epoch -1 (pre-trained model evaluation)
2022-11-04 14:57:51,273 - INFO  - Validation: 50000 samples (128 per mini-batch)
2022-11-04 14:58:03,680 - INFO  - Validation [   20/  391]   Loss 27.609890   Top1 0.000000   Top5 0.117188   BatchTime 0.620344   
2022-11-04 14:58:07,156 - INFO  - Validation [   40/  391]   Loss 28.591004   Top1 0.000000   Top5 0.058594   BatchTime 0.397058   
2022-11-04 14:58:10,654 - INFO  - Validation [   60/  391]   Loss 27.567062   Top1 0.000000   Top5 0.403646   BatchTime 0.323013   
2022-11-04 14:58:14,129 - INFO  - Validation [   80/  391]   Loss 24.924523   Top1 0.000000   Top5 0.419922   BatchTime 0.285700   
2022-11-04 14:58:17,627 - INFO  - Validation [  100/  391]   Loss 23.307600   Top1 0.000000   Top5 0.335938   BatchTime 0.263539   
2022-11-04 14:58:21,095 - INFO  - Validation [  120/  391]   Loss 23.457049   Top1 0.312500   Top5 0.657552   BatchTime 0.248514   
2022-11-04 14:58:24,594 - INFO  - Validation [  140/  391]   Loss 24.179314   Top1 0.267857   Top5 0.563616   BatchTime 0.238008   
2022-11-04 14:58:28,087 - INFO  - Validation [  160/  391]   Loss 24.201449   Top1 0.234375   Top5 0.493164   BatchTime 0.230086   
2022-11-04 14:58:31,581 - INFO  - Validation [  180/  391]   Loss 24.038137   Top1 0.208333   Top5 0.438368   BatchTime 0.223930   
2022-11-04 14:58:35,061 - INFO  - Validation [  200/  391]   Loss 24.115841   Top1 0.187500   Top5 0.394531   BatchTime 0.218939   
2022-11-04 14:58:38,531 - INFO  - Validation [  220/  391]   Loss 24.233748   Top1 0.184659   Top5 0.529119   BatchTime 0.214808   
2022-11-04 14:58:42,029 - INFO  - Validation [  240/  391]   Loss 24.254343   Top1 0.169271   Top5 0.488281   BatchTime 0.211481   
2022-11-04 14:58:45,669 - INFO  - Validation [  260/  391]   Loss 24.264850   Top1 0.156250   Top5 0.450721   BatchTime 0.209213   
2022-11-04 14:58:49,195 - INFO  - Validation [  280/  391]   Loss 24.328493   Top1 0.145089   Top5 0.502232   BatchTime 0.206862   
2022-11-04 14:58:55,774 - INFO  - Validation [  300/  391]   Loss 24.268197   Top1 0.135417   Top5 0.611979   BatchTime 0.215001   
2022-11-04 14:58:59,771 - INFO  - Validation [  320/  391]   Loss 24.314753   Top1 0.126953   Top5 0.573730   BatchTime 0.214054   
