2022-11-08 10:42:18,172 - INFO  - Log file for this run: /home/ilena7440/LSQ/out/MobileNetv2_imagenet_a8w8_15_epoch80_20221108-104218/MobileNetv2_imagenet_a8w8_15_epoch80_20221108-104218.log
2022-11-08 10:42:18,191 - INFO  - TensorBoard data directory: /home/ilena7440/LSQ/out/MobileNetv2_imagenet_a8w8_15_epoch80_20221108-104218/tb_runs
2022-11-08 10:42:21,400 - INFO  - Dataset `imagenet` size:
          Training Set = 1281167 (10010)
        Validation Set = 50000 (391)
              Test Set = 50000 (391)
2022-11-08 10:42:23,571 - INFO  - Created `MobileNetv2` model for `imagenet` dataset
          Use pre-trained model = True
2022-11-08 10:42:27,811 - INFO  - Inserted quantizers into the original model
2022-11-08 10:42:28,063 - INFO  - Optimizer: SGD (
           Parameter Group 0
               dampening: 0
               foreach: None
               lr: 0.005
               maximize: False
               momentum: 0.9
               nesterov: False
               weight_decay: 4e-05
           )
2022-11-08 10:42:28,063 - INFO  - LR scheduler: `MultiStepLr`
    Update per batch: True
             Group 0: 0.005

2022-11-08 10:42:28,063 - INFO  - >>>>>>>> Epoch -1 (pre-trained model evaluation)
2022-11-08 10:42:28,064 - INFO  - Validation: 50000 samples (128 per mini-batch)
