2022-11-08 06:55:19,952 - INFO  - Log file for this run: /home/ilena7440/LSQ/out/MobileNetv2_imagenet_a8w8_20_epoch80_20221108-065519/MobileNetv2_imagenet_a8w8_20_epoch80_20221108-065519.log
2022-11-08 06:55:19,964 - INFO  - TensorBoard data directory: /home/ilena7440/LSQ/out/MobileNetv2_imagenet_a8w8_20_epoch80_20221108-065519/tb_runs
2022-11-08 06:55:24,406 - INFO  - Dataset `imagenet` size:
          Training Set = 1281167 (10010)
        Validation Set = 50000 (391)
              Test Set = 50000 (391)
2022-11-08 06:55:27,474 - INFO  - Created `MobileNetv2` model for `imagenet` dataset
          Use pre-trained model = True
2022-11-08 06:55:31,036 - INFO  - Inserted quantizers into the original model
2022-11-08 06:55:31,314 - INFO  - Optimizer: SGD (
           Parameter Group 0
               dampening: 0
               foreach: None
               lr: 0.005
               maximize: False
               momentum: 0.9
               nesterov: False
               weight_decay: 4e-05
           )
2022-11-08 06:55:31,315 - INFO  - LR scheduler: `MultiStepLr`
    Update per batch: True
             Group 0: 0.005

2022-11-08 06:55:31,315 - INFO  - >>>>>>>> Epoch -1 (pre-trained model evaluation)
2022-11-08 06:55:31,315 - INFO  - Validation: 50000 samples (128 per mini-batch)
2022-11-08 06:55:45,665 - INFO  - Validation [   20/  391]   Loss 12.927401   Top1 0.000000   Top5 0.000000   BatchTime 0.717409   
2022-11-08 06:55:48,378 - INFO  - Validation [   40/  391]   Loss 13.225690   Top1 0.000000   Top5 0.000000   BatchTime 0.426554   
2022-11-08 06:55:51,132 - INFO  - Validation [   60/  391]   Loss 12.783485   Top1 0.000000   Top5 0.000000   BatchTime 0.330267   
2022-11-08 06:55:55,070 - INFO  - Validation [   80/  391]   Loss 11.984020   Top1 0.000000   Top5 0.488281   BatchTime 0.296917   
2022-11-08 06:55:57,912 - INFO  - Validation [  100/  391]   Loss 11.471709   Top1 0.000000   Top5 0.781250   BatchTime 0.265959   
2022-11-08 06:56:00,590 - INFO  - Validation [  120/  391]   Loss 11.341164   Top1 0.000000   Top5 0.976562   BatchTime 0.243945   
2022-11-08 06:56:03,352 - INFO  - Validation [  140/  391]   Loss 11.538913   Top1 0.000000   Top5 0.837054   BatchTime 0.228824   
2022-11-08 06:56:06,101 - INFO  - Validation [  160/  391]   Loss 11.389241   Top1 0.000000   Top5 0.732422   BatchTime 0.217403   
2022-11-08 06:56:09,022 - INFO  - Validation [  180/  391]   Loss 11.399283   Top1 0.000000   Top5 0.651042   BatchTime 0.209476   
2022-11-08 06:56:11,918 - INFO  - Validation [  200/  391]   Loss 11.465818   Top1 0.000000   Top5 0.585938   BatchTime 0.203008   
2022-11-08 06:56:14,892 - INFO  - Validation [  220/  391]   Loss 11.544956   Top1 0.000000   Top5 0.532670   BatchTime 0.198070   
2022-11-08 06:56:17,792 - INFO  - Validation [  240/  391]   Loss 11.596657   Top1 0.000000   Top5 0.488281   BatchTime 0.193647   
2022-11-08 06:56:20,662 - INFO  - Validation [  260/  391]   Loss 11.627968   Top1 0.000000   Top5 0.450721   BatchTime 0.189791   
2022-11-08 06:56:23,630 - INFO  - Validation [  280/  391]   Loss 11.677904   Top1 0.000000   Top5 0.418527   BatchTime 0.186832   
2022-11-08 06:56:26,725 - INFO  - Validation [  300/  391]   Loss 11.678717   Top1 0.130208   Top5 0.520833   BatchTime 0.184693   
2022-11-08 06:56:29,733 - INFO  - Validation [  320/  391]   Loss 11.730051   Top1 0.122070   Top5 0.488281   BatchTime 0.182550   
2022-11-08 06:56:32,510 - INFO  - Validation [  340/  391]   Loss 11.704230   Top1 0.114890   Top5 0.574449   BatchTime 0.179979   
2022-11-08 06:56:35,086 - INFO  - Validation [  360/  391]   Loss 11.660352   Top1 0.108507   Top5 0.542535   BatchTime 0.177135   
2022-11-08 06:56:38,917 - INFO  - Validation [  380/  391]   Loss 11.746606   Top1 0.102796   Top5 0.513980   BatchTime 0.177893   
2022-11-08 06:56:40,621 - INFO  - ==> Top1: 0.100    Top5: 0.500    Loss: 11.797

2022-11-08 06:56:40,655 - INFO  - Scoreboard best 1 ==> Epoch [-1][Top1: 0.100   Top5: 0.500] Sparsity : 0.060
2022-11-08 06:56:40,656 - INFO  - >>>>>>>> Epoch   0
2022-11-08 06:56:40,657 - INFO  - Training: 1281167 samples (128 per mini-batch)
2022-11-08 06:56:54,638 - INFO  - Training [0][   20/10010]   Loss 5.716614   Top1 7.031250   Top5 17.500000   BatchTime 0.699021   LR 0.005000   
2022-11-08 06:57:01,421 - INFO  - Training [0][   40/10010]   Loss 5.431418   Top1 8.828125   Top5 21.035156   BatchTime 0.519101   LR 0.005000   
2022-11-08 06:57:09,496 - INFO  - Training [0][   60/10010]   Loss 5.161431   Top1 10.950521   Top5 25.026042   BatchTime 0.480647   LR 0.005000   
2022-11-08 06:57:17,412 - INFO  - Training [0][   80/10010]   Loss 4.886113   Top1 13.388672   Top5 29.287109   BatchTime 0.459434   LR 0.005000   
2022-11-08 06:57:24,345 - INFO  - Training [0][  100/10010]   Loss 4.662987   Top1 15.632812   Top5 33.000000   BatchTime 0.436869   LR 0.005000   
2022-11-08 06:57:31,302 - INFO  - Training [0][  120/10010]   Loss 4.470284   Top1 17.942708   Top5 36.334635   BatchTime 0.422034   LR 0.005000   
2022-11-08 06:57:38,201 - INFO  - Training [0][  140/10010]   Loss 4.313562   Top1 19.614955   Top5 38.956473   BatchTime 0.411019   LR 0.005000   
2022-11-08 06:57:45,076 - INFO  - Training [0][  160/10010]   Loss 4.185475   Top1 21.225586   Top5 40.986328   BatchTime 0.402613   LR 0.005000   
2022-11-08 06:57:52,203 - INFO  - Training [0][  180/10010]   Loss 4.080880   Top1 22.400174   Top5 42.808160   BatchTime 0.397468   LR 0.005000   
2022-11-08 06:58:00,054 - INFO  - Training [0][  200/10010]   Loss 3.982106   Top1 23.632812   Top5 44.488281   BatchTime 0.396976   LR 0.005000   
2022-11-08 06:58:06,811 - INFO  - Training [0][  220/10010]   Loss 3.884775   Top1 24.946733   Top5 46.186080   BatchTime 0.391604   LR 0.005000   
2022-11-08 06:58:13,679 - INFO  - Training [0][  240/10010]   Loss 3.799363   Top1 26.158854   Top5 47.591146   BatchTime 0.387584   LR 0.005000   
2022-11-08 06:58:20,377 - INFO  - Training [0][  260/10010]   Loss 3.726353   Top1 27.235577   Top5 48.933293   BatchTime 0.383533   LR 0.005000   
2022-11-08 06:58:28,266 - INFO  - Training [0][  280/10010]   Loss 3.669733   Top1 28.024554   Top5 49.896763   BatchTime 0.384312   LR 0.005000   
2022-11-08 06:58:34,996 - INFO  - Training [0][  300/10010]   Loss 3.598469   Top1 29.013021   Top5 51.109375   BatchTime 0.381123   LR 0.005000   
2022-11-08 06:58:41,804 - INFO  - Training [0][  320/10010]   Loss 3.530045   Top1 29.904785   Top5 52.270508   BatchTime 0.378578   LR 0.005000   
2022-11-08 06:58:48,522 - INFO  - Training [0][  340/10010]   Loss 3.476684   Top1 30.698529   Top5 53.212316   BatchTime 0.376067   LR 0.005000   
2022-11-08 06:58:55,202 - INFO  - Training [0][  360/10010]   Loss 3.426948   Top1 31.371528   Top5 54.042969   BatchTime 0.373730   LR 0.005000   
2022-11-08 06:59:01,979 - INFO  - Training [0][  380/10010]   Loss 3.383175   Top1 32.006579   Top5 54.798520   BatchTime 0.371895   LR 0.005000   
2022-11-08 06:59:08,807 - INFO  - Training [0][  400/10010]   Loss 3.339035   Top1 32.705078   Top5 55.554688   BatchTime 0.370368   LR 0.005000   
2022-11-08 06:59:15,451 - INFO  - Training [0][  420/10010]   Loss 3.294660   Top1 33.446801   Top5 56.298363   BatchTime 0.368550   LR 0.005000   
2022-11-08 06:59:22,241 - INFO  - Training [0][  440/10010]   Loss 3.254061   Top1 34.078480   Top5 56.944247   BatchTime 0.367229   LR 0.005000   
2022-11-08 06:59:28,987 - INFO  - Training [0][  460/10010]   Loss 3.214631   Top1 34.636549   Top5 57.620584   BatchTime 0.365929   LR 0.005000   
2022-11-08 06:59:35,694 - INFO  - Training [0][  480/10010]   Loss 3.177699   Top1 35.214844   Top5 58.245443   BatchTime 0.364654   LR 0.005000   
2022-11-08 06:59:42,343 - INFO  - Training [0][  500/10010]   Loss 3.141468   Top1 35.742188   Top5 58.889063   BatchTime 0.363367   LR 0.005000   
2022-11-08 06:59:49,008 - INFO  - Training [0][  520/10010]   Loss 3.110563   Top1 36.192909   Top5 59.408053   BatchTime 0.362207   LR 0.005000   
2022-11-08 06:59:55,686 - INFO  - Training [0][  540/10010]   Loss 3.084196   Top1 36.633391   Top5 59.835069   BatchTime 0.361159   LR 0.005000   
2022-11-08 07:00:02,424 - INFO  - Training [0][  560/10010]   Loss 3.056775   Top1 37.078683   Top5 60.297154   BatchTime 0.360291   LR 0.005000   
2022-11-08 07:00:09,077 - INFO  - Training [0][  580/10010]   Loss 3.029239   Top1 37.500000   Top5 60.767780   BatchTime 0.359339   LR 0.005000   
2022-11-08 07:00:15,766 - INFO  - Training [0][  600/10010]   Loss 3.003088   Top1 37.867188   Top5 61.179688   BatchTime 0.358509   LR 0.005000   
2022-11-08 07:00:22,525 - INFO  - Training [0][  620/10010]   Loss 2.977125   Top1 38.272429   Top5 61.585181   BatchTime 0.357845   LR 0.005000   
2022-11-08 07:00:29,103 - INFO  - Training [0][  640/10010]   Loss 2.952933   Top1 38.637695   Top5 62.023926   BatchTime 0.356940   LR 0.005000   
2022-11-08 07:00:35,787 - INFO  - Training [0][  660/10010]   Loss 2.929923   Top1 39.038826   Top5 62.379261   BatchTime 0.356251   LR 0.005000   
2022-11-08 07:00:42,545 - INFO  - Training [0][  680/10010]   Loss 2.908573   Top1 39.403722   Top5 62.753906   BatchTime 0.355712   LR 0.005000   
2022-11-08 07:00:49,205 - INFO  - Training [0][  700/10010]   Loss 2.886426   Top1 39.725446   Top5 63.135045   BatchTime 0.355063   LR 0.005000   
2022-11-08 07:00:55,983 - INFO  - Training [0][  720/10010]   Loss 2.862871   Top1 40.094401   Top5 63.522135   BatchTime 0.354613   LR 0.005000   
