2022-11-08 12:09:52,466 - INFO  - Log file for this run: /home/ilena7440/LSQ/out/MobileNetv2_imagenet_a8w8_15_epoch60_20221108-120952/MobileNetv2_imagenet_a8w8_15_epoch60_20221108-120952.log
2022-11-08 12:09:52,476 - INFO  - TensorBoard data directory: /home/ilena7440/LSQ/out/MobileNetv2_imagenet_a8w8_15_epoch60_20221108-120952/tb_runs
2022-11-08 12:09:56,909 - INFO  - Dataset `imagenet` size:
          Training Set = 1281167 (10010)
        Validation Set = 50000 (391)
              Test Set = 50000 (391)
2022-11-08 12:10:00,007 - INFO  - Created `MobileNetv2` model for `imagenet` dataset
          Use pre-trained model = True
2022-11-08 12:11:06,712 - INFO  - Inserted quantizers into the original model
2022-11-08 12:11:06,847 - INFO  - Optimizer: SGD (
           Parameter Group 0
               dampening: 0
               foreach: None
               lr: 0.01
               maximize: False
               momentum: 0.9
               nesterov: False
               weight_decay: 4e-05
           )
2022-11-08 12:11:06,849 - INFO  - LR scheduler: `MultiStepLr`
    Update per batch: True
             Group 0: 0.01

2022-11-08 12:11:06,852 - INFO  - >>>>>>>> Epoch -1 (pre-trained model evaluation)
2022-11-08 12:11:06,860 - INFO  - Validation: 50000 samples (128 per mini-batch)
2022-11-08 12:11:34,623 - INFO  - Validation [   20/  391]   Loss 27.489903   Top1 0.000000   Top5 0.078125   BatchTime 1.388060   
2022-11-08 12:11:39,411 - INFO  - Validation [   40/  391]   Loss 28.474162   Top1 0.000000   Top5 0.039062   BatchTime 0.813719   
2022-11-08 12:11:43,613 - INFO  - Validation [   60/  391]   Loss 27.437489   Top1 0.000000   Top5 0.377604   BatchTime 0.612513   
2022-11-08 12:11:47,604 - INFO  - Validation [   80/  391]   Loss 24.835872   Top1 0.000000   Top5 0.332031   BatchTime 0.509283   
2022-11-08 12:11:51,687 - INFO  - Validation [  100/  391]   Loss 23.236459   Top1 0.000000   Top5 0.265625   BatchTime 0.448249   
2022-11-08 12:11:55,908 - INFO  - Validation [  120/  391]   Loss 23.383469   Top1 0.286458   Top5 0.605469   BatchTime 0.408717   
2022-11-08 12:12:02,058 - INFO  - Validation [  140/  391]   Loss 24.100520   Top1 0.245536   Top5 0.518973   BatchTime 0.394256   
2022-11-08 12:12:06,041 - INFO  - Validation [  160/  391]   Loss 24.123645   Top1 0.214844   Top5 0.454102   BatchTime 0.369867   
2022-11-08 12:12:10,602 - INFO  - Validation [  180/  391]   Loss 23.960756   Top1 0.190972   Top5 0.403646   BatchTime 0.354108   
2022-11-08 12:12:14,800 - INFO  - Validation [  200/  391]   Loss 24.036850   Top1 0.171875   Top5 0.363281   BatchTime 0.339690   
2022-11-08 12:12:19,031 - INFO  - Validation [  220/  391]   Loss 24.158015   Top1 0.163352   Top5 0.504261   BatchTime 0.328042   
2022-11-08 12:12:23,265 - INFO  - Validation [  240/  391]   Loss 24.178470   Top1 0.149740   Top5 0.462240   BatchTime 0.318345   
2022-11-08 12:12:27,333 - INFO  - Validation [  260/  391]   Loss 24.188819   Top1 0.138221   Top5 0.426683   BatchTime 0.309504   
2022-11-08 12:12:31,422 - INFO  - Validation [  280/  391]   Loss 24.249597   Top1 0.128348   Top5 0.468750   BatchTime 0.302000   
2022-11-08 12:12:35,599 - INFO  - Validation [  300/  391]   Loss 24.191074   Top1 0.119792   Top5 0.572917   BatchTime 0.295789   
2022-11-08 12:12:40,135 - INFO  - Validation [  320/  391]   Loss 24.240498   Top1 0.112305   Top5 0.537109   BatchTime 0.291477   
2022-11-08 12:12:43,628 - INFO  - Validation [  340/  391]   Loss 24.118809   Top1 0.105699   Top5 0.537684   BatchTime 0.284606   
2022-11-08 12:12:46,614 - INFO  - Validation [  360/  391]   Loss 24.023235   Top1 0.099826   Top5 0.507812   BatchTime 0.277087   
2022-11-08 12:12:51,047 - INFO  - Validation [  380/  391]   Loss 24.208877   Top1 0.094572   Top5 0.481086   BatchTime 0.274169   
2022-11-08 12:12:53,102 - INFO  - ==> Top1: 0.092    Top5: 0.468    Loss: 24.304

2022-11-08 12:12:53,137 - INFO  - Scoreboard best 1 ==> Epoch [-1][Top1: 0.092   Top5: 0.468] Sparsity : 0.060
2022-11-08 12:12:53,138 - INFO  - >>>>>>>> Epoch   0
2022-11-08 12:12:53,140 - INFO  - Training: 1281167 samples (128 per mini-batch)
2022-11-08 12:13:10,824 - INFO  - Training [0][   20/10010]   Loss 6.453220   Top1 3.671875   Top5 10.703125   BatchTime 0.884169   LR 0.010000   
2022-11-08 12:13:19,418 - INFO  - Training [0][   40/10010]   Loss 6.426288   Top1 3.808594   Top5 10.800781   BatchTime 0.656936   LR 0.010000   
2022-11-08 12:13:28,101 - INFO  - Training [0][   60/10010]   Loss 6.228087   Top1 4.309896   Top5 12.239583   BatchTime 0.582678   LR 0.010000   
2022-11-08 12:13:36,412 - INFO  - Training [0][   80/10010]   Loss 5.997096   Top1 5.146484   Top5 14.433594   BatchTime 0.540890   LR 0.010000   
2022-11-08 12:13:45,070 - INFO  - Training [0][  100/10010]   Loss 5.783292   Top1 6.351562   Top5 16.976562   BatchTime 0.519289   LR 0.010000   
2022-11-08 12:13:53,857 - INFO  - Training [0][  120/10010]   Loss 5.578996   Top1 7.936198   Top5 19.960938   BatchTime 0.505967   LR 0.010000   
2022-11-08 12:14:02,333 - INFO  - Training [0][  140/10010]   Loss 5.403743   Top1 9.202009   Top5 22.388393   BatchTime 0.494225   LR 0.010000   
2022-11-08 12:14:10,973 - INFO  - Training [0][  160/10010]   Loss 5.251566   Top1 10.522461   Top5 24.741211   BatchTime 0.486444   LR 0.010000   
2022-11-08 12:14:18,210 - INFO  - Training [0][  180/10010]   Loss 5.129259   Top1 11.605903   Top5 26.671007   BatchTime 0.472600   LR 0.010000   
2022-11-08 12:14:27,113 - INFO  - Training [0][  200/10010]   Loss 5.012739   Top1 12.757812   Top5 28.488281   BatchTime 0.469853   LR 0.010000   
2022-11-08 12:14:35,076 - INFO  - Training [0][  220/10010]   Loss 4.896279   Top1 13.959517   Top5 30.220170   BatchTime 0.463339   LR 0.010000   
2022-11-08 12:14:42,490 - INFO  - Training [0][  240/10010]   Loss 4.790987   Top1 15.120443   Top5 31.995443   BatchTime 0.455617   LR 0.010000   
2022-11-08 12:14:50,054 - INFO  - Training [0][  260/10010]   Loss 4.699411   Top1 16.147837   Top5 33.416466   BatchTime 0.449660   LR 0.010000   
2022-11-08 12:14:57,808 - INFO  - Training [0][  280/10010]   Loss 4.625178   Top1 16.939174   Top5 34.670759   BatchTime 0.445236   LR 0.010000   
2022-11-08 12:15:05,360 - INFO  - Training [0][  300/10010]   Loss 4.535905   Top1 17.890625   Top5 36.187500   BatchTime 0.440725   LR 0.010000   
2022-11-08 12:15:12,952 - INFO  - Training [0][  320/10010]   Loss 4.451137   Top1 18.806152   Top5 37.590332   BatchTime 0.436902   LR 0.010000   
2022-11-08 12:15:20,517 - INFO  - Training [0][  340/10010]   Loss 4.382674   Top1 19.604779   Top5 38.685662   BatchTime 0.433454   LR 0.010000   
2022-11-08 12:15:27,984 - INFO  - Training [0][  360/10010]   Loss 4.315541   Top1 20.353733   Top5 39.802517   BatchTime 0.430114   LR 0.010000   
2022-11-08 12:15:35,583 - INFO  - Training [0][  380/10010]   Loss 4.257805   Top1 20.982730   Top5 40.779194   BatchTime 0.427472   LR 0.010000   
2022-11-08 12:15:43,680 - INFO  - Training [0][  400/10010]   Loss 4.199500   Top1 21.685547   Top5 41.763672   BatchTime 0.426341   LR 0.010000   
2022-11-08 12:15:51,202 - INFO  - Training [0][  420/10010]   Loss 4.142546   Top1 22.366071   Top5 42.745536   BatchTime 0.423949   LR 0.010000   
2022-11-08 12:15:58,835 - INFO  - Training [0][  440/10010]   Loss 4.090756   Top1 22.990057   Top5 43.659446   BatchTime 0.422025   LR 0.010000   
2022-11-08 12:16:06,541 - INFO  - Training [0][  460/10010]   Loss 4.041781   Top1 23.598845   Top5 44.480299   BatchTime 0.420428   LR 0.010000   
2022-11-08 12:16:14,227 - INFO  - Training [0][  480/10010]   Loss 3.996078   Top1 24.174805   Top5 45.271810   BatchTime 0.418923   LR 0.010000   
2022-11-08 12:16:21,900 - INFO  - Training [0][  500/10010]   Loss 3.950434   Top1 24.793750   Top5 45.996875   BatchTime 0.417510   LR 0.010000   
2022-11-08 12:16:29,549 - INFO  - Training [0][  520/10010]   Loss 3.910223   Top1 25.300481   Top5 46.643630   BatchTime 0.416162   LR 0.010000   
2022-11-08 12:16:37,298 - INFO  - Training [0][  540/10010]   Loss 3.874266   Top1 25.769676   Top5 47.239583   BatchTime 0.415099   LR 0.010000   
2022-11-08 12:16:45,040 - INFO  - Training [0][  560/10010]   Loss 3.839619   Top1 26.205357   Top5 47.811105   BatchTime 0.414099   LR 0.010000   
2022-11-08 12:16:52,654 - INFO  - Training [0][  580/10010]   Loss 3.802869   Top1 26.663524   Top5 48.407866   BatchTime 0.412946   LR 0.010000   
2022-11-08 12:17:00,245 - INFO  - Training [0][  600/10010]   Loss 3.770114   Top1 27.042969   Top5 48.972656   BatchTime 0.411833   LR 0.010000   
2022-11-08 12:17:07,901 - INFO  - Training [0][  620/10010]   Loss 3.739047   Top1 27.421875   Top5 49.450605   BatchTime 0.410897   LR 0.010000   
2022-11-08 12:17:15,494 - INFO  - Training [0][  640/10010]   Loss 3.709301   Top1 27.841797   Top5 49.973145   BatchTime 0.409919   LR 0.010000   
2022-11-08 12:17:23,128 - INFO  - Training [0][  660/10010]   Loss 3.681825   Top1 28.226799   Top5 50.436790   BatchTime 0.409064   LR 0.010000   
2022-11-08 12:17:30,531 - INFO  - Training [0][  680/10010]   Loss 3.653763   Top1 28.630515   Top5 50.883502   BatchTime 0.407919   LR 0.010000   
2022-11-08 12:17:38,262 - INFO  - Training [0][  700/10010]   Loss 3.628704   Top1 28.934152   Top5 51.315848   BatchTime 0.407308   LR 0.010000   
2022-11-08 12:17:45,830 - INFO  - Training [0][  720/10010]   Loss 3.602603   Top1 29.264323   Top5 51.751302   BatchTime 0.406505   LR 0.010000   
2022-11-08 12:17:53,345 - INFO  - Training [0][  740/10010]   Loss 3.577851   Top1 29.589316   Top5 52.160051   BatchTime 0.405674   LR 0.010000   
2022-11-08 12:18:01,010 - INFO  - Training [0][  760/10010]   Loss 3.556497   Top1 29.860197   Top5 52.510280   BatchTime 0.405084   LR 0.010000   
2022-11-08 12:18:08,500 - INFO  - Training [0][  780/10010]   Loss 3.535976   Top1 30.149239   Top5 52.866587   BatchTime 0.404298   LR 0.010000   
2022-11-08 12:18:16,033 - INFO  - Training [0][  800/10010]   Loss 3.518275   Top1 30.398438   Top5 53.176758   BatchTime 0.403607   LR 0.010000   
2022-11-08 12:18:23,680 - INFO  - Training [0][  820/10010]   Loss 3.500969   Top1 30.608803   Top5 53.468941   BatchTime 0.403089   LR 0.010000   
2022-11-08 12:18:30,995 - INFO  - Training [0][  840/10010]   Loss 3.483178   Top1 30.867746   Top5 53.787202   BatchTime 0.402199   LR 0.010000   
2022-11-08 12:18:38,525 - INFO  - Training [0][  860/10010]   Loss 3.466523   Top1 31.078307   Top5 54.068859   BatchTime 0.401601   LR 0.010000   
2022-11-08 12:18:46,042 - INFO  - Training [0][  880/10010]   Loss 3.452132   Top1 31.272195   Top5 54.331499   BatchTime 0.401016   LR 0.010000   
2022-11-08 12:18:53,701 - INFO  - Training [0][  900/10010]   Loss 3.438572   Top1 31.451389   Top5 54.543403   BatchTime 0.400614   LR 0.010000   
2022-11-08 12:19:01,390 - INFO  - Training [0][  920/10010]   Loss 3.425096   Top1 31.614300   Top5 54.763927   BatchTime 0.400263   LR 0.010000   
2022-11-08 12:19:08,920 - INFO  - Training [0][  940/10010]   Loss 3.410952   Top1 31.825133   Top5 54.996676   BatchTime 0.399757   LR 0.010000   
2022-11-08 12:19:16,691 - INFO  - Training [0][  960/10010]   Loss 3.400375   Top1 31.955566   Top5 55.162760   BatchTime 0.399523   LR 0.010000   
2022-11-08 12:19:24,173 - INFO  - Training [0][  980/10010]   Loss 3.388656   Top1 32.112564   Top5 55.353157   BatchTime 0.399004   LR 0.010000   
2022-11-08 12:19:31,584 - INFO  - Training [0][ 1000/10010]   Loss 3.375998   Top1 32.263281   Top5 55.570312   BatchTime 0.398435   LR 0.010000   
2022-11-08 12:19:39,274 - INFO  - Training [0][ 1020/10010]   Loss 3.366368   Top1 32.365962   Top5 55.729933   BatchTime 0.398162   LR 0.010000   
2022-11-08 12:19:46,886 - INFO  - Training [0][ 1040/10010]   Loss 3.356248   Top1 32.484976   Top5 55.893930   BatchTime 0.397824   LR 0.010000   
2022-11-08 12:19:54,470 - INFO  - Training [0][ 1060/10010]   Loss 3.346722   Top1 32.607606   Top5 56.065743   BatchTime 0.397473   LR 0.010000   
2022-11-08 12:20:02,101 - INFO  - Training [0][ 1080/10010]   Loss 3.337672   Top1 32.711950   Top5 56.226852   BatchTime 0.397177   LR 0.010000   
2022-11-08 12:20:09,604 - INFO  - Training [0][ 1100/10010]   Loss 3.329116   Top1 32.805398   Top5 56.369318   BatchTime 0.396776   LR 0.010000   
2022-11-08 12:20:17,239 - INFO  - Training [0][ 1120/10010]   Loss 3.320619   Top1 32.914342   Top5 56.491350   BatchTime 0.396508   LR 0.010000   
2022-11-08 12:20:24,792 - INFO  - Training [0][ 1140/10010]   Loss 3.309569   Top1 33.059211   Top5 56.674890   BatchTime 0.396177   LR 0.010000   
2022-11-08 12:20:32,324 - INFO  - Training [0][ 1160/10010]   Loss 3.298880   Top1 33.186288   Top5 56.834591   BatchTime 0.395840   LR 0.010000   
2022-11-08 12:20:39,813 - INFO  - Training [0][ 1180/10010]   Loss 3.288988   Top1 33.338851   Top5 57.006753   BatchTime 0.395477   LR 0.010000   
2022-11-08 12:20:47,521 - INFO  - Training [0][ 1200/10010]   Loss 3.280256   Top1 33.465495   Top5 57.164062   BatchTime 0.395309   LR 0.010000   
2022-11-08 12:20:55,149 - INFO  - Training [0][ 1220/10010]   Loss 3.271864   Top1 33.571977   Top5 57.311091   BatchTime 0.395081   LR 0.010000   
2022-11-08 12:21:02,928 - INFO  - Training [0][ 1240/10010]   Loss 3.264189   Top1 33.678175   Top5 57.445186   BatchTime 0.394982   LR 0.010000   
2022-11-08 12:21:10,418 - INFO  - Training [0][ 1260/10010]   Loss 3.255865   Top1 33.797743   Top5 57.578125   BatchTime 0.394657   LR 0.010000   
2022-11-08 12:21:18,177 - INFO  - Training [0][ 1280/10010]   Loss 3.248605   Top1 33.890381   Top5 57.695923   BatchTime 0.394552   LR 0.010000   
2022-11-08 12:21:25,913 - INFO  - Training [0][ 1300/10010]   Loss 3.243305   Top1 33.957933   Top5 57.787260   BatchTime 0.394432   LR 0.010000   
2022-11-08 12:21:33,473 - INFO  - Training [0][ 1320/10010]   Loss 3.237911   Top1 34.041193   Top5 57.873461   BatchTime 0.394183   LR 0.010000   
2022-11-08 12:21:40,968 - INFO  - Training [0][ 1340/10010]   Loss 3.230980   Top1 34.123717   Top5 57.995569   BatchTime 0.393893   LR 0.010000   
2022-11-08 12:21:48,586 - INFO  - Training [0][ 1360/10010]   Loss 3.224887   Top1 34.199793   Top5 58.077321   BatchTime 0.393701   LR 0.010000   
2022-11-08 12:21:55,954 - INFO  - Training [0][ 1380/10010]   Loss 3.217673   Top1 34.292912   Top5 58.201427   BatchTime 0.393335   LR 0.010000   
2022-11-08 12:22:03,638 - INFO  - Training [0][ 1400/10010]   Loss 3.210330   Top1 34.364955   Top5 58.316406   BatchTime 0.393204   LR 0.010000   
2022-11-08 12:22:11,242 - INFO  - Training [0][ 1420/10010]   Loss 3.203700   Top1 34.450924   Top5 58.416593   BatchTime 0.393021   LR 0.010000   
2022-11-08 12:22:18,745 - INFO  - Training [0][ 1440/10010]   Loss 3.197447   Top1 34.555664   Top5 58.507487   BatchTime 0.392773   LR 0.010000   
2022-11-08 12:22:26,257 - INFO  - Training [0][ 1460/10010]   Loss 3.190698   Top1 34.638271   Top5 58.605522   BatchTime 0.392537   LR 0.010000   
2022-11-08 12:22:33,869 - INFO  - Training [0][ 1480/10010]   Loss 3.186188   Top1 34.695418   Top5 58.692990   BatchTime 0.392375   LR 0.010000   
2022-11-08 12:22:41,405 - INFO  - Training [0][ 1500/10010]   Loss 3.179778   Top1 34.777604   Top5 58.806771   BatchTime 0.392168   LR 0.010000   
2022-11-08 12:22:49,227 - INFO  - Training [0][ 1520/10010]   Loss 3.175945   Top1 34.832956   Top5 58.870785   BatchTime 0.392154   LR 0.010000   
2022-11-08 12:22:56,708 - INFO  - Training [0][ 1540/10010]   Loss 3.171273   Top1 34.896002   Top5 58.942269   BatchTime 0.391919   LR 0.010000   
2022-11-08 12:23:04,173 - INFO  - Training [0][ 1560/10010]   Loss 3.165408   Top1 34.987981   Top5 59.031951   BatchTime 0.391679   LR 0.010000   
2022-11-08 12:23:11,738 - INFO  - Training [0][ 1580/10010]   Loss 3.160645   Top1 35.053896   Top5 59.112441   BatchTime 0.391509   LR 0.010000   
2022-11-08 12:23:19,255 - INFO  - Training [0][ 1600/10010]   Loss 3.155550   Top1 35.105469   Top5 59.193359   BatchTime 0.391313   LR 0.010000   
2022-11-08 12:23:26,768 - INFO  - Training [0][ 1620/10010]   Loss 3.149554   Top1 35.195312   Top5 59.289159   BatchTime 0.391120   LR 0.010000   
2022-11-08 12:23:34,540 - INFO  - Training [0][ 1640/10010]   Loss 3.143769   Top1 35.255812   Top5 59.391197   BatchTime 0.391089   LR 0.010000   
2022-11-08 12:23:42,314 - INFO  - Training [0][ 1660/10010]   Loss 3.138589   Top1 35.328972   Top5 59.461126   BatchTime 0.391060   LR 0.010000   
2022-11-08 12:23:49,957 - INFO  - Training [0][ 1680/10010]   Loss 3.133069   Top1 35.390160   Top5 59.546131   BatchTime 0.390954   LR 0.010000   
2022-11-08 12:23:57,532 - INFO  - Training [0][ 1700/10010]   Loss 3.129367   Top1 35.441176   Top5 59.607077   BatchTime 0.390810   LR 0.010000   
2022-11-08 12:24:04,832 - INFO  - Training [0][ 1720/10010]   Loss 3.125869   Top1 35.504179   Top5 59.661610   BatchTime 0.390510   LR 0.010000   
2022-11-08 12:24:12,539 - INFO  - Training [0][ 1740/10010]   Loss 3.122887   Top1 35.545977   Top5 59.702766   BatchTime 0.390451   LR 0.010000   
2022-11-08 12:24:20,289 - INFO  - Training [0][ 1760/10010]   Loss 3.120679   Top1 35.573065   Top5 59.741211   BatchTime 0.390417   LR 0.010000   
2022-11-08 12:24:27,935 - INFO  - Training [0][ 1780/10010]   Loss 3.117719   Top1 35.617539   Top5 59.791081   BatchTime 0.390326   LR 0.010000   
2022-11-08 12:24:35,523 - INFO  - Training [0][ 1800/10010]   Loss 3.114147   Top1 35.655382   Top5 59.847222   BatchTime 0.390204   LR 0.010000   
2022-11-08 12:24:43,159 - INFO  - Training [0][ 1820/10010]   Loss 3.110806   Top1 35.703125   Top5 59.903417   BatchTime 0.390112   LR 0.010000   
2022-11-08 12:24:50,696 - INFO  - Training [0][ 1840/10010]   Loss 3.107611   Top1 35.740489   Top5 59.956692   BatchTime 0.389967   LR 0.010000   
2022-11-08 12:24:58,248 - INFO  - Training [0][ 1860/10010]   Loss 3.104269   Top1 35.783350   Top5 60.012601   BatchTime 0.389834   LR 0.010000   
2022-11-08 12:25:05,684 - INFO  - Training [0][ 1880/10010]   Loss 3.100731   Top1 35.839013   Top5 60.071892   BatchTime 0.389642   LR 0.010000   
2022-11-08 12:25:13,432 - INFO  - Training [0][ 1900/10010]   Loss 3.097442   Top1 35.888569   Top5 60.127467   BatchTime 0.389618   LR 0.010000   
2022-11-08 12:25:21,108 - INFO  - Training [0][ 1920/10010]   Loss 3.094548   Top1 35.917969   Top5 60.172933   BatchTime 0.389558   LR 0.010000   
2022-11-08 12:25:28,607 - INFO  - Training [0][ 1940/10010]   Loss 3.090868   Top1 35.965689   Top5 60.240013   BatchTime 0.389407   LR 0.010000   
2022-11-08 12:25:36,180 - INFO  - Training [0][ 1960/10010]   Loss 3.088704   Top1 35.998485   Top5 60.281808   BatchTime 0.389298   LR 0.010000   
2022-11-08 12:25:43,791 - INFO  - Training [0][ 1980/10010]   Loss 3.085508   Top1 36.041667   Top5 60.326705   BatchTime 0.389209   LR 0.010000   
2022-11-08 12:25:51,225 - INFO  - Training [0][ 2000/10010]   Loss 3.082730   Top1 36.085156   Top5 60.364844   BatchTime 0.389034   LR 0.010000   
2022-11-08 12:25:58,755 - INFO  - Training [0][ 2020/10010]   Loss 3.080704   Top1 36.120436   Top5 60.406482   BatchTime 0.388910   LR 0.010000   
2022-11-08 12:26:06,543 - INFO  - Training [0][ 2040/10010]   Loss 3.077970   Top1 36.161535   Top5 60.448453   BatchTime 0.388914   LR 0.010000   
2022-11-08 12:26:14,205 - INFO  - Training [0][ 2060/10010]   Loss 3.075127   Top1 36.193492   Top5 60.489609   BatchTime 0.388858   LR 0.010000   
2022-11-08 12:26:21,657 - INFO  - Training [0][ 2080/10010]   Loss 3.072187   Top1 36.243990   Top5 60.540114   BatchTime 0.388701   LR 0.010000   
2022-11-08 12:26:29,510 - INFO  - Training [0][ 2100/10010]   Loss 3.069146   Top1 36.275670   Top5 60.589658   BatchTime 0.388739   LR 0.010000   
2022-11-08 12:26:37,281 - INFO  - Training [0][ 2120/10010]   Loss 3.067048   Top1 36.300118   Top5 60.628317   BatchTime 0.388737   LR 0.010000   
2022-11-08 12:26:44,737 - INFO  - Training [0][ 2140/10010]   Loss 3.064575   Top1 36.324839   Top5 60.675015   BatchTime 0.388588   LR 0.010000   
2022-11-08 12:26:52,291 - INFO  - Training [0][ 2160/10010]   Loss 3.061524   Top1 36.366102   Top5 60.717231   BatchTime 0.388487   LR 0.010000   
2022-11-08 12:27:00,012 - INFO  - Training [0][ 2180/10010]   Loss 3.058314   Top1 36.409117   Top5 60.765123   BatchTime 0.388465   LR 0.010000   
2022-11-08 12:27:07,597 - INFO  - Training [0][ 2200/10010]   Loss 3.056961   Top1 36.414773   Top5 60.786932   BatchTime 0.388381   LR 0.010000   
2022-11-08 12:27:15,255 - INFO  - Training [0][ 2220/10010]   Loss 3.055007   Top1 36.445664   Top5 60.822424   BatchTime 0.388331   LR 0.010000   
2022-11-08 12:27:22,753 - INFO  - Training [0][ 2240/10010]   Loss 3.054192   Top1 36.452985   Top5 60.837751   BatchTime 0.388212   LR 0.010000   
2022-11-08 12:27:30,213 - INFO  - Training [0][ 2260/10010]   Loss 3.052562   Top1 36.470202   Top5 60.873894   BatchTime 0.388076   LR 0.010000   
2022-11-08 12:27:37,782 - INFO  - Training [0][ 2280/10010]   Loss 3.051457   Top1 36.474438   Top5 60.890214   BatchTime 0.387992   LR 0.010000   
2022-11-08 12:27:45,154 - INFO  - Training [0][ 2300/10010]   Loss 3.049986   Top1 36.491508   Top5 60.912364   BatchTime 0.387824   LR 0.010000   
2022-11-08 12:27:52,822 - INFO  - Training [0][ 2320/10010]   Loss 3.047843   Top1 36.526468   Top5 60.945919   BatchTime 0.387785   LR 0.010000   
2022-11-08 12:28:00,258 - INFO  - Training [0][ 2340/10010]   Loss 3.045364   Top1 36.567842   Top5 60.982238   BatchTime 0.387648   LR 0.010000   
2022-11-08 12:28:07,633 - INFO  - Training [0][ 2360/10010]   Loss 3.043820   Top1 36.591631   Top5 61.011653   BatchTime 0.387488   LR 0.010000   
2022-11-08 12:28:15,229 - INFO  - Training [0][ 2380/10010]   Loss 3.042238   Top1 36.610425   Top5 61.038603   BatchTime 0.387424   LR 0.010000   
2022-11-08 12:28:22,869 - INFO  - Training [0][ 2400/10010]   Loss 3.040028   Top1 36.643229   Top5 61.076497   BatchTime 0.387378   LR 0.010000   
2022-11-08 12:28:30,394 - INFO  - Training [0][ 2420/10010]   Loss 3.038782   Top1 36.650310   Top5 61.106663   BatchTime 0.387286   LR 0.010000   
2022-11-08 12:28:37,818 - INFO  - Training [0][ 2440/10010]   Loss 3.036493   Top1 36.686091   Top5 61.144659   BatchTime 0.387154   LR 0.010000   
2022-11-08 12:28:45,427 - INFO  - Training [0][ 2460/10010]   Loss 3.034572   Top1 36.707635   Top5 61.174733   BatchTime 0.387100   LR 0.010000   
2022-11-08 12:28:52,934 - INFO  - Training [0][ 2480/10010]   Loss 3.032675   Top1 36.731351   Top5 61.207157   BatchTime 0.387005   LR 0.010000   
2022-11-08 12:29:00,670 - INFO  - Training [0][ 2500/10010]   Loss 3.031721   Top1 36.745625   Top5 61.218750   BatchTime 0.387003   LR 0.010000   
2022-11-08 12:29:08,229 - INFO  - Training [0][ 2520/10010]   Loss 3.030386   Top1 36.757192   Top5 61.247830   BatchTime 0.386931   LR 0.010000   
2022-11-08 12:29:15,709 - INFO  - Training [0][ 2540/10010]   Loss 3.029026   Top1 36.768885   Top5 61.266302   BatchTime 0.386829   LR 0.010000   
2022-11-08 12:29:23,229 - INFO  - Training [0][ 2560/10010]   Loss 3.027702   Top1 36.787720   Top5 61.286926   BatchTime 0.386745   LR 0.010000   
2022-11-08 12:29:30,794 - INFO  - Training [0][ 2580/10010]   Loss 3.026245   Top1 36.798389   Top5 61.312076   BatchTime 0.386679   LR 0.010000   
2022-11-08 12:29:38,392 - INFO  - Training [0][ 2600/10010]   Loss 3.024803   Top1 36.815204   Top5 61.331430   BatchTime 0.386627   LR 0.010000   
2022-11-08 12:29:46,215 - INFO  - Training [0][ 2620/10010]   Loss 3.023710   Top1 36.832061   Top5 61.346911   BatchTime 0.386661   LR 0.010000   
2022-11-08 12:29:53,769 - INFO  - Training [0][ 2640/10010]   Loss 3.022331   Top1 36.846295   Top5 61.370147   BatchTime 0.386593   LR 0.010000   
2022-11-08 12:30:01,345 - INFO  - Training [0][ 2660/10010]   Loss 3.021406   Top1 36.855909   Top5 61.385691   BatchTime 0.386535   LR 0.010000   
2022-11-08 12:30:08,783 - INFO  - Training [0][ 2680/10010]   Loss 3.019863   Top1 36.876749   Top5 61.412372   BatchTime 0.386425   LR 0.010000   
2022-11-08 12:30:16,415 - INFO  - Training [0][ 2700/10010]   Loss 3.018776   Top1 36.892361   Top5 61.435764   BatchTime 0.386390   LR 0.010000   
2022-11-08 12:30:23,990 - INFO  - Training [0][ 2720/10010]   Loss 3.017161   Top1 36.918945   Top5 61.461397   BatchTime 0.386333   LR 0.010000   
2022-11-08 12:30:31,358 - INFO  - Training [0][ 2740/10010]   Loss 3.015904   Top1 36.925182   Top5 61.478387   BatchTime 0.386202   LR 0.010000   
2022-11-08 12:30:39,037 - INFO  - Training [0][ 2760/10010]   Loss 3.014230   Top1 36.950294   Top5 61.509001   BatchTime 0.386186   LR 0.010000   
2022-11-08 12:30:46,600 - INFO  - Training [0][ 2780/10010]   Loss 3.012996   Top1 36.968862   Top5 61.528777   BatchTime 0.386128   LR 0.010000   
2022-11-08 12:30:54,130 - INFO  - Training [0][ 2800/10010]   Loss 3.011189   Top1 36.991071   Top5 61.553850   BatchTime 0.386059   LR 0.010000   
2022-11-08 12:31:01,740 - INFO  - Training [0][ 2820/10010]   Loss 3.009293   Top1 37.019891   Top5 61.581339   BatchTime 0.386020   LR 0.010000   
2022-11-08 12:31:09,447 - INFO  - Training [0][ 2840/10010]   Loss 3.008131   Top1 37.032625   Top5 61.599637   BatchTime 0.386015   LR 0.010000   
2022-11-08 12:31:16,915 - INFO  - Training [0][ 2860/10010]   Loss 3.006928   Top1 37.046274   Top5 61.611396   BatchTime 0.385927   LR 0.010000   
2022-11-08 12:31:24,772 - INFO  - Training [0][ 2880/10010]   Loss 3.005970   Top1 37.058919   Top5 61.628147   BatchTime 0.385975   LR 0.010000   
2022-11-08 12:31:32,245 - INFO  - Training [0][ 2900/10010]   Loss 3.005105   Top1 37.071929   Top5 61.643588   BatchTime 0.385889   LR 0.010000   
2022-11-08 12:31:39,714 - INFO  - Training [0][ 2920/10010]   Loss 3.004285   Top1 37.074593   Top5 61.661226   BatchTime 0.385804   LR 0.010000   
2022-11-08 12:31:47,227 - INFO  - Training [0][ 2940/10010]   Loss 3.003921   Top1 37.076159   Top5 61.662946   BatchTime 0.385735   LR 0.010000   
2022-11-08 12:31:54,735 - INFO  - Training [0][ 2960/10010]   Loss 3.003447   Top1 37.080342   Top5 61.668074   BatchTime 0.385665   LR 0.010000   
2022-11-08 12:32:02,154 - INFO  - Training [0][ 2980/10010]   Loss 3.002343   Top1 37.096005   Top5 61.685455   BatchTime 0.385566   LR 0.010000   
2022-11-08 12:32:09,676 - INFO  - Training [0][ 3000/10010]   Loss 3.001824   Top1 37.097917   Top5 61.692188   BatchTime 0.385503   LR 0.010000   
2022-11-08 12:32:17,226 - INFO  - Training [0][ 3020/10010]   Loss 3.001070   Top1 37.106529   Top5 61.704522   BatchTime 0.385450   LR 0.010000   
2022-11-08 12:32:24,686 - INFO  - Training [0][ 3040/10010]   Loss 3.000440   Top1 37.118884   Top5 61.716437   BatchTime 0.385368   LR 0.010000   
2022-11-08 12:32:32,324 - INFO  - Training [0][ 3060/10010]   Loss 2.999411   Top1 37.133629   Top5 61.727686   BatchTime 0.385345   LR 0.010000   
2022-11-08 12:32:39,885 - INFO  - Training [0][ 3080/10010]   Loss 2.998891   Top1 37.137277   Top5 61.732955   BatchTime 0.385298   LR 0.010000   
2022-11-08 12:32:47,297 - INFO  - Training [0][ 3100/10010]   Loss 2.998113   Top1 37.145161   Top5 61.748992   BatchTime 0.385203   LR 0.010000   
2022-11-08 12:32:54,762 - INFO  - Training [0][ 3120/10010]   Loss 2.997267   Top1 37.155699   Top5 61.759565   BatchTime 0.385127   LR 0.010000   
2022-11-08 12:33:02,374 - INFO  - Training [0][ 3140/10010]   Loss 2.996246   Top1 37.171328   Top5 61.771994   BatchTime 0.385098   LR 0.010000   
2022-11-08 12:33:10,403 - INFO  - Training [0][ 3160/10010]   Loss 2.995781   Top1 37.179094   Top5 61.779074   BatchTime 0.385201   LR 0.010000   
2022-11-08 12:33:17,962 - INFO  - Training [0][ 3180/10010]   Loss 2.995449   Top1 37.184798   Top5 61.783608   BatchTime 0.385155   LR 0.010000   
2022-11-08 12:33:25,535 - INFO  - Training [0][ 3200/10010]   Loss 2.994869   Top1 37.189453   Top5 61.793945   BatchTime 0.385115   LR 0.010000   
2022-11-08 12:33:33,163 - INFO  - Training [0][ 3220/10010]   Loss 2.994899   Top1 37.189198   Top5 61.792265   BatchTime 0.385092   LR 0.010000   
2022-11-08 12:33:40,750 - INFO  - Training [0][ 3240/10010]   Loss 2.994338   Top1 37.188706   Top5 61.795910   BatchTime 0.385056   LR 0.010000   
2022-11-08 12:33:48,335 - INFO  - Training [0][ 3260/10010]   Loss 2.993730   Top1 37.200681   Top5 61.809097   BatchTime 0.385020   LR 0.010000   
2022-11-08 12:33:55,882 - INFO  - Training [0][ 3280/10010]   Loss 2.993166   Top1 37.206317   Top5 61.819979   BatchTime 0.384974   LR 0.010000   
2022-11-08 12:34:03,415 - INFO  - Training [0][ 3300/10010]   Loss 2.993448   Top1 37.202888   Top5 61.823390   BatchTime 0.384923   LR 0.010000   
2022-11-08 12:34:11,108 - INFO  - Training [0][ 3320/10010]   Loss 2.993226   Top1 37.199030   Top5 61.829819   BatchTime 0.384921   LR 0.010000   
2022-11-08 12:34:18,624 - INFO  - Training [0][ 3340/10010]   Loss 2.993208   Top1 37.196856   Top5 61.825879   BatchTime 0.384867   LR 0.010000   
2022-11-08 12:34:26,202 - INFO  - Training [0][ 3360/10010]   Loss 2.993400   Top1 37.187965   Top5 61.821289   BatchTime 0.384831   LR 0.010000   
2022-11-08 12:34:33,825 - INFO  - Training [0][ 3380/10010]   Loss 2.992888   Top1 37.193741   Top5 61.835938   BatchTime 0.384809   LR 0.010000   
2022-11-08 12:34:41,389 - INFO  - Training [0][ 3400/10010]   Loss 2.992470   Top1 37.201746   Top5 61.839154   BatchTime 0.384771   LR 0.010000   
2022-11-08 12:34:49,113 - INFO  - Training [0][ 3420/10010]   Loss 2.992501   Top1 37.198008   Top5 61.839364   BatchTime 0.384779   LR 0.010000   
2022-11-08 12:34:56,715 - INFO  - Training [0][ 3440/10010]   Loss 2.994018   Top1 37.170921   Top5 61.817088   BatchTime 0.384751   LR 0.010000   
2022-11-08 12:35:04,394 - INFO  - Training [0][ 3460/10010]   Loss 2.994907   Top1 37.157921   Top5 61.805004   BatchTime 0.384747   LR 0.010000   
2022-11-08 12:35:11,888 - INFO  - Training [0][ 3480/10010]   Loss 2.994799   Top1 37.160785   Top5 61.806304   BatchTime 0.384689   LR 0.010000   
2022-11-08 12:35:19,558 - INFO  - Training [0][ 3500/10010]   Loss 2.995234   Top1 37.155357   Top5 61.797768   BatchTime 0.384682   LR 0.010000   
2022-11-08 12:35:27,080 - INFO  - Training [0][ 3520/10010]   Loss 2.995264   Top1 37.152876   Top5 61.795099   BatchTime 0.384633   LR 0.010000   
2022-11-08 12:35:34,655 - INFO  - Training [0][ 3540/10010]   Loss 2.995279   Top1 37.145569   Top5 61.794889   BatchTime 0.384600   LR 0.010000   
2022-11-08 12:35:42,448 - INFO  - Training [0][ 3560/10010]   Loss 2.995920   Top1 37.138782   Top5 61.786122   BatchTime 0.384629   LR 0.010000   
2022-11-08 12:35:49,984 - INFO  - Training [0][ 3580/10010]   Loss 2.996333   Top1 37.136217   Top5 61.777889   BatchTime 0.384585   LR 0.010000   
2022-11-08 12:35:57,773 - INFO  - Training [0][ 3600/10010]   Loss 2.996680   Top1 37.132378   Top5 61.773220   BatchTime 0.384612   LR 0.010000   
2022-11-08 12:36:05,374 - INFO  - Training [0][ 3620/10010]   Loss 2.997725   Top1 37.116497   Top5 61.758892   BatchTime 0.384586   LR 0.010000   
2022-11-08 12:36:12,857 - INFO  - Training [0][ 3640/10010]   Loss 2.998460   Top1 37.107229   Top5 61.746223   BatchTime 0.384529   LR 0.010000   
2022-11-08 12:36:20,523 - INFO  - Training [0][ 3660/10010]   Loss 2.998771   Top1 37.100196   Top5 61.741803   BatchTime 0.384522   LR 0.010000   
2022-11-08 12:36:28,119 - INFO  - Training [0][ 3680/10010]   Loss 2.999232   Top1 37.082626   Top5 61.730002   BatchTime 0.384497   LR 0.010000   
2022-11-08 12:36:35,633 - INFO  - Training [0][ 3700/10010]   Loss 3.000449   Top1 37.061444   Top5 61.708404   BatchTime 0.384449   LR 0.010000   
2022-11-08 12:36:43,504 - INFO  - Training [0][ 3720/10010]   Loss 3.001144   Top1 37.050991   Top5 61.694178   BatchTime 0.384498   LR 0.010000   
2022-11-08 12:36:51,267 - INFO  - Training [0][ 3740/10010]   Loss 3.001409   Top1 37.043992   Top5 61.688670   BatchTime 0.384517   LR 0.010000   
2022-11-08 12:36:58,976 - INFO  - Training [0][ 3760/10010]   Loss 3.001838   Top1 37.040808   Top5 61.677402   BatchTime 0.384522   LR 0.010000   
2022-11-08 12:37:06,462 - INFO  - Training [0][ 3780/10010]   Loss 3.002045   Top1 37.032697   Top5 61.673487   BatchTime 0.384468   LR 0.010000   
2022-11-08 12:37:13,973 - INFO  - Training [0][ 3800/10010]   Loss 3.001690   Top1 37.035567   Top5 61.679893   BatchTime 0.384421   LR 0.010000   
2022-11-08 12:37:21,759 - INFO  - Training [0][ 3820/10010]   Loss 3.001525   Top1 37.032477   Top5 61.676824   BatchTime 0.384447   LR 0.010000   
2022-11-08 12:37:29,363 - INFO  - Training [0][ 3840/10010]   Loss 3.001540   Top1 37.031657   Top5 61.672974   BatchTime 0.384424   LR 0.010000   
2022-11-08 12:37:37,065 - INFO  - Training [0][ 3860/10010]   Loss 3.001155   Top1 37.038536   Top5 61.673413   BatchTime 0.384428   LR 0.010000   
2022-11-08 12:37:44,699 - INFO  - Training [0][ 3880/10010]   Loss 3.001155   Top1 37.034673   Top5 61.668613   BatchTime 0.384414   LR 0.010000   
2022-11-08 12:37:52,383 - INFO  - Training [0][ 3900/10010]   Loss 3.001020   Top1 37.035457   Top5 61.662059   BatchTime 0.384413   LR 0.010000   
2022-11-08 12:38:00,066 - INFO  - Training [0][ 3920/10010]   Loss 3.001551   Top1 37.023677   Top5 61.653779   BatchTime 0.384411   LR 0.010000   
2022-11-08 12:38:07,597 - INFO  - Training [0][ 3940/10010]   Loss 3.002300   Top1 37.016577   Top5 61.634875   BatchTime 0.384371   LR 0.010000   
2022-11-08 12:38:15,265 - INFO  - Training [0][ 3960/10010]   Loss 3.002825   Top1 37.005800   Top5 61.626815   BatchTime 0.384366   LR 0.010000   
2022-11-08 12:38:23,004 - INFO  - Training [0][ 3980/10010]   Loss 3.003409   Top1 36.994739   Top5 61.615107   BatchTime 0.384379   LR 0.010000   
2022-11-08 12:38:30,626 - INFO  - Training [0][ 4000/10010]   Loss 3.003989   Top1 36.982813   Top5 61.609570   BatchTime 0.384363   LR 0.010000   
2022-11-08 12:38:38,140 - INFO  - Training [0][ 4020/10010]   Loss 3.004504   Top1 36.974502   Top5 61.596704   BatchTime 0.384320   LR 0.010000   
2022-11-08 12:38:45,665 - INFO  - Training [0][ 4040/10010]   Loss 3.005659   Top1 36.958733   Top5 61.579517   BatchTime 0.384280   LR 0.010000   
2022-11-08 12:38:53,253 - INFO  - Training [0][ 4060/10010]   Loss 3.006556   Top1 36.945428   Top5 61.569620   BatchTime 0.384256   LR 0.010000   
2022-11-08 12:39:00,804 - INFO  - Training [0][ 4080/10010]   Loss 3.007088   Top1 36.934551   Top5 61.560777   BatchTime 0.384223   LR 0.010000   
2022-11-08 12:39:08,590 - INFO  - Training [0][ 4100/10010]   Loss 3.007622   Top1 36.924543   Top5 61.549543   BatchTime 0.384248   LR 0.010000   
2022-11-08 12:39:16,223 - INFO  - Training [0][ 4120/10010]   Loss 3.008371   Top1 36.913114   Top5 61.534246   BatchTime 0.384235   LR 0.010000   
2022-11-08 12:39:23,910 - INFO  - Training [0][ 4140/10010]   Loss 3.009136   Top1 36.898777   Top5 61.519475   BatchTime 0.384235   LR 0.010000   
2022-11-08 12:39:31,625 - INFO  - Training [0][ 4160/10010]   Loss 3.009961   Top1 36.881573   Top5 61.509352   BatchTime 0.384242   LR 0.010000   
2022-11-08 12:39:39,176 - INFO  - Training [0][ 4180/10010]   Loss 3.010723   Top1 36.869580   Top5 61.498019   BatchTime 0.384211   LR 0.010000   
2022-11-08 12:39:46,856 - INFO  - Training [0][ 4200/10010]   Loss 3.011072   Top1 36.863467   Top5 61.492001   BatchTime 0.384210   LR 0.010000   
2022-11-08 12:39:54,427 - INFO  - Training [0][ 4220/10010]   Loss 3.011978   Top1 36.847230   Top5 61.476600   BatchTime 0.384183   LR 0.010000   
2022-11-08 12:40:01,956 - INFO  - Training [0][ 4240/10010]   Loss 3.012971   Top1 36.834463   Top5 61.461711   BatchTime 0.384146   LR 0.010000   
2022-11-08 12:40:09,670 - INFO  - Training [0][ 4260/10010]   Loss 3.013684   Top1 36.820349   Top5 61.447697   BatchTime 0.384153   LR 0.010000   
2022-11-08 12:40:17,477 - INFO  - Training [0][ 4280/10010]   Loss 3.014290   Top1 36.811660   Top5 61.436003   BatchTime 0.384182   LR 0.010000   
2022-11-08 12:40:25,148 - INFO  - Training [0][ 4300/10010]   Loss 3.014717   Top1 36.802507   Top5 61.427326   BatchTime 0.384179   LR 0.010000   
2022-11-08 12:40:32,904 - INFO  - Training [0][ 4320/10010]   Loss 3.015963   Top1 36.784758   Top5 61.405707   BatchTime 0.384196   LR 0.010000   
2022-11-08 12:40:40,514 - INFO  - Training [0][ 4340/10010]   Loss 3.016290   Top1 36.777074   Top5 61.397609   BatchTime 0.384179   LR 0.010000   
2022-11-08 12:40:48,130 - INFO  - Training [0][ 4360/10010]   Loss 3.017083   Top1 36.759067   Top5 61.379014   BatchTime 0.384163   LR 0.010000   
2022-11-08 12:40:55,725 - INFO  - Training [0][ 4380/10010]   Loss 3.018289   Top1 36.741046   Top5 61.355950   BatchTime 0.384143   LR 0.010000   
2022-11-08 12:41:03,296 - INFO  - Training [0][ 4400/10010]   Loss 3.019221   Top1 36.726385   Top5 61.339311   BatchTime 0.384118   LR 0.010000   
2022-11-08 12:41:10,821 - INFO  - Training [0][ 4420/10010]   Loss 3.020145   Top1 36.709382   Top5 61.322115   BatchTime 0.384082   LR 0.010000   
2022-11-08 12:41:18,372 - INFO  - Training [0][ 4440/10010]   Loss 3.021329   Top1 36.688485   Top5 61.298388   BatchTime 0.384053   LR 0.010000   
2022-11-08 12:41:25,998 - INFO  - Training [0][ 4460/10010]   Loss 3.022402   Top1 36.672330   Top5 61.280830   BatchTime 0.384040   LR 0.010000   
2022-11-08 12:41:33,582 - INFO  - Training [0][ 4480/10010]   Loss 3.022901   Top1 36.661377   Top5 61.268834   BatchTime 0.384019   LR 0.010000   
2022-11-08 12:41:41,123 - INFO  - Training [0][ 4500/10010]   Loss 3.023235   Top1 36.656076   Top5 61.267708   BatchTime 0.383988   LR 0.010000   
2022-11-08 12:41:48,799 - INFO  - Training [0][ 4520/10010]   Loss 3.023740   Top1 36.647539   Top5 61.254667   BatchTime 0.383987   LR 0.010000   
2022-11-08 12:41:56,331 - INFO  - Training [0][ 4540/10010]   Loss 3.023594   Top1 36.647680   Top5 61.258260   BatchTime 0.383954   LR 0.010000   
