2022-11-06 16:12:30,082 - INFO  - Log file for this run: /home/ilena7440/slsq/LSQ/out/MobileNetv2_imagenet_a8w8_30_epoch80_20221106-161230/MobileNetv2_imagenet_a8w8_30_epoch80_20221106-161230.log
2022-11-06 16:12:31,070 - INFO  - TensorBoard data directory: /home/ilena7440/slsq/LSQ/out/MobileNetv2_imagenet_a8w8_30_epoch80_20221106-161230/tb_runs
2022-11-06 16:12:33,326 - INFO  - Dataset `imagenet` size:
          Training Set = 1281167 (10010)
        Validation Set = 50000 (391)
              Test Set = 50000 (391)
2022-11-06 16:12:34,874 - INFO  - Created `MobileNetv2` model for `imagenet` dataset
          Use pre-trained model = True
2022-11-06 16:12:37,133 - INFO  - Inserted quantizers into the original model
2022-11-06 16:12:37,307 - INFO  - Optimizer: SGD (
           Parameter Group 0
               dampening: 0
               foreach: None
               lr: 0.05
               maximize: False
               momentum: 0.9
               nesterov: False
               weight_decay: 4e-05
           )
2022-11-06 16:12:37,307 - INFO  - LR scheduler: `CosineLr`
    Update per batch: True
             Group 0: 0.05

2022-11-06 16:12:37,307 - INFO  - >>>>>>>> Epoch -1 (pre-trained model evaluation)
2022-11-06 16:12:37,307 - INFO  - Validation: 50000 samples (128 per mini-batch)
2022-11-06 16:12:49,760 - INFO  - Validation [   20/  391]   Loss 27.609890   Top1 0.000000   Top5 0.117188   BatchTime 0.622591   
2022-11-06 16:12:53,297 - INFO  - Validation [   40/  391]   Loss 28.591004   Top1 0.000000   Top5 0.058594   BatchTime 0.399717   
2022-11-06 16:12:56,831 - INFO  - Validation [   60/  391]   Loss 27.567062   Top1 0.000000   Top5 0.403646   BatchTime 0.325390   
2022-11-06 16:13:00,390 - INFO  - Validation [   80/  391]   Loss 24.924523   Top1 0.000000   Top5 0.419922   BatchTime 0.288522   
2022-11-06 16:13:03,944 - INFO  - Validation [  100/  391]   Loss 23.307600   Top1 0.000000   Top5 0.335938   BatchTime 0.266358   
2022-11-06 16:13:07,479 - INFO  - Validation [  120/  391]   Loss 23.457049   Top1 0.312500   Top5 0.657552   BatchTime 0.251425   
2022-11-06 16:13:11,017 - INFO  - Validation [  140/  391]   Loss 24.179314   Top1 0.267857   Top5 0.563616   BatchTime 0.240779   
2022-11-06 16:13:14,565 - INFO  - Validation [  160/  391]   Loss 24.201449   Top1 0.234375   Top5 0.493164   BatchTime 0.232858   
2022-11-06 16:13:18,093 - INFO  - Validation [  180/  391]   Loss 24.038137   Top1 0.208333   Top5 0.438368   BatchTime 0.226583   
2022-11-06 16:13:21,640 - INFO  - Validation [  200/  391]   Loss 24.115841   Top1 0.187500   Top5 0.394531   BatchTime 0.221659   
2022-11-06 16:13:25,182 - INFO  - Validation [  220/  391]   Loss 24.233748   Top1 0.184659   Top5 0.529119   BatchTime 0.217610   
2022-11-06 16:13:28,716 - INFO  - Validation [  240/  391]   Loss 24.254343   Top1 0.169271   Top5 0.488281   BatchTime 0.214199   
2022-11-06 16:13:32,261 - INFO  - Validation [  260/  391]   Loss 24.264850   Top1 0.156250   Top5 0.450721   BatchTime 0.211358   
2022-11-06 16:13:35,789 - INFO  - Validation [  280/  391]   Loss 24.328493   Top1 0.145089   Top5 0.502232   BatchTime 0.208859   
2022-11-06 16:13:39,299 - INFO  - Validation [  300/  391]   Loss 24.268197   Top1 0.135417   Top5 0.611979   BatchTime 0.206636   
2022-11-06 16:13:42,852 - INFO  - Validation [  320/  391]   Loss 24.314753   Top1 0.126953   Top5 0.573730   BatchTime 0.204826   
2022-11-06 16:13:46,271 - INFO  - Validation [  340/  391]   Loss 24.194326   Top1 0.119485   Top5 0.562960   BatchTime 0.202833   
2022-11-06 16:13:49,604 - INFO  - Validation [  360/  391]   Loss 24.101134   Top1 0.112847   Top5 0.531684   BatchTime 0.200822   
2022-11-06 16:13:52,936 - INFO  - Validation [  380/  391]   Loss 24.285498   Top1 0.106908   Top5 0.503701   BatchTime 0.199021   
2022-11-06 16:13:55,165 - INFO  - ==> Top1: 0.104    Top5: 0.490    Loss: 24.380

2022-11-06 16:13:55,189 - INFO  - Scoreboard best 1 ==> Epoch [-1][Top1: 0.104   Top5: 0.490] Sparsity : 0.060
2022-11-06 16:13:55,189 - INFO  - >>>>>>>> Epoch   0
2022-11-06 16:13:55,189 - INFO  - Training: 1281167 samples (128 per mini-batch)
