2022-11-06 16:41:04,347 - INFO  - Log file for this run: /home/ilena7440/slsq/LSQ/out/MobileNetv2_imagenet_a8w8_40_epoch80_20221106-164104/MobileNetv2_imagenet_a8w8_40_epoch80_20221106-164104.log
2022-11-06 16:41:05,339 - INFO  - TensorBoard data directory: /home/ilena7440/slsq/LSQ/out/MobileNetv2_imagenet_a8w8_40_epoch80_20221106-164104/tb_runs
2022-11-06 16:41:07,626 - INFO  - Dataset `imagenet` size:
          Training Set = 1281167 (10010)
        Validation Set = 50000 (391)
              Test Set = 50000 (391)
2022-11-06 16:41:09,238 - INFO  - Created `MobileNetv2` model for `imagenet` dataset
          Use pre-trained model = True
2022-11-06 16:41:11,511 - INFO  - Inserted quantizers into the original model
2022-11-06 16:41:11,680 - INFO  - Optimizer: SGD (
           Parameter Group 0
               dampening: 0
               foreach: None
               lr: 0.01
               maximize: False
               momentum: 0.9
               nesterov: False
               weight_decay: 4e-05
           )
2022-11-06 16:41:11,680 - INFO  - LR scheduler: `CosineWarmRestartsLr`
    Update per batch: True
             Group 0: 0.01

2022-11-06 16:41:11,680 - INFO  - >>>>>>>> Epoch -1 (pre-trained model evaluation)
2022-11-06 16:41:11,680 - INFO  - Validation: 50000 samples (128 per mini-batch)
2022-11-06 16:41:23,935 - INFO  - Validation [   20/  391]   Loss 27.609890   Top1 0.000000   Top5 0.117188   BatchTime 0.612695   
2022-11-06 16:41:27,444 - INFO  - Validation [   40/  391]   Loss 28.591004   Top1 0.000000   Top5 0.058594   BatchTime 0.394074   
2022-11-06 16:41:30,981 - INFO  - Validation [   60/  391]   Loss 27.567062   Top1 0.000000   Top5 0.403646   BatchTime 0.321671   
2022-11-06 16:41:34,513 - INFO  - Validation [   80/  391]   Loss 24.924523   Top1 0.000000   Top5 0.419922   BatchTime 0.285396   
2022-11-06 16:41:38,864 - INFO  - Validation [  100/  391]   Loss 23.307600   Top1 0.000000   Top5 0.335938   BatchTime 0.271830   
2022-11-06 16:41:44,869 - INFO  - Validation [  120/  391]   Loss 23.457049   Top1 0.312500   Top5 0.657552   BatchTime 0.276568   
2022-11-06 16:41:48,524 - INFO  - Validation [  140/  391]   Loss 24.179314   Top1 0.267857   Top5 0.563616   BatchTime 0.263164   
2022-11-06 16:41:52,227 - INFO  - Validation [  160/  391]   Loss 24.201449   Top1 0.234375   Top5 0.493164   BatchTime 0.253411   
2022-11-06 16:41:56,181 - INFO  - Validation [  180/  391]   Loss 24.038137   Top1 0.208333   Top5 0.438368   BatchTime 0.247223   
2022-11-06 16:42:00,018 - INFO  - Validation [  200/  391]   Loss 24.115841   Top1 0.187500   Top5 0.394531   BatchTime 0.241684   
2022-11-06 16:42:03,820 - INFO  - Validation [  220/  391]   Loss 24.233748   Top1 0.184659   Top5 0.529119   BatchTime 0.236993   
2022-11-06 16:42:07,607 - INFO  - Validation [  240/  391]   Loss 24.254343   Top1 0.169271   Top5 0.488281   BatchTime 0.233026   
2022-11-06 16:42:11,420 - INFO  - Validation [  260/  391]   Loss 24.264850   Top1 0.156250   Top5 0.450721   BatchTime 0.229766   
2022-11-06 16:42:15,241 - INFO  - Validation [  280/  391]   Loss 24.328493   Top1 0.145089   Top5 0.502232   BatchTime 0.226999   
2022-11-06 16:42:19,098 - INFO  - Validation [  300/  391]   Loss 24.268197   Top1 0.135417   Top5 0.611979   BatchTime 0.224723   
2022-11-06 16:42:22,865 - INFO  - Validation [  320/  391]   Loss 24.314753   Top1 0.126953   Top5 0.573730   BatchTime 0.222450   
2022-11-06 16:42:26,450 - INFO  - Validation [  340/  391]   Loss 24.194326   Top1 0.119485   Top5 0.562960   BatchTime 0.219907   
2022-11-06 16:42:29,882 - INFO  - Validation [  360/  391]   Loss 24.101134   Top1 0.112847   Top5 0.531684   BatchTime 0.217225   
2022-11-06 16:42:33,290 - INFO  - Validation [  380/  391]   Loss 24.285498   Top1 0.106908   Top5 0.503701   BatchTime 0.214761   
2022-11-06 16:42:35,619 - INFO  - ==> Top1: 0.104    Top5: 0.490    Loss: 24.380

2022-11-06 16:42:35,647 - INFO  - Scoreboard best 1 ==> Epoch [-1][Top1: 0.104   Top5: 0.490] Sparsity : 0.060
2022-11-06 16:42:35,647 - INFO  - >>>>>>>> Epoch   0
2022-11-06 16:42:35,649 - INFO  - Training: 1281167 samples (128 per mini-batch)
2022-11-06 16:42:51,626 - INFO  - Training [0][   20/10010]   Loss 6.002670   Top1 5.000000   Top5 15.039062   BatchTime 0.798867   LR 0.010000   
2022-11-06 16:43:02,268 - INFO  - Training [0][   40/10010]   Loss 5.949880   Top1 4.921875   Top5 14.921875   BatchTime 0.665485   LR 0.010000   
2022-11-06 16:43:11,256 - INFO  - Training [0][   60/10010]   Loss 5.797845   Top1 5.924479   Top5 16.367188   BatchTime 0.593445   LR 0.010000   
2022-11-06 16:43:20,205 - INFO  - Training [0][   80/10010]   Loss 5.584737   Top1 7.187500   Top5 18.847656   BatchTime 0.556955   LR 0.010000   
