2022-11-04 14:59:38,350 - INFO  - Log file for this run: /home/ilena7440/slsq/LSQ/out/MobileNetv2_imagenet_a8w8_15_epoch80_20221104-145938/MobileNetv2_imagenet_a8w8_15_epoch80_20221104-145938.log
2022-11-04 14:59:39,471 - INFO  - TensorBoard data directory: /home/ilena7440/slsq/LSQ/out/MobileNetv2_imagenet_a8w8_15_epoch80_20221104-145938/tb_runs
2022-11-04 14:59:41,829 - INFO  - Dataset `imagenet` size:
          Training Set = 1281167 (10010)
        Validation Set = 50000 (391)
              Test Set = 50000 (391)
2022-11-04 14:59:44,082 - INFO  - Created `MobileNetv2` model for `imagenet` dataset
          Use pre-trained model = True
2022-11-04 14:59:46,537 - INFO  - Inserted quantizers into the original model
2022-11-04 14:59:46,806 - INFO  - Optimizer: SGD (
           Parameter Group 0
               dampening: 0
               foreach: None
               lr: 0.01
               maximize: False
               momentum: 0.9
               nesterov: False
               weight_decay: 4e-05
           )
2022-11-04 14:59:46,806 - INFO  - LR scheduler: `MultiStepLr`
    Update per batch: True
             Group 0: 0.01

2022-11-04 14:59:46,806 - INFO  - >>>>>>>> Epoch -1 (pre-trained model evaluation)
2022-11-04 14:59:46,806 - INFO  - Validation: 50000 samples (128 per mini-batch)
2022-11-04 15:00:03,472 - INFO  - Validation [   20/  391]   Loss 27.609890   Top1 0.000000   Top5 0.117188   BatchTime 0.833227   
2022-11-04 15:00:10,289 - INFO  - Validation [   40/  391]   Loss 28.591004   Top1 0.000000   Top5 0.058594   BatchTime 0.587042   
2022-11-04 15:00:17,480 - INFO  - Validation [   60/  391]   Loss 27.567062   Top1 0.000000   Top5 0.403646   BatchTime 0.511220   
2022-11-04 15:00:23,879 - INFO  - Validation [   80/  391]   Loss 24.924523   Top1 0.000000   Top5 0.419922   BatchTime 0.463396   
2022-11-04 15:00:30,494 - INFO  - Validation [  100/  391]   Loss 23.307600   Top1 0.000000   Top5 0.335938   BatchTime 0.436868   
2022-11-04 15:00:37,152 - INFO  - Validation [  120/  391]   Loss 23.457049   Top1 0.312500   Top5 0.657552   BatchTime 0.419539   
2022-11-04 15:00:43,799 - INFO  - Validation [  140/  391]   Loss 24.179314   Top1 0.267857   Top5 0.563616   BatchTime 0.407082   
2022-11-04 15:00:50,492 - INFO  - Validation [  160/  391]   Loss 24.201449   Top1 0.234375   Top5 0.493164   BatchTime 0.398028   
2022-11-04 15:00:57,165 - INFO  - Validation [  180/  391]   Loss 24.038137   Top1 0.208333   Top5 0.438368   BatchTime 0.390878   
2022-11-04 15:01:03,635 - INFO  - Validation [  200/  391]   Loss 24.115841   Top1 0.187500   Top5 0.394531   BatchTime 0.384137   
2022-11-04 15:01:10,210 - INFO  - Validation [  220/  391]   Loss 24.233748   Top1 0.184659   Top5 0.529119   BatchTime 0.379104   
2022-11-04 15:01:16,688 - INFO  - Validation [  240/  391]   Loss 24.254343   Top1 0.169271   Top5 0.488281   BatchTime 0.374501   
2022-11-04 15:01:25,474 - INFO  - Validation [  260/  391]   Loss 24.264850   Top1 0.156250   Top5 0.450721   BatchTime 0.379485   
