2022-11-06 16:05:06,850 - INFO  - Log file for this run: /home/ilena7440/slsq/LSQ/out/MobileNetv2_imagenet_a8w8_30_epoch80_20221106-160506/MobileNetv2_imagenet_a8w8_30_epoch80_20221106-160506.log
2022-11-06 16:05:07,816 - INFO  - TensorBoard data directory: /home/ilena7440/slsq/LSQ/out/MobileNetv2_imagenet_a8w8_30_epoch80_20221106-160506/tb_runs
2022-11-06 16:05:10,028 - INFO  - Dataset `imagenet` size:
          Training Set = 1281167 (10010)
        Validation Set = 50000 (391)
              Test Set = 50000 (391)
2022-11-06 16:05:11,557 - INFO  - Created `MobileNetv2` model for `imagenet` dataset
          Use pre-trained model = True
2022-11-06 16:05:13,793 - INFO  - Inserted quantizers into the original model
2022-11-06 16:05:13,969 - INFO  - Optimizer: SGD (
           Parameter Group 0
               dampening: 0
               foreach: None
               initial_lr: 0.05
               lr: 0.05
               maximize: False
               momentum: 0.9
               nesterov: False
               weight_decay: 4e-05
           )
2022-11-06 16:05:13,970 - INFO  - LR scheduler: <torch.optim.lr_scheduler.CosineAnnealingWarmRestarts object at 0x7f0cb0389e80>

2022-11-06 16:05:13,970 - INFO  - >>>>>>>> Epoch -1 (pre-trained model evaluation)
2022-11-06 16:05:13,970 - INFO  - Validation: 50000 samples (128 per mini-batch)
2022-11-06 16:05:26,499 - INFO  - Validation [   20/  391]   Loss 27.609890   Top1 0.000000   Top5 0.117188   BatchTime 0.626408   
2022-11-06 16:05:30,022 - INFO  - Validation [   40/  391]   Loss 28.591004   Top1 0.000000   Top5 0.058594   BatchTime 0.401281   
