2022-11-08 07:11:55,682 - INFO  - Log file for this run: /home/ilena7440/LSQ/out/ResNet18_imagenet_a8w8_2_5_epoch80_20221108-071155/ResNet18_imagenet_a8w8_2_5_epoch80_20221108-071155.log
2022-11-08 07:11:55,691 - INFO  - TensorBoard data directory: /home/ilena7440/LSQ/out/ResNet18_imagenet_a8w8_2_5_epoch80_20221108-071155/tb_runs
2022-11-08 07:11:58,633 - INFO  - Dataset `imagenet` size:
          Training Set = 1281167 (10010)
        Validation Set = 50000 (391)
              Test Set = 50000 (391)
2022-11-08 07:11:58,916 - INFO  - Created `resnet18` model for `imagenet` dataset
          Use pre-trained model = True
2022-11-08 07:12:00,896 - INFO  - Inserted quantizers into the original model
2022-11-08 07:12:02,802 - INFO  - Optimizer: SGD (
           Parameter Group 0
               dampening: 0
               foreach: None
               lr: 0.01
               maximize: False
               momentum: 0.9
               nesterov: False
               weight_decay: 0.0001
           )
2022-11-08 07:12:02,802 - INFO  - LR scheduler: `MultiStepLr`
    Update per batch: True
             Group 0: 0.01

2022-11-08 07:12:02,803 - INFO  - >>>>>>>> Epoch -1 (pre-trained model evaluation)
2022-11-08 07:12:02,803 - INFO  - Validation: 50000 samples (128 per mini-batch)
2022-11-08 07:12:17,466 - INFO  - Validation [   20/  391]   Loss 10.426115   Top1 0.000000   Top5 0.000000   BatchTime 0.733120   
2022-11-08 07:12:19,284 - INFO  - Validation [   40/  391]   Loss 9.851932   Top1 0.058594   Top5 0.390625   BatchTime 0.412007   
2022-11-08 07:12:21,009 - INFO  - Validation [   60/  391]   Loss 10.078457   Top1 0.039062   Top5 0.299479   BatchTime 0.303416   
2022-11-08 07:12:22,859 - INFO  - Validation [   80/  391]   Loss 9.897195   Top1 0.029297   Top5 0.234375   BatchTime 0.250695   
2022-11-08 07:12:24,516 - INFO  - Validation [  100/  391]   Loss 9.835794   Top1 0.023438   Top5 0.234375   BatchTime 0.217126   
2022-11-08 07:12:26,376 - INFO  - Validation [  120/  391]   Loss 9.867029   Top1 0.019531   Top5 0.208333   BatchTime 0.196437   
2022-11-08 07:12:28,112 - INFO  - Validation [  140/  391]   Loss 9.910343   Top1 0.033482   Top5 0.251116   BatchTime 0.180771   
2022-11-08 07:12:29,814 - INFO  - Validation [  160/  391]   Loss 9.933602   Top1 0.219727   Top5 0.517578   BatchTime 0.168816   
2022-11-08 07:12:31,572 - INFO  - Validation [  180/  391]   Loss 9.767149   Top1 0.199653   Top5 0.594618   BatchTime 0.159821   
2022-11-08 07:12:33,374 - INFO  - Validation [  200/  391]   Loss 9.629207   Top1 0.261719   Top5 0.882812   BatchTime 0.152849   
2022-11-08 07:12:35,182 - INFO  - Validation [  220/  391]   Loss 9.559465   Top1 0.255682   Top5 0.948153   BatchTime 0.147172   
2022-11-08 07:12:36,878 - INFO  - Validation [  240/  391]   Loss 9.480269   Top1 0.341797   Top5 1.103516   BatchTime 0.141976   
2022-11-08 07:12:38,621 - INFO  - Validation [  260/  391]   Loss 9.385702   Top1 0.357572   Top5 1.259014   BatchTime 0.137757   
2022-11-08 07:12:40,313 - INFO  - Validation [  280/  391]   Loss 9.332992   Top1 0.357143   Top5 1.283482   BatchTime 0.133961   
2022-11-08 07:12:42,030 - INFO  - Validation [  300/  391]   Loss 9.263727   Top1 0.390625   Top5 1.419271   BatchTime 0.130753   
2022-11-08 07:12:43,752 - INFO  - Validation [  320/  391]   Loss 9.216885   Top1 0.427246   Top5 1.542969   BatchTime 0.127962   
2022-11-08 07:12:45,410 - INFO  - Validation [  340/  391]   Loss 9.160497   Top1 0.418199   Top5 1.592371   BatchTime 0.125310   
2022-11-08 07:12:46,657 - INFO  - Validation [  360/  391]   Loss 9.129761   Top1 0.444878   Top5 1.740451   BatchTime 0.121813   
2022-11-08 07:12:47,877 - INFO  - Validation [  380/  391]   Loss 9.136724   Top1 0.425576   Top5 1.679688   BatchTime 0.118612   
2022-11-08 07:12:48,894 - INFO  - ==> Top1: 0.414    Top5: 1.678    Loss: 9.133

2022-11-08 07:12:48,913 - INFO  - Scoreboard best 1 ==> Epoch [-1][Top1: 0.414   Top5: 1.678] Sparsity : 0.058
2022-11-08 07:12:48,914 - INFO  - >>>>>>>> Epoch   0
2022-11-08 07:12:48,915 - INFO  - Training: 1281167 samples (128 per mini-batch)
