2022-11-06 16:21:35,593 - INFO  - Log file for this run: /home/ilena7440/slsq/LSQ/out/MobileNetv2_imagenet_a8w8_30_epoch80_20221106-162135/MobileNetv2_imagenet_a8w8_30_epoch80_20221106-162135.log
2022-11-06 16:21:36,572 - INFO  - TensorBoard data directory: /home/ilena7440/slsq/LSQ/out/MobileNetv2_imagenet_a8w8_30_epoch80_20221106-162135/tb_runs
2022-11-06 16:21:38,818 - INFO  - Dataset `imagenet` size:
          Training Set = 1281167 (10010)
        Validation Set = 50000 (391)
              Test Set = 50000 (391)
2022-11-06 16:21:40,351 - INFO  - Created `MobileNetv2` model for `imagenet` dataset
          Use pre-trained model = True
2022-11-06 16:21:42,600 - INFO  - Inserted quantizers into the original model
2022-11-06 16:21:42,781 - INFO  - Optimizer: SGD (
           Parameter Group 0
               dampening: 0
               foreach: None
               lr: 0.05
               maximize: False
               momentum: 0.9
               nesterov: False
               weight_decay: 4e-05
           )
2022-11-06 16:21:42,781 - INFO  - LR scheduler: `CosineLr`
    Update per batch: True
             Group 0: 0.05

2022-11-06 16:21:42,781 - INFO  - >>>>>>>> Epoch -1 (pre-trained model evaluation)
2022-11-06 16:21:42,781 - INFO  - Validation: 50000 samples (128 per mini-batch)
2022-11-06 16:21:55,316 - INFO  - Validation [   20/  391]   Loss 27.609890   Top1 0.000000   Top5 0.117188   BatchTime 0.626682   
2022-11-06 16:21:58,798 - INFO  - Validation [   40/  391]   Loss 28.591004   Top1 0.000000   Top5 0.058594   BatchTime 0.400398   
2022-11-06 16:22:02,332 - INFO  - Validation [   60/  391]   Loss 27.567062   Top1 0.000000   Top5 0.403646   BatchTime 0.325836   
2022-11-06 16:22:05,909 - INFO  - Validation [   80/  391]   Loss 24.924523   Top1 0.000000   Top5 0.419922   BatchTime 0.289085   
2022-11-06 16:22:09,444 - INFO  - Validation [  100/  391]   Loss 23.307600   Top1 0.000000   Top5 0.335938   BatchTime 0.266622   
2022-11-06 16:22:12,968 - INFO  - Validation [  120/  391]   Loss 23.457049   Top1 0.312500   Top5 0.657552   BatchTime 0.251550   
2022-11-06 16:22:16,532 - INFO  - Validation [  140/  391]   Loss 24.179314   Top1 0.267857   Top5 0.563616   BatchTime 0.241071   
2022-11-06 16:22:20,065 - INFO  - Validation [  160/  391]   Loss 24.201449   Top1 0.234375   Top5 0.493164   BatchTime 0.233020   
2022-11-06 16:22:23,636 - INFO  - Validation [  180/  391]   Loss 24.038137   Top1 0.208333   Top5 0.438368   BatchTime 0.226967   
2022-11-06 16:22:27,180 - INFO  - Validation [  200/  391]   Loss 24.115841   Top1 0.187500   Top5 0.394531   BatchTime 0.221991   
2022-11-06 16:22:30,745 - INFO  - Validation [  220/  391]   Loss 24.233748   Top1 0.184659   Top5 0.529119   BatchTime 0.218013   
2022-11-06 16:22:34,276 - INFO  - Validation [  240/  391]   Loss 24.254343   Top1 0.169271   Top5 0.488281   BatchTime 0.214558   
2022-11-06 16:22:37,822 - INFO  - Validation [  260/  391]   Loss 24.264850   Top1 0.156250   Top5 0.450721   BatchTime 0.211691   
2022-11-06 16:22:41,389 - INFO  - Validation [  280/  391]   Loss 24.328493   Top1 0.145089   Top5 0.502232   BatchTime 0.209311   
2022-11-06 16:22:44,935 - INFO  - Validation [  300/  391]   Loss 24.268197   Top1 0.135417   Top5 0.611979   BatchTime 0.207175   
2022-11-06 16:22:48,488 - INFO  - Validation [  320/  391]   Loss 24.314753   Top1 0.126953   Top5 0.573730   BatchTime 0.205329   
2022-11-06 16:22:51,917 - INFO  - Validation [  340/  391]   Loss 24.194326   Top1 0.119485   Top5 0.562960   BatchTime 0.203338   
2022-11-06 16:22:55,253 - INFO  - Validation [  360/  391]   Loss 24.101134   Top1 0.112847   Top5 0.531684   BatchTime 0.201307   
2022-11-06 16:22:58,589 - INFO  - Validation [  380/  391]   Loss 24.285498   Top1 0.106908   Top5 0.503701   BatchTime 0.199492   
2022-11-06 16:23:00,819 - INFO  - ==> Top1: 0.104    Top5: 0.490    Loss: 24.380

2022-11-06 16:23:00,846 - INFO  - Scoreboard best 1 ==> Epoch [-1][Top1: 0.104   Top5: 0.490] Sparsity : 0.060
2022-11-06 16:23:00,846 - INFO  - >>>>>>>> Epoch   0
2022-11-06 16:23:00,846 - INFO  - Training: 1281167 samples (128 per mini-batch)
