2022-11-04 15:00:27,867 - INFO  - Log file for this run: /home/ilena7440/slsq/LSQ/out/MobileNetv2_imagenet_a8w8_20_epoch60_20221104-150027/MobileNetv2_imagenet_a8w8_20_epoch60_20221104-150027.log
2022-11-04 15:00:34,249 - INFO  - TensorBoard data directory: /home/ilena7440/slsq/LSQ/out/MobileNetv2_imagenet_a8w8_20_epoch60_20221104-150027/tb_runs
2022-11-04 15:00:37,890 - INFO  - Dataset `imagenet` size:
          Training Set = 1281167 (10010)
        Validation Set = 50000 (391)
              Test Set = 50000 (391)
2022-11-04 15:00:41,274 - INFO  - Created `MobileNetv2` model for `imagenet` dataset
          Use pre-trained model = True
2022-11-04 15:01:14,328 - INFO  - Inserted quantizers into the original model
2022-11-04 15:01:14,659 - INFO  - Optimizer: SGD (
           Parameter Group 0
               dampening: 0
               foreach: None
               lr: 0.01
               maximize: False
               momentum: 0.9
               nesterov: False
               weight_decay: 4e-05
           )
2022-11-04 15:01:14,659 - INFO  - LR scheduler: `MultiStepLr`
    Update per batch: True
             Group 0: 0.01

2022-11-04 15:01:14,660 - INFO  - >>>>>>>> Epoch -1 (pre-trained model evaluation)
2022-11-04 15:01:14,660 - INFO  - Validation: 50000 samples (128 per mini-batch)
2022-11-04 15:01:55,498 - INFO  - Validation [   20/  391]   Loss 27.609890   Top1 0.000000   Top5 0.117188   BatchTime 2.041859   
2022-11-04 15:02:02,019 - INFO  - Validation [   40/  391]   Loss 28.591004   Top1 0.000000   Top5 0.058594   BatchTime 1.183949   
2022-11-04 15:02:08,574 - INFO  - Validation [   60/  391]   Loss 27.567062   Top1 0.000000   Top5 0.403646   BatchTime 0.898555   
2022-11-04 15:02:15,079 - INFO  - Validation [   80/  391]   Loss 24.924523   Top1 0.000000   Top5 0.419922   BatchTime 0.755220   
2022-11-04 15:02:21,596 - INFO  - Validation [  100/  391]   Loss 23.307600   Top1 0.000000   Top5 0.335938   BatchTime 0.669355   
2022-11-04 15:02:28,089 - INFO  - Validation [  120/  391]   Loss 23.457049   Top1 0.312500   Top5 0.657552   BatchTime 0.611898   
2022-11-04 15:02:34,619 - INFO  - Validation [  140/  391]   Loss 24.179314   Top1 0.267857   Top5 0.563616   BatchTime 0.571130   
2022-11-04 15:02:41,119 - INFO  - Validation [  160/  391]   Loss 24.201449   Top1 0.234375   Top5 0.493164   BatchTime 0.540363   
2022-11-04 15:02:47,618 - INFO  - Validation [  180/  391]   Loss 24.038137   Top1 0.208333   Top5 0.438368   BatchTime 0.516428   
2022-11-04 15:02:54,183 - INFO  - Validation [  200/  391]   Loss 24.115841   Top1 0.187500   Top5 0.394531   BatchTime 0.497609   
2022-11-04 15:03:00,698 - INFO  - Validation [  220/  391]   Loss 24.233748   Top1 0.184659   Top5 0.529119   BatchTime 0.481987   
2022-11-04 15:03:07,175 - INFO  - Validation [  240/  391]   Loss 24.254343   Top1 0.169271   Top5 0.488281   BatchTime 0.468808   
2022-11-04 15:03:13,744 - INFO  - Validation [  260/  391]   Loss 24.264850   Top1 0.156250   Top5 0.450721   BatchTime 0.458009   
2022-11-04 15:03:20,289 - INFO  - Validation [  280/  391]   Loss 24.328493   Top1 0.145089   Top5 0.502232   BatchTime 0.448672   
2022-11-04 15:03:26,811 - INFO  - Validation [  300/  391]   Loss 24.268197   Top1 0.135417   Top5 0.611979   BatchTime 0.440500   
2022-11-04 15:03:33,449 - INFO  - Validation [  320/  391]   Loss 24.314753   Top1 0.126953   Top5 0.573730   BatchTime 0.433711   
2022-11-04 15:03:39,956 - INFO  - Validation [  340/  391]   Loss 24.194326   Top1 0.119485   Top5 0.562960   BatchTime 0.427337   
2022-11-04 15:03:46,389 - INFO  - Validation [  360/  391]   Loss 24.101134   Top1 0.112847   Top5 0.531684   BatchTime 0.421466   
2022-11-04 15:03:52,832 - INFO  - Validation [  380/  391]   Loss 24.285498   Top1 0.106908   Top5 0.503701   BatchTime 0.416238   
2022-11-04 15:03:57,024 - INFO  - ==> Top1: 0.104    Top5: 0.490    Loss: 24.380

2022-11-04 15:03:57,148 - INFO  - Scoreboard best 1 ==> Epoch [-1][Top1: 0.104   Top5: 0.490] Sparsity : 0.060
2022-11-04 15:03:57,148 - INFO  - >>>>>>>> Epoch   0
2022-11-04 15:03:57,149 - INFO  - Training: 1281167 samples (128 per mini-batch)
