2022-11-06 15:58:49,962 - INFO  - Log file for this run: /home/ilena7440/slsq/LSQ/out/MobileNetv2_imagenet_a8w8_40_epoch80_20221106-155849/MobileNetv2_imagenet_a8w8_40_epoch80_20221106-155849.log
2022-11-06 15:58:50,920 - INFO  - TensorBoard data directory: /home/ilena7440/slsq/LSQ/out/MobileNetv2_imagenet_a8w8_40_epoch80_20221106-155849/tb_runs
2022-11-06 15:58:53,125 - INFO  - Dataset `imagenet` size:
          Training Set = 1281167 (10010)
        Validation Set = 50000 (391)
              Test Set = 50000 (391)
2022-11-06 15:58:54,641 - INFO  - Created `MobileNetv2` model for `imagenet` dataset
          Use pre-trained model = True
2022-11-06 15:58:56,852 - INFO  - Inserted quantizers into the original model
2022-11-06 15:58:57,024 - INFO  - Optimizer: SGD (
           Parameter Group 0
               dampening: 0
               foreach: None
               initial_lr: 0.05
               lr: 0.05
               maximize: False
               momentum: 0.9
               nesterov: False
               weight_decay: 4e-05
           )
2022-11-06 15:58:57,024 - INFO  - LR scheduler: <torch.optim.lr_scheduler.CosineAnnealingWarmRestarts object at 0x7f823c544f10>

2022-11-06 15:58:57,024 - INFO  - >>>>>>>> Epoch -1 (pre-trained model evaluation)
2022-11-06 15:58:57,024 - INFO  - Validation: 50000 samples (128 per mini-batch)
2022-11-06 15:59:09,555 - INFO  - Validation [   20/  391]   Loss 27.609890   Top1 0.000000   Top5 0.117188   BatchTime 0.626537   
