2022-11-06 16:00:26,559 - INFO  - Log file for this run: /home/ilena7440/slsq/LSQ/out/MobileNetv2_imagenet_a8w8_30_epoch80_20221106-160026/MobileNetv2_imagenet_a8w8_30_epoch80_20221106-160026.log
2022-11-06 16:00:27,654 - INFO  - TensorBoard data directory: /home/ilena7440/slsq/LSQ/out/MobileNetv2_imagenet_a8w8_30_epoch80_20221106-160026/tb_runs
2022-11-06 16:00:29,971 - INFO  - Dataset `imagenet` size:
          Training Set = 1281167 (10010)
        Validation Set = 50000 (391)
              Test Set = 50000 (391)
2022-11-06 16:00:31,452 - INFO  - Created `MobileNetv2` model for `imagenet` dataset
          Use pre-trained model = True
2022-11-06 16:00:34,040 - INFO  - Inserted quantizers into the original model
2022-11-06 16:00:34,216 - INFO  - Optimizer: SGD (
           Parameter Group 0
               dampening: 0
               foreach: None
               initial_lr: 0.05
               lr: 0.05
               maximize: False
               momentum: 0.9
               nesterov: False
               weight_decay: 4e-05
           )
2022-11-06 16:00:34,216 - INFO  - LR scheduler: <torch.optim.lr_scheduler.CosineAnnealingWarmRestarts object at 0x7f1b18345a90>

2022-11-06 16:00:34,217 - INFO  - >>>>>>>> Epoch -1 (pre-trained model evaluation)
2022-11-06 16:00:34,217 - INFO  - Validation: 50000 samples (128 per mini-batch)
2022-11-06 16:00:47,267 - INFO  - Validation [   20/  391]   Loss 27.609890   Top1 0.000000   Top5 0.117188   BatchTime 0.652431   
2022-11-06 16:00:50,634 - INFO  - Validation [   40/  391]   Loss 28.591004   Top1 0.000000   Top5 0.058594   BatchTime 0.410414   
2022-11-06 16:00:54,111 - INFO  - Validation [   60/  391]   Loss 27.567062   Top1 0.000000   Top5 0.403646   BatchTime 0.331542   
2022-11-06 16:00:57,520 - INFO  - Validation [   80/  391]   Loss 24.924523   Top1 0.000000   Top5 0.419922   BatchTime 0.291272   
2022-11-06 16:01:00,968 - INFO  - Validation [  100/  391]   Loss 23.307600   Top1 0.000000   Top5 0.335938   BatchTime 0.267503   
2022-11-06 16:01:04,416 - INFO  - Validation [  120/  391]   Loss 23.457049   Top1 0.312500   Top5 0.657552   BatchTime 0.251647   
2022-11-06 16:01:07,818 - INFO  - Validation [  140/  391]   Loss 24.179314   Top1 0.267857   Top5 0.563616   BatchTime 0.240000   
2022-11-06 16:01:11,502 - INFO  - Validation [  160/  391]   Loss 24.201449   Top1 0.234375   Top5 0.493164   BatchTime 0.233023   
2022-11-06 16:01:15,049 - INFO  - Validation [  180/  391]   Loss 24.038137   Top1 0.208333   Top5 0.438368   BatchTime 0.226839   
2022-11-06 16:01:18,480 - INFO  - Validation [  200/  391]   Loss 24.115841   Top1 0.187500   Top5 0.394531   BatchTime 0.221310   
2022-11-06 16:01:21,903 - INFO  - Validation [  220/  391]   Loss 24.233748   Top1 0.184659   Top5 0.529119   BatchTime 0.216747   
2022-11-06 16:01:25,281 - INFO  - Validation [  240/  391]   Loss 24.254343   Top1 0.169271   Top5 0.488281   BatchTime 0.212762   
2022-11-06 16:01:28,683 - INFO  - Validation [  260/  391]   Loss 24.264850   Top1 0.156250   Top5 0.450721   BatchTime 0.209481   
2022-11-06 16:01:32,018 - INFO  - Validation [  280/  391]   Loss 24.328493   Top1 0.145089   Top5 0.502232   BatchTime 0.206426   
2022-11-06 16:01:35,254 - INFO  - Validation [  300/  391]   Loss 24.268197   Top1 0.135417   Top5 0.611979   BatchTime 0.203453   
2022-11-06 16:01:38,485 - INFO  - Validation [  320/  391]   Loss 24.314753   Top1 0.126953   Top5 0.573730   BatchTime 0.200833   
2022-11-06 16:01:41,585 - INFO  - Validation [  340/  391]   Loss 24.194326   Top1 0.119485   Top5 0.562960   BatchTime 0.198138   
2022-11-06 16:01:45,632 - INFO  - Validation [  360/  391]   Loss 24.101134   Top1 0.112847   Top5 0.531684   BatchTime 0.198370   
2022-11-06 16:01:49,730 - INFO  - Validation [  380/  391]   Loss 24.285498   Top1 0.106908   Top5 0.503701   BatchTime 0.198715   
2022-11-06 16:01:51,988 - INFO  - ==> Top1: 0.104    Top5: 0.490    Loss: 24.380

2022-11-06 16:01:52,028 - INFO  - Scoreboard best 1 ==> Epoch [-1][Top1: 0.104   Top5: 0.490] Sparsity : 0.060
2022-11-06 16:01:52,028 - INFO  - >>>>>>>> Epoch   0
2022-11-06 16:01:52,030 - INFO  - Training: 1281167 samples (128 per mini-batch)
2022-11-06 16:02:07,225 - INFO  - Training [0][   20/10010]   Loss 7.403564   Top1 1.210938   Top5 4.296875   BatchTime 0.759734   LR 0.050000   
2022-11-06 16:02:15,827 - INFO  - Training [0][   40/10010]   Loss 7.223274   Top1 0.859375   Top5 3.105469   BatchTime 0.594922   LR 0.050000   
2022-11-06 16:02:24,460 - INFO  - Training [0][   60/10010]   Loss 7.055195   Top1 0.807292   Top5 2.812500   BatchTime 0.540497   LR 0.050000   
2022-11-06 16:02:33,137 - INFO  - Training [0][   80/10010]   Loss 6.924098   Top1 0.800781   Top5 2.939453   BatchTime 0.513831   LR 0.050000   
2022-11-06 16:02:41,806 - INFO  - Training [0][  100/10010]   Loss 6.818177   Top1 0.828125   Top5 3.070312   BatchTime 0.497757   LR 0.050000   
2022-11-06 16:02:50,485 - INFO  - Training [0][  120/10010]   Loss 6.740343   Top1 0.944010   Top5 3.294271   BatchTime 0.487121   LR 0.050000   
2022-11-06 16:02:59,398 - INFO  - Training [0][  140/10010]   Loss 6.676684   Top1 0.892857   Top5 3.470982   BatchTime 0.481200   LR 0.050000   
