2022-11-09 11:06:50,233 - INFO  - Log file for this run: /home/ilena7440/slsq/LSQ/out/MobileNetv2_imagenet_a8w8_30_epoch80_20221109-110650/MobileNetv2_imagenet_a8w8_30_epoch80_20221109-110650.log
2022-11-09 11:07:02,478 - INFO  - TensorBoard data directory: /home/ilena7440/slsq/LSQ/out/MobileNetv2_imagenet_a8w8_30_epoch80_20221109-110650/tb_runs
2022-11-09 11:07:04,786 - INFO  - Dataset `imagenet` size:
          Training Set = 1281167 (10010)
        Validation Set = 50000 (391)
              Test Set = 50000 (391)
2022-11-09 11:07:21,467 - INFO  - Created `MobileNetv2` model for `imagenet` dataset
          Use pre-trained model = True
2022-11-09 11:07:24,866 - INFO  - Inserted quantizers into the original model
2022-11-09 11:07:25,050 - INFO  - Optimizer: SGD (
           Parameter Group 0
               dampening: 0
               foreach: None
               lr: 0.005
               maximize: False
               momentum: 0.9
               nesterov: False
               weight_decay: 4e-05
           )
2022-11-09 11:07:25,051 - INFO  - LR scheduler: `MultiStepLr`
    Update per batch: True
             Group 0: 0.005

2022-11-09 11:07:25,051 - INFO  - >>>>>>>> Epoch -1 (pre-trained model evaluation)
2022-11-09 11:07:25,051 - INFO  - Validation: 50000 samples (128 per mini-batch)
2022-11-09 11:07:50,076 - INFO  - Validation [   20/  391]   Loss 16.365801   Top1 0.000000   Top5 0.000000   BatchTime 1.251205   
2022-11-09 11:07:53,897 - INFO  - Validation [   40/  391]   Loss 16.871682   Top1 0.000000   Top5 0.000000   BatchTime 0.721112   
2022-11-09 11:07:57,979 - INFO  - Validation [   60/  391]   Loss 16.395107   Top1 0.000000   Top5 0.000000   BatchTime 0.548789   
2022-11-09 11:08:01,825 - INFO  - Validation [   80/  391]   Loss 15.193939   Top1 0.000000   Top5 0.488281   BatchTime 0.459662   
2022-11-09 11:08:05,736 - INFO  - Validation [  100/  391]   Loss 14.380724   Top1 0.000000   Top5 0.390625   BatchTime 0.406841   
2022-11-09 11:08:09,632 - INFO  - Validation [  120/  391]   Loss 14.250722   Top1 0.000000   Top5 0.976562   BatchTime 0.371496   
2022-11-09 11:08:13,456 - INFO  - Validation [  140/  391]   Loss 14.492206   Top1 0.000000   Top5 0.837054   BatchTime 0.345738   
2022-11-09 11:08:17,368 - INFO  - Validation [  160/  391]   Loss 14.361137   Top1 0.000000   Top5 0.732422   BatchTime 0.326971   
2022-11-09 11:08:21,299 - INFO  - Validation [  180/  391]   Loss 14.331922   Top1 0.000000   Top5 0.651042   BatchTime 0.312483   
2022-11-09 11:08:25,077 - INFO  - Validation [  200/  391]   Loss 14.356059   Top1 0.000000   Top5 0.585938   BatchTime 0.300121   
2022-11-09 11:08:28,933 - INFO  - Validation [  220/  391]   Loss 14.418349   Top1 0.000000   Top5 0.532670   BatchTime 0.290365   
2022-11-09 11:08:32,821 - INFO  - Validation [  240/  391]   Loss 14.450097   Top1 0.000000   Top5 0.488281   BatchTime 0.282371   
2022-11-09 11:08:36,654 - INFO  - Validation [  260/  391]   Loss 14.450422   Top1 0.000000   Top5 0.450721   BatchTime 0.275389   
2022-11-09 11:08:40,468 - INFO  - Validation [  280/  391]   Loss 14.487037   Top1 0.000000   Top5 0.418527   BatchTime 0.269341   
2022-11-09 11:08:44,340 - INFO  - Validation [  300/  391]   Loss 14.465548   Top1 0.130208   Top5 0.520833   BatchTime 0.264291   
2022-11-09 11:08:48,011 - INFO  - Validation [  320/  391]   Loss 14.510893   Top1 0.122070   Top5 0.488281   BatchTime 0.259245   
2022-11-09 11:08:51,480 - INFO  - Validation [  340/  391]   Loss 14.466570   Top1 0.114890   Top5 0.574449   BatchTime 0.254200   
2022-11-09 11:08:54,899 - INFO  - Validation [  360/  391]   Loss 14.408041   Top1 0.108507   Top5 0.542535   BatchTime 0.249573   
2022-11-09 11:09:00,039 - INFO  - Validation [  380/  391]   Loss 14.506852   Top1 0.102796   Top5 0.513980   BatchTime 0.249964   
2022-11-09 11:09:02,370 - INFO  - ==> Top1: 0.100    Top5: 0.500    Loss: 14.557

2022-11-09 11:09:02,397 - INFO  - Scoreboard best 1 ==> Epoch [-1][Top1: 0.100   Top5: 0.500] Sparsity : 0.060
2022-11-09 11:09:02,397 - INFO  - >>>>>>>> Epoch   0
2022-11-09 11:09:02,398 - INFO  - Training: 1281167 samples (128 per mini-batch)
2022-11-09 11:09:17,705 - INFO  - Training [0][   20/10010]   Loss 6.168072   Top1 5.117188   Top5 13.984375   BatchTime 0.765333   LR 0.005000   
2022-11-09 11:09:26,876 - INFO  - Training [0][   40/10010]   Loss 5.941467   Top1 5.664062   Top5 16.015625   BatchTime 0.611952   LR 0.005000   
2022-11-09 11:09:35,998 - INFO  - Training [0][   60/10010]   Loss 5.686284   Top1 7.291667   Top5 19.414062   BatchTime 0.559993   LR 0.005000   
2022-11-09 11:09:45,182 - INFO  - Training [0][   80/10010]   Loss 5.431379   Top1 9.082031   Top5 22.988281   BatchTime 0.534798   LR 0.005000   
2022-11-09 11:09:54,324 - INFO  - Training [0][  100/10010]   Loss 5.213562   Top1 10.656250   Top5 26.156250   BatchTime 0.519261   LR 0.005000   
2022-11-09 11:10:03,455 - INFO  - Training [0][  120/10010]   Loss 5.024134   Top1 12.571615   Top5 28.990885   BatchTime 0.508803   LR 0.005000   
2022-11-09 11:10:12,540 - INFO  - Training [0][  140/10010]   Loss 4.866898   Top1 13.984375   Top5 31.344866   BatchTime 0.501013   LR 0.005000   
2022-11-09 11:10:21,538 - INFO  - Training [0][  160/10010]   Loss 4.729332   Top1 15.400391   Top5 33.432617   BatchTime 0.494620   LR 0.005000   
2022-11-09 11:10:30,556 - INFO  - Training [0][  180/10010]   Loss 4.626408   Top1 16.440972   Top5 34.973958   BatchTime 0.489765   LR 0.005000   
2022-11-09 11:10:39,596 - INFO  - Training [0][  200/10010]   Loss 4.529804   Top1 17.375000   Top5 36.476562   BatchTime 0.485986   LR 0.005000   
2022-11-09 11:10:48,605 - INFO  - Training [0][  220/10010]   Loss 4.439526   Top1 18.512074   Top5 37.755682   BatchTime 0.482758   LR 0.005000   
2022-11-09 11:10:57,645 - INFO  - Training [0][  240/10010]   Loss 4.354887   Top1 19.534505   Top5 39.046224   BatchTime 0.480193   LR 0.005000   
2022-11-09 11:11:06,703 - INFO  - Training [0][  260/10010]   Loss 4.282046   Top1 20.453726   Top5 40.213341   BatchTime 0.478091   LR 0.005000   
2022-11-09 11:11:15,705 - INFO  - Training [0][  280/10010]   Loss 4.226646   Top1 21.110491   Top5 41.185826   BatchTime 0.476094   LR 0.005000   
2022-11-09 11:11:24,723 - INFO  - Training [0][  300/10010]   Loss 4.155769   Top1 21.986979   Top5 42.257812   BatchTime 0.474415   LR 0.005000   
2022-11-09 11:11:33,728 - INFO  - Training [0][  320/10010]   Loss 4.087132   Top1 22.717285   Top5 43.361816   BatchTime 0.472903   LR 0.005000   
2022-11-09 11:11:42,780 - INFO  - Training [0][  340/10010]   Loss 4.033655   Top1 23.338695   Top5 44.285386   BatchTime 0.471710   LR 0.005000   
2022-11-09 11:11:51,808 - INFO  - Training [0][  360/10010]   Loss 3.982322   Top1 23.923611   Top5 45.136719   BatchTime 0.470580   LR 0.005000   
2022-11-09 11:12:00,860 - INFO  - Training [0][  380/10010]   Loss 3.939262   Top1 24.535362   Top5 45.875822   BatchTime 0.469635   LR 0.005000   
2022-11-09 11:12:10,046 - INFO  - Training [0][  400/10010]   Loss 3.893216   Top1 25.140625   Top5 46.695312   BatchTime 0.469118   LR 0.005000   
2022-11-09 11:12:19,084 - INFO  - Training [0][  420/10010]   Loss 3.845973   Top1 25.784970   Top5 47.473958   BatchTime 0.468297   LR 0.005000   
2022-11-09 11:12:28,101 - INFO  - Training [0][  440/10010]   Loss 3.803810   Top1 26.383168   Top5 48.183594   BatchTime 0.467504   LR 0.005000   
2022-11-09 11:12:37,114 - INFO  - Training [0][  460/10010]   Loss 3.765041   Top1 26.897079   Top5 48.828125   BatchTime 0.466771   LR 0.005000   
2022-11-09 11:12:46,135 - INFO  - Training [0][  480/10010]   Loss 3.727922   Top1 27.387695   Top5 49.459635   BatchTime 0.466116   LR 0.005000   
2022-11-09 11:12:55,180 - INFO  - Training [0][  500/10010]   Loss 3.689226   Top1 27.889063   Top5 50.081250   BatchTime 0.465560   LR 0.005000   
2022-11-09 11:13:04,205 - INFO  - Training [0][  520/10010]   Loss 3.657726   Top1 28.326322   Top5 50.620493   BatchTime 0.465010   LR 0.005000   
2022-11-09 11:13:13,232 - INFO  - Training [0][  540/10010]   Loss 3.629405   Top1 28.709491   Top5 51.079282   BatchTime 0.464505   LR 0.005000   
2022-11-09 11:13:22,291 - INFO  - Training [0][  560/10010]   Loss 3.602967   Top1 29.020647   Top5 51.501116   BatchTime 0.464092   LR 0.005000   
2022-11-09 11:13:31,311 - INFO  - Training [0][  580/10010]   Loss 3.574579   Top1 29.376347   Top5 51.996228   BatchTime 0.463640   LR 0.005000   
2022-11-09 11:13:40,347 - INFO  - Training [0][  600/10010]   Loss 3.547553   Top1 29.700521   Top5 52.484375   BatchTime 0.463244   LR 0.005000   
2022-11-09 11:13:49,407 - INFO  - Training [0][  620/10010]   Loss 3.521571   Top1 30.064264   Top5 52.883065   BatchTime 0.462914   LR 0.005000   
2022-11-09 11:13:58,436 - INFO  - Training [0][  640/10010]   Loss 3.496766   Top1 30.360107   Top5 53.347168   BatchTime 0.462556   LR 0.005000   
2022-11-09 11:14:07,459 - INFO  - Training [0][  660/10010]   Loss 3.475058   Top1 30.662879   Top5 53.732244   BatchTime 0.462211   LR 0.005000   
2022-11-09 11:14:16,486 - INFO  - Training [0][  680/10010]   Loss 3.453229   Top1 30.975414   Top5 54.076287   BatchTime 0.461890   LR 0.005000   
2022-11-09 11:14:25,525 - INFO  - Training [0][  700/10010]   Loss 3.432752   Top1 31.276786   Top5 54.434152   BatchTime 0.461606   LR 0.005000   
2022-11-09 11:14:34,589 - INFO  - Training [0][  720/10010]   Loss 3.410571   Top1 31.580946   Top5 54.807943   BatchTime 0.461373   LR 0.005000   
2022-11-09 11:14:43,631 - INFO  - Training [0][  740/10010]   Loss 3.389371   Top1 31.869721   Top5 55.162584   BatchTime 0.461122   LR 0.005000   
2022-11-09 11:14:52,655 - INFO  - Training [0][  760/10010]   Loss 3.371299   Top1 32.098067   Top5 55.476974   BatchTime 0.460860   LR 0.005000   
2022-11-09 11:15:01,689 - INFO  - Training [0][  780/10010]   Loss 3.353303   Top1 32.361779   Top5 55.770232   BatchTime 0.460626   LR 0.005000   
2022-11-09 11:15:10,733 - INFO  - Training [0][  800/10010]   Loss 3.339260   Top1 32.570312   Top5 56.013672   BatchTime 0.460416   LR 0.005000   
2022-11-09 11:15:19,796 - INFO  - Training [0][  820/10010]   Loss 3.324405   Top1 32.763910   Top5 56.281441   BatchTime 0.460238   LR 0.005000   
2022-11-09 11:15:28,835 - INFO  - Training [0][  840/10010]   Loss 3.307514   Top1 33.044085   Top5 56.583891   BatchTime 0.460041   LR 0.005000   
2022-11-09 11:15:37,893 - INFO  - Training [0][  860/10010]   Loss 3.291545   Top1 33.276708   Top5 56.848656   BatchTime 0.459874   LR 0.005000   
2022-11-09 11:15:46,940 - INFO  - Training [0][  880/10010]   Loss 3.277345   Top1 33.496982   Top5 57.083629   BatchTime 0.459703   LR 0.005000   
2022-11-09 11:15:55,977 - INFO  - Training [0][  900/10010]   Loss 3.264571   Top1 33.682292   Top5 57.295139   BatchTime 0.459529   LR 0.005000   
2022-11-09 11:16:05,039 - INFO  - Training [0][  920/10010]   Loss 3.251543   Top1 33.866338   Top5 57.522079   BatchTime 0.459389   LR 0.005000   
2022-11-09 11:16:14,107 - INFO  - Training [0][  940/10010]   Loss 3.237693   Top1 34.060838   Top5 57.747673   BatchTime 0.459261   LR 0.005000   
2022-11-09 11:16:23,181 - INFO  - Training [0][  960/10010]   Loss 3.226511   Top1 34.195964   Top5 57.937012   BatchTime 0.459146   LR 0.005000   
2022-11-09 11:16:32,239 - INFO  - Training [0][  980/10010]   Loss 3.213240   Top1 34.392538   Top5 58.153699   BatchTime 0.459018   LR 0.005000   
2022-11-09 11:16:41,293 - INFO  - Training [0][ 1000/10010]   Loss 3.200592   Top1 34.562500   Top5 58.353125   BatchTime 0.458892   LR 0.005000   
2022-11-09 11:16:50,369 - INFO  - Training [0][ 1020/10010]   Loss 3.190228   Top1 34.692096   Top5 58.536305   BatchTime 0.458792   LR 0.005000   
2022-11-09 11:16:59,401 - INFO  - Training [0][ 1040/10010]   Loss 3.180197   Top1 34.813702   Top5 58.701923   BatchTime 0.458654   LR 0.005000   
2022-11-09 11:17:08,458 - INFO  - Training [0][ 1060/10010]   Loss 3.169574   Top1 34.968308   Top5 58.890772   BatchTime 0.458544   LR 0.005000   
2022-11-09 11:17:17,503 - INFO  - Training [0][ 1080/10010]   Loss 3.160350   Top1 35.093316   Top5 59.043692   BatchTime 0.458427   LR 0.005000   
2022-11-09 11:17:26,553 - INFO  - Training [0][ 1100/10010]   Loss 3.150539   Top1 35.244318   Top5 59.186790   BatchTime 0.458319   LR 0.005000   
2022-11-09 11:17:35,632 - INFO  - Training [0][ 1120/10010]   Loss 3.141613   Top1 35.369001   Top5 59.333845   BatchTime 0.458241   LR 0.005000   
2022-11-09 11:17:44,706 - INFO  - Training [0][ 1140/10010]   Loss 3.131487   Top1 35.500959   Top5 59.518229   BatchTime 0.458162   LR 0.005000   
2022-11-09 11:17:53,758 - INFO  - Training [0][ 1160/10010]   Loss 3.120877   Top1 35.641164   Top5 59.685480   BatchTime 0.458066   LR 0.005000   
2022-11-09 11:18:02,810 - INFO  - Training [0][ 1180/10010]   Loss 3.110888   Top1 35.786547   Top5 59.845736   BatchTime 0.457972   LR 0.005000   
2022-11-09 11:18:11,880 - INFO  - Training [0][ 1200/10010]   Loss 3.102268   Top1 35.926432   Top5 60.001302   BatchTime 0.457899   LR 0.005000   
2022-11-09 11:18:20,904 - INFO  - Training [0][ 1220/10010]   Loss 3.093861   Top1 36.045082   Top5 60.157531   BatchTime 0.457789   LR 0.005000   
2022-11-09 11:18:29,945 - INFO  - Training [0][ 1240/10010]   Loss 3.087141   Top1 36.158644   Top5 60.271547   BatchTime 0.457695   LR 0.005000   
2022-11-09 11:18:38,985 - INFO  - Training [0][ 1260/10010]   Loss 3.079725   Top1 36.292783   Top5 60.393725   BatchTime 0.457606   LR 0.005000   
2022-11-09 11:18:48,024 - INFO  - Training [0][ 1280/10010]   Loss 3.073167   Top1 36.387329   Top5 60.494995   BatchTime 0.457517   LR 0.005000   
2022-11-09 11:18:57,187 - INFO  - Training [0][ 1300/10010]   Loss 3.067491   Top1 36.474760   Top5 60.585337   BatchTime 0.457527   LR 0.005000   
2022-11-09 11:19:06,215 - INFO  - Training [0][ 1320/10010]   Loss 3.062331   Top1 36.549479   Top5 60.668797   BatchTime 0.457434   LR 0.005000   
2022-11-09 11:19:15,262 - INFO  - Training [0][ 1340/10010]   Loss 3.055894   Top1 36.647038   Top5 60.769590   BatchTime 0.457357   LR 0.005000   
2022-11-09 11:19:24,292 - INFO  - Training [0][ 1360/10010]   Loss 3.050087   Top1 36.742877   Top5 60.859949   BatchTime 0.457271   LR 0.005000   
2022-11-09 11:19:33,339 - INFO  - Training [0][ 1380/10010]   Loss 3.043585   Top1 36.836504   Top5 60.961277   BatchTime 0.457200   LR 0.005000   
2022-11-09 11:19:42,403 - INFO  - Training [0][ 1400/10010]   Loss 3.037192   Top1 36.922433   Top5 61.061942   BatchTime 0.457143   LR 0.005000   
2022-11-09 11:19:51,467 - INFO  - Training [0][ 1420/10010]   Loss 3.031775   Top1 36.993838   Top5 61.148217   BatchTime 0.457087   LR 0.005000   
2022-11-09 11:20:00,498 - INFO  - Training [0][ 1440/10010]   Loss 3.026357   Top1 37.070312   Top5 61.238607   BatchTime 0.457010   LR 0.005000   
2022-11-09 11:20:09,528 - INFO  - Training [0][ 1460/10010]   Loss 3.020532   Top1 37.148973   Top5 61.340432   BatchTime 0.456935   LR 0.005000   
2022-11-09 11:20:18,593 - INFO  - Training [0][ 1480/10010]   Loss 3.016293   Top1 37.214949   Top5 61.431588   BatchTime 0.456885   LR 0.005000   
2022-11-09 11:20:27,649 - INFO  - Training [0][ 1500/10010]   Loss 3.010113   Top1 37.305208   Top5 61.527083   BatchTime 0.456831   LR 0.005000   
2022-11-09 11:20:36,682 - INFO  - Training [0][ 1520/10010]   Loss 3.007092   Top1 37.346834   Top5 61.570724   BatchTime 0.456762   LR 0.005000   
2022-11-09 11:20:45,728 - INFO  - Training [0][ 1540/10010]   Loss 3.003045   Top1 37.401583   Top5 61.636059   BatchTime 0.456704   LR 0.005000   
2022-11-09 11:20:54,759 - INFO  - Training [0][ 1560/10010]   Loss 2.997988   Top1 37.487480   Top5 61.711238   BatchTime 0.456638   LR 0.005000   
2022-11-09 11:21:03,795 - INFO  - Training [0][ 1580/10010]   Loss 2.994102   Top1 37.543513   Top5 61.773635   BatchTime 0.456577   LR 0.005000   
2022-11-09 11:21:12,839 - INFO  - Training [0][ 1600/10010]   Loss 2.990422   Top1 37.590332   Top5 61.840332   BatchTime 0.456522   LR 0.005000   
2022-11-09 11:21:21,874 - INFO  - Training [0][ 1620/10010]   Loss 2.986110   Top1 37.657215   Top5 61.911169   BatchTime 0.456463   LR 0.005000   
2022-11-09 11:21:30,912 - INFO  - Training [0][ 1640/10010]   Loss 2.980688   Top1 37.730564   Top5 62.002668   BatchTime 0.456407   LR 0.005000   
2022-11-09 11:21:39,955 - INFO  - Training [0][ 1660/10010]   Loss 2.976584   Top1 37.784262   Top5 62.072195   BatchTime 0.456356   LR 0.005000   
2022-11-09 11:21:48,974 - INFO  - Training [0][ 1680/10010]   Loss 2.972585   Top1 37.834821   Top5 62.137742   BatchTime 0.456292   LR 0.005000   
2022-11-09 11:21:58,021 - INFO  - Training [0][ 1700/10010]   Loss 2.969687   Top1 37.876379   Top5 62.187500   BatchTime 0.456245   LR 0.005000   
2022-11-09 11:22:07,067 - INFO  - Training [0][ 1720/10010]   Loss 2.967169   Top1 37.908794   Top5 62.225200   BatchTime 0.456199   LR 0.005000   
2022-11-09 11:22:16,100 - INFO  - Training [0][ 1740/10010]   Loss 2.965197   Top1 37.953484   Top5 62.249461   BatchTime 0.456147   LR 0.005000   
2022-11-09 11:22:25,119 - INFO  - Training [0][ 1760/10010]   Loss 2.964027   Top1 37.958097   Top5 62.263406   BatchTime 0.456088   LR 0.005000   
2022-11-09 11:22:34,156 - INFO  - Training [0][ 1780/10010]   Loss 2.962045   Top1 37.992451   Top5 62.301615   BatchTime 0.456040   LR 0.005000   
2022-11-09 11:22:43,207 - INFO  - Training [0][ 1800/10010]   Loss 2.959651   Top1 38.023003   Top5 62.340278   BatchTime 0.456001   LR 0.005000   
2022-11-09 11:22:52,259 - INFO  - Training [0][ 1820/10010]   Loss 2.957294   Top1 38.060182   Top5 62.372940   BatchTime 0.455964   LR 0.005000   
2022-11-09 11:23:01,298 - INFO  - Training [0][ 1840/10010]   Loss 2.954887   Top1 38.085513   Top5 62.410836   BatchTime 0.455920   LR 0.005000   
2022-11-09 11:23:10,330 - INFO  - Training [0][ 1860/10010]   Loss 2.952230   Top1 38.116179   Top5 62.451277   BatchTime 0.455874   LR 0.005000   
2022-11-09 11:23:19,367 - INFO  - Training [0][ 1880/10010]   Loss 2.949221   Top1 38.156582   Top5 62.510805   BatchTime 0.455831   LR 0.005000   
2022-11-09 11:23:28,414 - INFO  - Training [0][ 1900/10010]   Loss 2.946472   Top1 38.195724   Top5 62.553043   BatchTime 0.455794   LR 0.005000   
2022-11-09 11:23:37,439 - INFO  - Training [0][ 1920/10010]   Loss 2.944537   Top1 38.212077   Top5 62.584229   BatchTime 0.455747   LR 0.005000   
2022-11-09 11:23:46,483 - INFO  - Training [0][ 1940/10010]   Loss 2.941492   Top1 38.249436   Top5 62.635309   BatchTime 0.455710   LR 0.005000   
2022-11-09 11:23:55,504 - INFO  - Training [0][ 1960/10010]   Loss 2.940229   Top1 38.268096   Top5 62.663425   BatchTime 0.455663   LR 0.005000   
2022-11-09 11:24:04,527 - INFO  - Training [0][ 1980/10010]   Loss 2.937803   Top1 38.288352   Top5 62.699258   BatchTime 0.455617   LR 0.005000   
2022-11-09 11:24:13,554 - INFO  - Training [0][ 2000/10010]   Loss 2.935949   Top1 38.308594   Top5 62.731641   BatchTime 0.455575   LR 0.005000   
2022-11-09 11:24:22,594 - INFO  - Training [0][ 2020/10010]   Loss 2.934490   Top1 38.335396   Top5 62.754486   BatchTime 0.455539   LR 0.005000   
2022-11-09 11:24:31,640 - INFO  - Training [0][ 2040/10010]   Loss 2.932790   Top1 38.364354   Top5 62.784926   BatchTime 0.455507   LR 0.005000   
2022-11-09 11:24:40,685 - INFO  - Training [0][ 2060/10010]   Loss 2.930682   Top1 38.394266   Top5 62.822740   BatchTime 0.455475   LR 0.005000   
2022-11-09 11:24:49,726 - INFO  - Training [0][ 2080/10010]   Loss 2.928792   Top1 38.431866   Top5 62.854943   BatchTime 0.455442   LR 0.005000   
2022-11-09 11:24:58,774 - INFO  - Training [0][ 2100/10010]   Loss 2.926431   Top1 38.460193   Top5 62.894717   BatchTime 0.455414   LR 0.005000   
2022-11-09 11:25:07,811 - INFO  - Training [0][ 2120/10010]   Loss 2.925119   Top1 38.487249   Top5 62.910156   BatchTime 0.455380   LR 0.005000   
2022-11-09 11:25:16,858 - INFO  - Training [0][ 2140/10010]   Loss 2.923374   Top1 38.509784   Top5 62.939544   BatchTime 0.455352   LR 0.005000   
2022-11-09 11:25:25,932 - INFO  - Training [0][ 2160/10010]   Loss 2.921154   Top1 38.537688   Top5 62.977792   BatchTime 0.455336   LR 0.005000   
2022-11-09 11:25:35,000 - INFO  - Training [0][ 2180/10010]   Loss 2.918624   Top1 38.576190   Top5 63.008529   BatchTime 0.455318   LR 0.005000   
2022-11-09 11:25:44,166 - INFO  - Training [0][ 2200/10010]   Loss 2.917713   Top1 38.572088   Top5 63.029830   BatchTime 0.455346   LR 0.005000   
2022-11-09 11:25:53,213 - INFO  - Training [0][ 2220/10010]   Loss 2.916678   Top1 38.582489   Top5 63.050394   BatchTime 0.455319   LR 0.005000   
2022-11-09 11:26:02,268 - INFO  - Training [0][ 2240/10010]   Loss 2.916580   Top1 38.580845   Top5 63.057338   BatchTime 0.455296   LR 0.005000   
2022-11-09 11:26:11,305 - INFO  - Training [0][ 2260/10010]   Loss 2.915705   Top1 38.597207   Top5 63.076604   BatchTime 0.455265   LR 0.005000   
2022-11-09 11:26:20,341 - INFO  - Training [0][ 2280/10010]   Loss 2.915155   Top1 38.601631   Top5 63.084567   BatchTime 0.455235   LR 0.005000   
2022-11-09 11:26:29,387 - INFO  - Training [0][ 2300/10010]   Loss 2.914393   Top1 38.605639   Top5 63.093410   BatchTime 0.455209   LR 0.005000   
2022-11-09 11:26:38,417 - INFO  - Training [0][ 2320/10010]   Loss 2.913106   Top1 38.622037   Top5 63.116245   BatchTime 0.455177   LR 0.005000   
2022-11-09 11:26:47,478 - INFO  - Training [0][ 2340/10010]   Loss 2.910897   Top1 38.650507   Top5 63.155048   BatchTime 0.455159   LR 0.005000   
2022-11-09 11:26:56,538 - INFO  - Training [0][ 2360/10010]   Loss 2.909496   Top1 38.669558   Top5 63.183925   BatchTime 0.455140   LR 0.005000   
2022-11-09 11:27:05,609 - INFO  - Training [0][ 2380/10010]   Loss 2.908455   Top1 38.683036   Top5 63.197216   BatchTime 0.455127   LR 0.005000   
2022-11-09 11:27:14,695 - INFO  - Training [0][ 2400/10010]   Loss 2.906654   Top1 38.708659   Top5 63.225911   BatchTime 0.455120   LR 0.005000   
2022-11-09 11:27:23,773 - INFO  - Training [0][ 2420/10010]   Loss 2.906265   Top1 38.711260   Top5 63.231534   BatchTime 0.455110   LR 0.005000   
2022-11-09 11:27:32,838 - INFO  - Training [0][ 2440/10010]   Loss 2.904821   Top1 38.734311   Top5 63.257556   BatchTime 0.455095   LR 0.005000   
2022-11-09 11:27:41,880 - INFO  - Training [0][ 2460/10010]   Loss 2.903863   Top1 38.747777   Top5 63.273628   BatchTime 0.455070   LR 0.005000   
2022-11-09 11:27:50,934 - INFO  - Training [0][ 2480/10010]   Loss 2.903238   Top1 38.750315   Top5 63.276525   BatchTime 0.455051   LR 0.005000   
2022-11-09 11:27:59,974 - INFO  - Training [0][ 2500/10010]   Loss 2.903047   Top1 38.744687   Top5 63.276875   BatchTime 0.455027   LR 0.005000   
2022-11-09 11:28:09,030 - INFO  - Training [0][ 2520/10010]   Loss 2.902424   Top1 38.749380   Top5 63.282180   BatchTime 0.455009   LR 0.005000   
2022-11-09 11:28:18,089 - INFO  - Training [0][ 2540/10010]   Loss 2.901878   Top1 38.752461   Top5 63.283711   BatchTime 0.454993   LR 0.005000   
2022-11-09 11:28:27,146 - INFO  - Training [0][ 2560/10010]   Loss 2.901322   Top1 38.759460   Top5 63.294678   BatchTime 0.454976   LR 0.005000   
2022-11-09 11:28:36,207 - INFO  - Training [0][ 2580/10010]   Loss 2.900836   Top1 38.765443   Top5 63.308806   BatchTime 0.454961   LR 0.005000   
2022-11-09 11:28:45,288 - INFO  - Training [0][ 2600/10010]   Loss 2.900362   Top1 38.769231   Top5 63.313401   BatchTime 0.454954   LR 0.005000   
2022-11-09 11:28:54,348 - INFO  - Training [0][ 2620/10010]   Loss 2.900264   Top1 38.762226   Top5 63.315542   BatchTime 0.454939   LR 0.005000   
2022-11-09 11:29:03,368 - INFO  - Training [0][ 2640/10010]   Loss 2.899906   Top1 38.769235   Top5 63.317945   BatchTime 0.454909   LR 0.005000   
2022-11-09 11:29:12,419 - INFO  - Training [0][ 2660/10010]   Loss 2.899437   Top1 38.767916   Top5 63.326187   BatchTime 0.454891   LR 0.005000   
2022-11-09 11:29:21,471 - INFO  - Training [0][ 2680/10010]   Loss 2.899011   Top1 38.765159   Top5 63.334014   BatchTime 0.454874   LR 0.005000   
2022-11-09 11:29:30,496 - INFO  - Training [0][ 2700/10010]   Loss 2.898582   Top1 38.766493   Top5 63.344907   BatchTime 0.454848   LR 0.005000   
2022-11-09 11:29:39,546 - INFO  - Training [0][ 2720/10010]   Loss 2.898287   Top1 38.767521   Top5 63.354779   BatchTime 0.454830   LR 0.005000   
2022-11-09 11:29:48,595 - INFO  - Training [0][ 2740/10010]   Loss 2.897943   Top1 38.767393   Top5 63.357949   BatchTime 0.454813   LR 0.005000   
2022-11-09 11:29:57,664 - INFO  - Training [0][ 2760/10010]   Loss 2.896966   Top1 38.769248   Top5 63.374660   BatchTime 0.454803   LR 0.005000   
2022-11-09 11:30:06,719 - INFO  - Training [0][ 2780/10010]   Loss 2.896756   Top1 38.781475   Top5 63.381857   BatchTime 0.454788   LR 0.005000   
2022-11-09 11:30:15,742 - INFO  - Training [0][ 2800/10010]   Loss 2.895758   Top1 38.791295   Top5 63.397042   BatchTime 0.454762   LR 0.005000   
2022-11-09 11:30:24,776 - INFO  - Training [0][ 2820/10010]   Loss 2.894813   Top1 38.802914   Top5 63.408688   BatchTime 0.454740   LR 0.005000   
2022-11-09 11:30:33,812 - INFO  - Training [0][ 2840/10010]   Loss 2.894402   Top1 38.791813   Top5 63.421270   BatchTime 0.454720   LR 0.005000   
2022-11-09 11:30:42,864 - INFO  - Training [0][ 2860/10010]   Loss 2.894277   Top1 38.784146   Top5 63.421930   BatchTime 0.454705   LR 0.005000   
2022-11-09 11:30:51,937 - INFO  - Training [0][ 2880/10010]   Loss 2.894032   Top1 38.789605   Top5 63.426378   BatchTime 0.454698   LR 0.005000   
2022-11-09 11:31:00,951 - INFO  - Training [0][ 2900/10010]   Loss 2.894112   Top1 38.790679   Top5 63.424030   BatchTime 0.454670   LR 0.005000   
2022-11-09 11:31:09,993 - INFO  - Training [0][ 2920/10010]   Loss 2.893590   Top1 38.791203   Top5 63.432952   BatchTime 0.454652   LR 0.005000   
2022-11-09 11:31:19,058 - INFO  - Training [0][ 2940/10010]   Loss 2.893680   Top1 38.793580   Top5 63.427402   BatchTime 0.454643   LR 0.005000   
2022-11-09 11:31:28,106 - INFO  - Training [0][ 2960/10010]   Loss 2.894054   Top1 38.783256   Top5 63.423775   BatchTime 0.454627   LR 0.005000   
2022-11-09 11:31:37,131 - INFO  - Training [0][ 2980/10010]   Loss 2.893665   Top1 38.789849   Top5 63.430422   BatchTime 0.454605   LR 0.005000   
2022-11-09 11:31:46,202 - INFO  - Training [0][ 3000/10010]   Loss 2.893584   Top1 38.784115   Top5 63.427344   BatchTime 0.454598   LR 0.005000   
2022-11-09 11:31:55,251 - INFO  - Training [0][ 3020/10010]   Loss 2.893608   Top1 38.780267   Top5 63.423272   BatchTime 0.454583   LR 0.005000   
2022-11-09 11:32:04,319 - INFO  - Training [0][ 3040/10010]   Loss 2.893030   Top1 38.788035   Top5 63.428762   BatchTime 0.454576   LR 0.005000   
2022-11-09 11:32:13,348 - INFO  - Training [0][ 3060/10010]   Loss 2.892250   Top1 38.795701   Top5 63.438266   BatchTime 0.454555   LR 0.005000   
2022-11-09 11:32:22,379 - INFO  - Training [0][ 3080/10010]   Loss 2.892329   Top1 38.787287   Top5 63.435217   BatchTime 0.454536   LR 0.005000   
2022-11-09 11:32:31,414 - INFO  - Training [0][ 3100/10010]   Loss 2.892070   Top1 38.785786   Top5 63.438004   BatchTime 0.454518   LR 0.005000   
2022-11-09 11:32:40,586 - INFO  - Training [0][ 3120/10010]   Loss 2.891559   Top1 38.800080   Top5 63.448267   BatchTime 0.454544   LR 0.005000   
2022-11-09 11:32:49,624 - INFO  - Training [0][ 3140/10010]   Loss 2.891268   Top1 38.801752   Top5 63.454916   BatchTime 0.454527   LR 0.005000   
2022-11-09 11:32:58,677 - INFO  - Training [0][ 3160/10010]   Loss 2.891150   Top1 38.801424   Top5 63.459998   BatchTime 0.454515   LR 0.005000   
2022-11-09 11:33:07,735 - INFO  - Training [0][ 3180/10010]   Loss 2.891283   Top1 38.806014   Top5 63.461822   BatchTime 0.454505   LR 0.005000   
2022-11-09 11:33:16,787 - INFO  - Training [0][ 3200/10010]   Loss 2.891209   Top1 38.801514   Top5 63.462646   BatchTime 0.454493   LR 0.005000   
2022-11-09 11:33:25,828 - INFO  - Training [0][ 3220/10010]   Loss 2.891587   Top1 38.791489   Top5 63.462248   BatchTime 0.454478   LR 0.005000   
2022-11-09 11:33:34,880 - INFO  - Training [0][ 3240/10010]   Loss 2.891552   Top1 38.786169   Top5 63.455584   BatchTime 0.454466   LR 0.005000   
2022-11-09 11:33:43,922 - INFO  - Training [0][ 3260/10010]   Loss 2.891011   Top1 38.790021   Top5 63.460746   BatchTime 0.454451   LR 0.005000   
2022-11-09 11:33:52,972 - INFO  - Training [0][ 3280/10010]   Loss 2.890919   Top1 38.792159   Top5 63.466082   BatchTime 0.454440   LR 0.005000   
2022-11-09 11:34:02,053 - INFO  - Training [0][ 3300/10010]   Loss 2.891546   Top1 38.780540   Top5 63.457623   BatchTime 0.454437   LR 0.005000   
2022-11-09 11:34:11,095 - INFO  - Training [0][ 3320/10010]   Loss 2.891515   Top1 38.779179   Top5 63.455384   BatchTime 0.454423   LR 0.005000   
2022-11-09 11:34:20,124 - INFO  - Training [0][ 3340/10010]   Loss 2.891666   Top1 38.775262   Top5 63.450365   BatchTime 0.454405   LR 0.005000   
2022-11-09 11:34:29,160 - INFO  - Training [0][ 3360/10010]   Loss 2.891755   Top1 38.772089   Top5 63.452846   BatchTime 0.454390   LR 0.005000   
2022-11-09 11:34:38,231 - INFO  - Training [0][ 3380/10010]   Loss 2.891094   Top1 38.780048   Top5 63.468473   BatchTime 0.454385   LR 0.005000   
2022-11-09 11:34:47,297 - INFO  - Training [0][ 3400/10010]   Loss 2.891016   Top1 38.783548   Top5 63.470588   BatchTime 0.454378   LR 0.005000   
2022-11-09 11:34:56,336 - INFO  - Training [0][ 3420/10010]   Loss 2.891057   Top1 38.783808   Top5 63.471080   BatchTime 0.454364   LR 0.005000   
2022-11-09 11:35:05,388 - INFO  - Training [0][ 3440/10010]   Loss 2.891891   Top1 38.766125   Top5 63.454987   BatchTime 0.454354   LR 0.005000   
2022-11-09 11:35:14,453 - INFO  - Training [0][ 3460/10010]   Loss 2.892709   Top1 38.751806   Top5 63.441339   BatchTime 0.454348   LR 0.005000   
2022-11-09 11:35:23,501 - INFO  - Training [0][ 3480/10010]   Loss 2.892606   Top1 38.752020   Top5 63.445357   BatchTime 0.454336   LR 0.005000   
2022-11-09 11:35:32,537 - INFO  - Training [0][ 3500/10010]   Loss 2.892934   Top1 38.741964   Top5 63.441295   BatchTime 0.454322   LR 0.005000   
2022-11-09 11:35:41,570 - INFO  - Training [0][ 3520/10010]   Loss 2.892791   Top1 38.742232   Top5 63.446378   BatchTime 0.454306   LR 0.005000   
2022-11-09 11:35:50,630 - INFO  - Training [0][ 3540/10010]   Loss 2.892467   Top1 38.742496   Top5 63.449859   BatchTime 0.454299   LR 0.005000   
2022-11-09 11:35:59,685 - INFO  - Training [0][ 3560/10010]   Loss 2.892738   Top1 38.739466   Top5 63.445839   BatchTime 0.454290   LR 0.005000   
2022-11-09 11:36:08,709 - INFO  - Training [0][ 3580/10010]   Loss 2.893158   Top1 38.737561   Top5 63.437282   BatchTime 0.454273   LR 0.005000   
2022-11-09 11:36:17,746 - INFO  - Training [0][ 3600/10010]   Loss 2.893307   Top1 38.729818   Top5 63.438151   BatchTime 0.454260   LR 0.005000   
2022-11-09 11:36:26,775 - INFO  - Training [0][ 3620/10010]   Loss 2.894084   Top1 38.718059   Top5 63.423904   BatchTime 0.454244   LR 0.005000   
2022-11-09 11:36:35,825 - INFO  - Training [0][ 3640/10010]   Loss 2.894528   Top1 38.705357   Top5 63.416252   BatchTime 0.454235   LR 0.005000   
2022-11-09 11:36:44,859 - INFO  - Training [0][ 3660/10010]   Loss 2.894900   Top1 38.701119   Top5 63.409110   BatchTime 0.454221   LR 0.005000   
2022-11-09 11:36:53,902 - INFO  - Training [0][ 3680/10010]   Loss 2.894911   Top1 38.692680   Top5 63.406505   BatchTime 0.454209   LR 0.005000   
2022-11-09 11:37:02,939 - INFO  - Training [0][ 3700/10010]   Loss 2.895285   Top1 38.690667   Top5 63.398015   BatchTime 0.454197   LR 0.005000   
2022-11-09 11:37:11,995 - INFO  - Training [0][ 3720/10010]   Loss 2.895620   Top1 38.684056   Top5 63.390667   BatchTime 0.454189   LR 0.005000   
2022-11-09 11:37:21,057 - INFO  - Training [0][ 3740/10010]   Loss 2.896186   Top1 38.671248   Top5 63.383815   BatchTime 0.454183   LR 0.005000   
2022-11-09 11:37:30,121 - INFO  - Training [0][ 3760/10010]   Loss 2.896724   Top1 38.664603   Top5 63.374335   BatchTime 0.454178   LR 0.005000   
2022-11-09 11:37:39,170 - INFO  - Training [0][ 3780/10010]   Loss 2.897335   Top1 38.651000   Top5 63.361028   BatchTime 0.454169   LR 0.005000   
2022-11-09 11:37:48,262 - INFO  - Training [0][ 3800/10010]   Loss 2.897268   Top1 38.648849   Top5 63.358347   BatchTime 0.454171   LR 0.005000   
2022-11-09 11:37:57,319 - INFO  - Training [0][ 3820/10010]   Loss 2.897415   Top1 38.638948   Top5 63.357125   BatchTime 0.454164   LR 0.005000   
2022-11-09 11:38:06,373 - INFO  - Training [0][ 3840/10010]   Loss 2.898115   Top1 38.623250   Top5 63.346354   BatchTime 0.454157   LR 0.005000   
2022-11-09 11:38:15,429 - INFO  - Training [0][ 3860/10010]   Loss 2.898285   Top1 38.620466   Top5 63.339743   BatchTime 0.454149   LR 0.005000   
2022-11-09 11:38:24,512 - INFO  - Training [0][ 3880/10010]   Loss 2.898492   Top1 38.613281   Top5 63.334005   BatchTime 0.454149   LR 0.005000   
2022-11-09 11:38:33,551 - INFO  - Training [0][ 3900/10010]   Loss 2.898720   Top1 38.607171   Top5 63.328325   BatchTime 0.454138   LR 0.005000   
2022-11-09 11:38:42,584 - INFO  - Training [0][ 3920/10010]   Loss 2.899430   Top1 38.595544   Top5 63.319914   BatchTime 0.454126   LR 0.005000   
2022-11-09 11:38:51,627 - INFO  - Training [0][ 3940/10010]   Loss 2.900253   Top1 38.580465   Top5 63.305441   BatchTime 0.454115   LR 0.005000   
2022-11-09 11:39:00,661 - INFO  - Training [0][ 3960/10010]   Loss 2.900815   Top1 38.573232   Top5 63.297427   BatchTime 0.454103   LR 0.005000   
2022-11-09 11:39:09,723 - INFO  - Training [0][ 3980/10010]   Loss 2.901545   Top1 38.558810   Top5 63.285176   BatchTime 0.454098   LR 0.005000   
2022-11-09 11:39:18,772 - INFO  - Training [0][ 4000/10010]   Loss 2.901772   Top1 38.553516   Top5 63.280664   BatchTime 0.454090   LR 0.005000   
2022-11-09 11:39:27,814 - INFO  - Training [0][ 4020/10010]   Loss 2.901830   Top1 38.555076   Top5 63.280278   BatchTime 0.454080   LR 0.005000   
2022-11-09 11:39:36,990 - INFO  - Training [0][ 4040/10010]   Loss 2.902243   Top1 38.544825   Top5 63.271001   BatchTime 0.454103   LR 0.005000   
2022-11-09 11:39:46,039 - INFO  - Training [0][ 4060/10010]   Loss 2.902930   Top1 38.531404   Top5 63.260468   BatchTime 0.454095   LR 0.005000   
2022-11-09 11:39:55,082 - INFO  - Training [0][ 4080/10010]   Loss 2.903324   Top1 38.520029   Top5 63.257506   BatchTime 0.454086   LR 0.005000   
2022-11-09 11:40:04,122 - INFO  - Training [0][ 4100/10010]   Loss 2.903729   Top1 38.510671   Top5 63.247904   BatchTime 0.454075   LR 0.005000   
2022-11-09 11:40:13,158 - INFO  - Training [0][ 4120/10010]   Loss 2.904581   Top1 38.494008   Top5 63.233654   BatchTime 0.454064   LR 0.005000   
2022-11-09 11:40:22,198 - INFO  - Training [0][ 4140/10010]   Loss 2.905700   Top1 38.474298   Top5 63.218976   BatchTime 0.454054   LR 0.005000   
2022-11-09 11:40:31,244 - INFO  - Training [0][ 4160/10010]   Loss 2.906348   Top1 38.464919   Top5 63.208759   BatchTime 0.454046   LR 0.005000   
2022-11-09 11:40:40,264 - INFO  - Training [0][ 4180/10010]   Loss 2.906604   Top1 38.452639   Top5 63.206115   BatchTime 0.454031   LR 0.005000   
2022-11-09 11:40:49,304 - INFO  - Training [0][ 4200/10010]   Loss 2.906583   Top1 38.455357   Top5 63.208519   BatchTime 0.454022   LR 0.005000   
2022-11-09 11:40:58,392 - INFO  - Training [0][ 4220/10010]   Loss 2.906950   Top1 38.441758   Top5 63.199978   BatchTime 0.454023   LR 0.005000   
2022-11-09 11:41:07,443 - INFO  - Training [0][ 4240/10010]   Loss 2.907620   Top1 38.434368   Top5 63.188569   BatchTime 0.454017   LR 0.005000   
2022-11-09 11:41:16,520 - INFO  - Training [0][ 4260/10010]   Loss 2.908345   Top1 38.419711   Top5 63.174149   BatchTime 0.454016   LR 0.005000   
2022-11-09 11:41:25,567 - INFO  - Training [0][ 4280/10010]   Loss 2.908702   Top1 38.411580   Top5 63.165523   BatchTime 0.454008   LR 0.005000   
2022-11-09 11:41:34,627 - INFO  - Training [0][ 4300/10010]   Loss 2.909048   Top1 38.404433   Top5 63.159702   BatchTime 0.454003   LR 0.005000   
2022-11-09 11:41:43,669 - INFO  - Training [0][ 4320/10010]   Loss 2.909907   Top1 38.393916   Top5 63.145978   BatchTime 0.453994   LR 0.005000   
2022-11-09 11:41:52,701 - INFO  - Training [0][ 4340/10010]   Loss 2.909999   Top1 38.390157   Top5 63.147861   BatchTime 0.453983   LR 0.005000   
2022-11-09 11:42:01,728 - INFO  - Training [0][ 4360/10010]   Loss 2.910554   Top1 38.378369   Top5 63.136289   BatchTime 0.453971   LR 0.005000   
2022-11-09 11:42:10,767 - INFO  - Training [0][ 4380/10010]   Loss 2.911281   Top1 38.364191   Top5 63.121076   BatchTime 0.453962   LR 0.005000   
2022-11-09 11:42:19,816 - INFO  - Training [0][ 4400/10010]   Loss 2.912030   Top1 38.349964   Top5 63.107955   BatchTime 0.453955   LR 0.005000   
2022-11-09 11:42:28,864 - INFO  - Training [0][ 4420/10010]   Loss 2.912939   Top1 38.333392   Top5 63.094068   BatchTime 0.453948   LR 0.005000   
2022-11-09 11:42:37,918 - INFO  - Training [0][ 4440/10010]   Loss 2.913896   Top1 38.313626   Top5 63.076260   BatchTime 0.453942   LR 0.005000   
2022-11-09 11:42:46,957 - INFO  - Training [0][ 4460/10010]   Loss 2.914830   Top1 38.301044   Top5 63.063166   BatchTime 0.453933   LR 0.005000   
2022-11-09 11:42:56,003 - INFO  - Training [0][ 4480/10010]   Loss 2.915302   Top1 38.287005   Top5 63.054025   BatchTime 0.453926   LR 0.005000   
2022-11-09 11:43:05,058 - INFO  - Training [0][ 4500/10010]   Loss 2.915249   Top1 38.283507   Top5 63.057118   BatchTime 0.453921   LR 0.005000   
2022-11-09 11:43:14,098 - INFO  - Training [0][ 4520/10010]   Loss 2.915502   Top1 38.279003   Top5 63.050850   BatchTime 0.453912   LR 0.005000   
2022-11-09 11:43:23,139 - INFO  - Training [0][ 4540/10010]   Loss 2.915230   Top1 38.281250   Top5 63.057888   BatchTime 0.453904   LR 0.005000   
2022-11-09 11:43:32,170 - INFO  - Training [0][ 4560/10010]   Loss 2.915629   Top1 38.271998   Top5 63.052015   BatchTime 0.453894   LR 0.005000   
2022-11-09 11:43:41,236 - INFO  - Training [0][ 4580/10010]   Loss 2.915911   Top1 38.263851   Top5 63.044999   BatchTime 0.453891   LR 0.005000   
2022-11-09 11:43:50,281 - INFO  - Training [0][ 4600/10010]   Loss 2.916490   Top1 38.248641   Top5 63.038383   BatchTime 0.453884   LR 0.005000   
2022-11-09 11:43:59,333 - INFO  - Training [0][ 4620/10010]   Loss 2.917232   Top1 38.232549   Top5 63.027936   BatchTime 0.453878   LR 0.005000   
2022-11-09 11:44:08,401 - INFO  - Training [0][ 4640/10010]   Loss 2.917759   Top1 38.221646   Top5 63.016736   BatchTime 0.453876   LR 0.005000   
2022-11-09 11:44:17,442 - INFO  - Training [0][ 4660/10010]   Loss 2.918072   Top1 38.218549   Top5 63.011166   BatchTime 0.453868   LR 0.005000   
2022-11-09 11:44:26,478 - INFO  - Training [0][ 4680/10010]   Loss 2.918331   Top1 38.212974   Top5 63.004641   BatchTime 0.453860   LR 0.005000   
2022-11-09 11:44:35,525 - INFO  - Training [0][ 4700/10010]   Loss 2.918592   Top1 38.202793   Top5 63.004156   BatchTime 0.453853   LR 0.005000   
2022-11-09 11:44:44,605 - INFO  - Training [0][ 4720/10010]   Loss 2.919070   Top1 38.192863   Top5 63.000364   BatchTime 0.453854   LR 0.005000   
2022-11-09 11:44:53,654 - INFO  - Training [0][ 4740/10010]   Loss 2.919772   Top1 38.186148   Top5 62.986551   BatchTime 0.453848   LR 0.005000   
2022-11-09 11:45:02,694 - INFO  - Training [0][ 4760/10010]   Loss 2.920541   Top1 38.176536   Top5 62.972853   BatchTime 0.453840   LR 0.005000   
2022-11-09 11:45:11,729 - INFO  - Training [0][ 4780/10010]   Loss 2.921285   Top1 38.160467   Top5 62.959924   BatchTime 0.453831   LR 0.005000   
2022-11-09 11:45:20,765 - INFO  - Training [0][ 4800/10010]   Loss 2.921291   Top1 38.159017   Top5 62.960938   BatchTime 0.453823   LR 0.005000   
2022-11-09 11:45:29,822 - INFO  - Training [0][ 4820/10010]   Loss 2.921582   Top1 38.153527   Top5 62.955297   BatchTime 0.453819   LR 0.005000   
2022-11-09 11:45:38,876 - INFO  - Training [0][ 4840/10010]   Loss 2.921937   Top1 38.143401   Top5 62.947766   BatchTime 0.453814   LR 0.005000   
2022-11-09 11:45:47,938 - INFO  - Training [0][ 4860/10010]   Loss 2.922598   Top1 38.132073   Top5 62.939493   BatchTime 0.453811   LR 0.005000   
2022-11-09 11:45:57,006 - INFO  - Training [0][ 4880/10010]   Loss 2.922849   Top1 38.120517   Top5 62.935771   BatchTime 0.453809   LR 0.005000   
2022-11-09 11:46:06,043 - INFO  - Training [0][ 4900/10010]   Loss 2.922885   Top1 38.122290   Top5 62.930963   BatchTime 0.453802   LR 0.005000   
2022-11-09 11:46:15,079 - INFO  - Training [0][ 4920/10010]   Loss 2.922967   Top1 38.119284   Top5 62.928258   BatchTime 0.453793   LR 0.005000   
2022-11-09 11:46:24,136 - INFO  - Training [0][ 4940/10010]   Loss 2.923187   Top1 38.116934   Top5 62.923362   BatchTime 0.453789   LR 0.005000   
2022-11-09 11:46:33,318 - INFO  - Training [0][ 4960/10010]   Loss 2.923788   Top1 38.108146   Top5 62.914724   BatchTime 0.453811   LR 0.005000   
2022-11-09 11:46:42,338 - INFO  - Training [0][ 4980/10010]   Loss 2.924384   Top1 38.097546   Top5 62.904273   BatchTime 0.453800   LR 0.005000   
2022-11-09 11:46:51,381 - INFO  - Training [0][ 5000/10010]   Loss 2.925196   Top1 38.084063   Top5 62.890781   BatchTime 0.453793   LR 0.005000   
2022-11-09 11:47:00,432 - INFO  - Training [0][ 5020/10010]   Loss 2.926112   Top1 38.071309   Top5 62.877241   BatchTime 0.453788   LR 0.005000   
2022-11-09 11:47:09,484 - INFO  - Training [0][ 5040/10010]   Loss 2.926459   Top1 38.065011   Top5 62.868614   BatchTime 0.453783   LR 0.005000   
2022-11-09 11:47:18,509 - INFO  - Training [0][ 5060/10010]   Loss 2.926972   Top1 38.054440   Top5 62.861290   BatchTime 0.453773   LR 0.005000   
2022-11-09 11:47:27,581 - INFO  - Training [0][ 5080/10010]   Loss 2.927125   Top1 38.046875   Top5 62.858637   BatchTime 0.453773   LR 0.005000   
2022-11-09 11:47:36,619 - INFO  - Training [0][ 5100/10010]   Loss 2.927442   Top1 38.040441   Top5 62.855852   BatchTime 0.453765   LR 0.005000   
2022-11-09 11:47:45,672 - INFO  - Training [0][ 5120/10010]   Loss 2.927820   Top1 38.031921   Top5 62.848053   BatchTime 0.453761   LR 0.005000   
2022-11-09 11:47:54,729 - INFO  - Training [0][ 5140/10010]   Loss 2.928502   Top1 38.019060   Top5 62.834691   BatchTime 0.453757   LR 0.005000   
2022-11-09 11:48:03,776 - INFO  - Training [0][ 5160/10010]   Loss 2.928981   Top1 38.007510   Top5 62.825824   BatchTime 0.453752   LR 0.005000   
2022-11-09 11:48:12,832 - INFO  - Training [0][ 5180/10010]   Loss 2.929398   Top1 37.998612   Top5 62.817025   BatchTime 0.453748   LR 0.005000   
2022-11-09 11:48:21,922 - INFO  - Training [0][ 5200/10010]   Loss 2.930056   Top1 37.989483   Top5 62.804237   BatchTime 0.453751   LR 0.005000   
2022-11-09 11:48:30,981 - INFO  - Training [0][ 5220/10010]   Loss 2.930313   Top1 37.983866   Top5 62.799030   BatchTime 0.453748   LR 0.005000   
2022-11-09 11:48:40,011 - INFO  - Training [0][ 5240/10010]   Loss 2.931081   Top1 37.969048   Top5 62.785961   BatchTime 0.453739   LR 0.005000   
2022-11-09 11:48:49,035 - INFO  - Training [0][ 5260/10010]   Loss 2.931145   Top1 37.963700   Top5 62.784131   BatchTime 0.453730   LR 0.005000   
2022-11-09 11:48:58,075 - INFO  - Training [0][ 5280/10010]   Loss 2.931309   Top1 37.958245   Top5 62.780540   BatchTime 0.453723   LR 0.005000   
2022-11-09 11:49:07,096 - INFO  - Training [0][ 5300/10010]   Loss 2.931734   Top1 37.946639   Top5 62.775059   BatchTime 0.453713   LR 0.005000   
2022-11-09 11:49:16,139 - INFO  - Training [0][ 5320/10010]   Loss 2.932121   Top1 37.936736   Top5 62.766389   BatchTime 0.453707   LR 0.005000   
2022-11-09 11:49:25,183 - INFO  - Training [0][ 5340/10010]   Loss 2.932601   Top1 37.930126   Top5 62.757052   BatchTime 0.453701   LR 0.005000   
2022-11-09 11:49:34,218 - INFO  - Training [0][ 5360/10010]   Loss 2.932824   Top1 37.922837   Top5 62.754344   BatchTime 0.453694   LR 0.005000   
2022-11-09 11:49:43,273 - INFO  - Training [0][ 5380/10010]   Loss 2.933236   Top1 37.917635   Top5 62.747009   BatchTime 0.453691   LR 0.005000   
2022-11-09 11:49:52,348 - INFO  - Training [0][ 5400/10010]   Loss 2.933358   Top1 37.914786   Top5 62.745660   BatchTime 0.453691   LR 0.005000   
2022-11-09 11:50:01,377 - INFO  - Training [0][ 5420/10010]   Loss 2.933803   Top1 37.905327   Top5 62.737402   BatchTime 0.453683   LR 0.005000   
2022-11-09 11:50:10,427 - INFO  - Training [0][ 5440/10010]   Loss 2.934030   Top1 37.897518   Top5 62.732077   BatchTime 0.453678   LR 0.005000   
2022-11-09 11:50:19,468 - INFO  - Training [0][ 5460/10010]   Loss 2.933985   Top1 37.899496   Top5 62.731084   BatchTime 0.453672   LR 0.005000   
2022-11-09 11:50:28,500 - INFO  - Training [0][ 5480/10010]   Loss 2.934296   Top1 37.894332   Top5 62.727817   BatchTime 0.453665   LR 0.005000   
2022-11-09 11:50:37,551 - INFO  - Training [0][ 5500/10010]   Loss 2.934737   Top1 37.883381   Top5 62.720312   BatchTime 0.453661   LR 0.005000   
2022-11-09 11:50:46,605 - INFO  - Training [0][ 5520/10010]   Loss 2.935069   Top1 37.874490   Top5 62.713004   BatchTime 0.453657   LR 0.005000   
2022-11-09 11:50:55,641 - INFO  - Training [0][ 5540/10010]   Loss 2.935542   Top1 37.868908   Top5 62.705607   BatchTime 0.453650   LR 0.005000   
2022-11-09 11:51:04,682 - INFO  - Training [0][ 5560/10010]   Loss 2.935917   Top1 37.864068   Top5 62.696858   BatchTime 0.453645   LR 0.005000   
2022-11-09 11:51:13,709 - INFO  - Training [0][ 5580/10010]   Loss 2.936345   Top1 37.854223   Top5 62.693072   BatchTime 0.453636   LR 0.005000   
2022-11-09 11:51:22,746 - INFO  - Training [0][ 5600/10010]   Loss 2.936693   Top1 37.846122   Top5 62.686105   BatchTime 0.453630   LR 0.005000   
2022-11-09 11:51:31,789 - INFO  - Training [0][ 5620/10010]   Loss 2.937235   Top1 37.835576   Top5 62.677519   BatchTime 0.453625   LR 0.005000   
2022-11-09 11:51:40,839 - INFO  - Training [0][ 5640/10010]   Loss 2.938001   Top1 37.820119   Top5 62.666223   BatchTime 0.453621   LR 0.005000   
2022-11-09 11:51:49,880 - INFO  - Training [0][ 5660/10010]   Loss 2.938838   Top1 37.806289   Top5 62.653075   BatchTime 0.453615   LR 0.005000   
2022-11-09 11:51:58,943 - INFO  - Training [0][ 5680/10010]   Loss 2.939016   Top1 37.800946   Top5 62.649648   BatchTime 0.453613   LR 0.005000   
2022-11-09 11:52:08,002 - INFO  - Training [0][ 5700/10010]   Loss 2.939108   Top1 37.798520   Top5 62.647204   BatchTime 0.453611   LR 0.005000   
2022-11-09 11:52:17,048 - INFO  - Training [0][ 5720/10010]   Loss 2.939882   Top1 37.786003   Top5 62.631938   BatchTime 0.453607   LR 0.005000   
2022-11-09 11:52:26,096 - INFO  - Training [0][ 5740/10010]   Loss 2.940444   Top1 37.777521   Top5 62.620318   BatchTime 0.453602   LR 0.005000   
2022-11-09 11:52:35,157 - INFO  - Training [0][ 5760/10010]   Loss 2.941082   Top1 37.763536   Top5 62.612440   BatchTime 0.453600   LR 0.005000   
2022-11-09 11:52:44,193 - INFO  - Training [0][ 5780/10010]   Loss 2.941594   Top1 37.757758   Top5 62.606374   BatchTime 0.453594   LR 0.005000   
2022-11-09 11:52:53,233 - INFO  - Training [0][ 5800/10010]   Loss 2.942066   Top1 37.747171   Top5 62.598330   BatchTime 0.453589   LR 0.005000   
2022-11-09 11:53:02,276 - INFO  - Training [0][ 5820/10010]   Loss 2.942442   Top1 37.738402   Top5 62.594636   BatchTime 0.453584   LR 0.005000   
2022-11-09 11:53:11,315 - INFO  - Training [0][ 5840/10010]   Loss 2.942730   Top1 37.729827   Top5 62.588024   BatchTime 0.453578   LR 0.005000   
2022-11-09 11:53:20,354 - INFO  - Training [0][ 5860/10010]   Loss 2.943231   Top1 37.722643   Top5 62.581458   BatchTime 0.453572   LR 0.005000   
2022-11-09 11:53:29,541 - INFO  - Training [0][ 5880/10010]   Loss 2.944016   Top1 37.710061   Top5 62.568293   BatchTime 0.453592   LR 0.005000   
2022-11-09 11:53:38,571 - INFO  - Training [0][ 5900/10010]   Loss 2.944716   Top1 37.696372   Top5 62.553628   BatchTime 0.453585   LR 0.005000   
2022-11-09 11:53:47,609 - INFO  - Training [0][ 5920/10010]   Loss 2.945373   Top1 37.685415   Top5 62.543417   BatchTime 0.453579   LR 0.005000   
2022-11-09 11:53:56,683 - INFO  - Training [0][ 5940/10010]   Loss 2.945816   Top1 37.677031   Top5 62.532881   BatchTime 0.453580   LR 0.005000   
2022-11-09 11:54:05,715 - INFO  - Training [0][ 5960/10010]   Loss 2.946171   Top1 37.670145   Top5 62.526348   BatchTime 0.453573   LR 0.005000   
2022-11-09 11:54:14,766 - INFO  - Training [0][ 5980/10010]   Loss 2.946626   Top1 37.665526   Top5 62.517376   BatchTime 0.453570   LR 0.005000   
2022-11-09 11:54:23,793 - INFO  - Training [0][ 6000/10010]   Loss 2.947109   Top1 37.655729   Top5 62.508464   BatchTime 0.453562   LR 0.005000   
2022-11-09 11:54:32,839 - INFO  - Training [0][ 6020/10010]   Loss 2.947259   Top1 37.653395   Top5 62.505840   BatchTime 0.453558   LR 0.005000   
2022-11-09 11:54:41,891 - INFO  - Training [0][ 6040/10010]   Loss 2.947517   Top1 37.649912   Top5 62.499871   BatchTime 0.453555   LR 0.005000   
2022-11-09 11:54:50,944 - INFO  - Training [0][ 6060/10010]   Loss 2.947774   Top1 37.646581   Top5 62.498324   BatchTime 0.453552   LR 0.005000   
2022-11-09 11:55:00,001 - INFO  - Training [0][ 6080/10010]   Loss 2.947895   Top1 37.642630   Top5 62.497944   BatchTime 0.453549   LR 0.005000   
2022-11-09 11:55:09,050 - INFO  - Training [0][ 6100/10010]   Loss 2.948560   Top1 37.630891   Top5 62.488345   BatchTime 0.453546   LR 0.005000   
2022-11-09 11:55:18,071 - INFO  - Training [0][ 6120/10010]   Loss 2.949055   Top1 37.618209   Top5 62.478809   BatchTime 0.453538   LR 0.005000   
2022-11-09 11:55:27,129 - INFO  - Training [0][ 6140/10010]   Loss 2.949454   Top1 37.608790   Top5 62.472644   BatchTime 0.453536   LR 0.005000   
2022-11-09 11:55:36,165 - INFO  - Training [0][ 6160/10010]   Loss 2.949964   Top1 37.598544   Top5 62.463094   BatchTime 0.453530   LR 0.005000   
2022-11-09 11:55:45,206 - INFO  - Training [0][ 6180/10010]   Loss 2.950374   Top1 37.591904   Top5 62.456766   BatchTime 0.453525   LR 0.005000   
2022-11-09 11:55:54,244 - INFO  - Training [0][ 6200/10010]   Loss 2.951076   Top1 37.579889   Top5 62.443296   BatchTime 0.453520   LR 0.005000   
2022-11-09 11:56:03,282 - INFO  - Training [0][ 6220/10010]   Loss 2.951506   Top1 37.571217   Top5 62.436696   BatchTime 0.453515   LR 0.005000   
2022-11-09 11:56:12,317 - INFO  - Training [0][ 6240/10010]   Loss 2.952161   Top1 37.561974   Top5 62.423252   BatchTime 0.453509   LR 0.005000   
2022-11-09 11:56:21,357 - INFO  - Training [0][ 6260/10010]   Loss 2.952662   Top1 37.555911   Top5 62.418256   BatchTime 0.453504   LR 0.005000   
2022-11-09 11:56:30,412 - INFO  - Training [0][ 6280/10010]   Loss 2.953037   Top1 37.547273   Top5 62.410181   BatchTime 0.453502   LR 0.005000   
2022-11-09 11:56:39,445 - INFO  - Training [0][ 6300/10010]   Loss 2.953445   Top1 37.539559   Top5 62.404886   BatchTime 0.453496   LR 0.005000   
2022-11-09 11:56:48,492 - INFO  - Training [0][ 6320/10010]   Loss 2.954040   Top1 37.527690   Top5 62.396905   BatchTime 0.453492   LR 0.005000   
2022-11-09 11:56:57,568 - INFO  - Training [0][ 6340/10010]   Loss 2.954445   Top1 37.519593   Top5 62.389343   BatchTime 0.453493   LR 0.005000   
2022-11-09 11:57:06,640 - INFO  - Training [0][ 6360/10010]   Loss 2.954958   Top1 37.509090   Top5 62.380479   BatchTime 0.453493   LR 0.005000   
2022-11-09 11:57:15,684 - INFO  - Training [0][ 6380/10010]   Loss 2.955490   Top1 37.498163   Top5 62.371302   BatchTime 0.453489   LR 0.005000   
2022-11-09 11:57:24,742 - INFO  - Training [0][ 6400/10010]   Loss 2.956347   Top1 37.487183   Top5 62.357910   BatchTime 0.453488   LR 0.005000   
2022-11-09 11:57:33,775 - INFO  - Training [0][ 6420/10010]   Loss 2.956828   Top1 37.478339   Top5 62.353120   BatchTime 0.453482   LR 0.005000   
2022-11-09 11:57:42,802 - INFO  - Training [0][ 6440/10010]   Loss 2.957002   Top1 37.475738   Top5 62.348117   BatchTime 0.453475   LR 0.005000   
2022-11-09 11:57:51,825 - INFO  - Training [0][ 6460/10010]   Loss 2.957195   Top1 37.469040   Top5 62.347257   BatchTime 0.453468   LR 0.005000   
2022-11-09 11:58:00,880 - INFO  - Training [0][ 6480/10010]   Loss 2.957482   Top1 37.463710   Top5 62.342785   BatchTime 0.453466   LR 0.005000   
2022-11-09 11:58:09,940 - INFO  - Training [0][ 6500/10010]   Loss 2.957987   Top1 37.455769   Top5 62.334014   BatchTime 0.453464   LR 0.005000   
2022-11-09 11:58:19,014 - INFO  - Training [0][ 6520/10010]   Loss 2.958331   Top1 37.450633   Top5 62.327694   BatchTime 0.453465   LR 0.005000   
2022-11-09 11:58:28,072 - INFO  - Training [0][ 6540/10010]   Loss 2.958666   Top1 37.446244   Top5 62.322964   BatchTime 0.453463   LR 0.005000   
2022-11-09 11:58:37,158 - INFO  - Training [0][ 6560/10010]   Loss 2.958825   Top1 37.444503   Top5 62.320050   BatchTime 0.453466   LR 0.005000   
2022-11-09 11:58:46,210 - INFO  - Training [0][ 6580/10010]   Loss 2.959178   Top1 37.433036   Top5 62.314186   BatchTime 0.453463   LR 0.005000   
2022-11-09 11:58:55,260 - INFO  - Training [0][ 6600/10010]   Loss 2.959495   Top1 37.425189   Top5 62.308830   BatchTime 0.453460   LR 0.005000   
2022-11-09 11:59:04,301 - INFO  - Training [0][ 6620/10010]   Loss 2.959695   Top1 37.419869   Top5 62.306340   BatchTime 0.453456   LR 0.005000   
2022-11-09 11:59:13,315 - INFO  - Training [0][ 6640/10010]   Loss 2.959792   Top1 37.416463   Top5 62.301981   BatchTime 0.453448   LR 0.005000   
2022-11-09 11:59:22,356 - INFO  - Training [0][ 6660/10010]   Loss 2.960075   Top1 37.411787   Top5 62.295069   BatchTime 0.453443   LR 0.005000   
2022-11-09 11:59:31,407 - INFO  - Training [0][ 6680/10010]   Loss 2.960218   Top1 37.411700   Top5 62.289834   BatchTime 0.453441   LR 0.005000   
2022-11-09 11:59:40,474 - INFO  - Training [0][ 6700/10010]   Loss 2.960740   Top1 37.404384   Top5 62.283349   BatchTime 0.453440   LR 0.005000   
2022-11-09 11:59:49,549 - INFO  - Training [0][ 6720/10010]   Loss 2.961038   Top1 37.399670   Top5 62.276553   BatchTime 0.453441   LR 0.005000   
2022-11-09 11:59:58,584 - INFO  - Training [0][ 6740/10010]   Loss 2.961501   Top1 37.395215   Top5 62.268059   BatchTime 0.453436   LR 0.005000   
2022-11-09 12:00:07,628 - INFO  - Training [0][ 6760/10010]   Loss 2.961712   Top1 37.389978   Top5 62.262851   BatchTime 0.453433   LR 0.005000   
2022-11-09 12:00:16,689 - INFO  - Training [0][ 6780/10010]   Loss 2.961680   Top1 37.390763   Top5 62.260901   BatchTime 0.453432   LR 0.005000   
2022-11-09 12:00:25,879 - INFO  - Training [0][ 6800/10010]   Loss 2.962065   Top1 37.383617   Top5 62.254136   BatchTime 0.453449   LR 0.005000   
2022-11-09 12:00:34,900 - INFO  - Training [0][ 6820/10010]   Loss 2.962604   Top1 37.375481   Top5 62.243745   BatchTime 0.453442   LR 0.005000   
2022-11-09 12:00:43,969 - INFO  - Training [0][ 6840/10010]   Loss 2.962559   Top1 37.375959   Top5 62.242325   BatchTime 0.453442   LR 0.005000   
2022-11-09 12:00:53,012 - INFO  - Training [0][ 6860/10010]   Loss 2.962638   Top1 37.375068   Top5 62.239773   BatchTime 0.453439   LR 0.005000   
2022-11-09 12:01:02,064 - INFO  - Training [0][ 6880/10010]   Loss 2.962740   Top1 37.376681   Top5 62.238940   BatchTime 0.453436   LR 0.005000   
2022-11-09 12:01:11,089 - INFO  - Training [0][ 6900/10010]   Loss 2.962968   Top1 37.376698   Top5 62.234375   BatchTime 0.453430   LR 0.005000   
2022-11-09 12:01:20,173 - INFO  - Training [0][ 6920/10010]   Loss 2.963430   Top1 37.366781   Top5 62.226562   BatchTime 0.453432   LR 0.005000   
2022-11-09 12:01:29,239 - INFO  - Training [0][ 6940/10010]   Loss 2.963511   Top1 37.364351   Top5 62.223748   BatchTime 0.453432   LR 0.005000   
2022-11-09 12:01:38,283 - INFO  - Training [0][ 6960/10010]   Loss 2.963590   Top1 37.363618   Top5 62.220726   BatchTime 0.453428   LR 0.005000   
2022-11-09 12:01:47,319 - INFO  - Training [0][ 6980/10010]   Loss 2.963598   Top1 37.363225   Top5 62.221973   BatchTime 0.453423   LR 0.005000   
2022-11-09 12:01:56,387 - INFO  - Training [0][ 7000/10010]   Loss 2.963711   Top1 37.359710   Top5 62.219420   BatchTime 0.453423   LR 0.005000   
2022-11-09 12:02:05,438 - INFO  - Training [0][ 7020/10010]   Loss 2.963938   Top1 37.356214   Top5 62.214655   BatchTime 0.453421   LR 0.005000   
2022-11-09 12:02:14,485 - INFO  - Training [0][ 7040/10010]   Loss 2.964086   Top1 37.354403   Top5 62.211803   BatchTime 0.453418   LR 0.005000   
2022-11-09 12:02:23,545 - INFO  - Training [0][ 7060/10010]   Loss 2.964206   Top1 37.354263   Top5 62.211070   BatchTime 0.453417   LR 0.005000   
2022-11-09 12:02:32,569 - INFO  - Training [0][ 7080/10010]   Loss 2.964510   Top1 37.353460   Top5 62.203831   BatchTime 0.453410   LR 0.005000   
2022-11-09 12:02:41,631 - INFO  - Training [0][ 7100/10010]   Loss 2.964691   Top1 37.349692   Top5 62.199604   BatchTime 0.453409   LR 0.005000   
2022-11-09 12:02:50,687 - INFO  - Training [0][ 7120/10010]   Loss 2.965087   Top1 37.343531   Top5 62.189475   BatchTime 0.453408   LR 0.005000   
2022-11-09 12:02:59,756 - INFO  - Training [0][ 7140/10010]   Loss 2.965427   Top1 37.340796   Top5 62.182686   BatchTime 0.453408   LR 0.005000   
2022-11-09 12:03:08,800 - INFO  - Training [0][ 7160/10010]   Loss 2.965708   Top1 37.336221   Top5 62.180953   BatchTime 0.453404   LR 0.005000   
2022-11-09 12:03:17,846 - INFO  - Training [0][ 7180/10010]   Loss 2.965813   Top1 37.332978   Top5 62.179666   BatchTime 0.453401   LR 0.005000   
2022-11-09 12:03:26,930 - INFO  - Training [0][ 7200/10010]   Loss 2.965717   Top1 37.335938   Top5 62.182509   BatchTime 0.453404   LR 0.005000   
2022-11-09 12:03:35,990 - INFO  - Training [0][ 7220/10010]   Loss 2.966071   Top1 37.330549   Top5 62.175381   BatchTime 0.453402   LR 0.005000   
2022-11-09 12:03:45,048 - INFO  - Training [0][ 7240/10010]   Loss 2.966470   Top1 37.325406   Top5 62.168077   BatchTime 0.453401   LR 0.005000   
2022-11-09 12:03:54,115 - INFO  - Training [0][ 7260/10010]   Loss 2.966611   Top1 37.321044   Top5 62.158983   BatchTime 0.453401   LR 0.005000   
2022-11-09 12:04:03,164 - INFO  - Training [0][ 7280/10010]   Loss 2.966540   Top1 37.323468   Top5 62.157237   BatchTime 0.453398   LR 0.005000   
2022-11-09 12:04:12,219 - INFO  - Training [0][ 7300/10010]   Loss 2.966756   Top1 37.319456   Top5 62.154324   BatchTime 0.453396   LR 0.005000   
2022-11-09 12:04:21,265 - INFO  - Training [0][ 7320/10010]   Loss 2.967008   Top1 37.316214   Top5 62.151426   BatchTime 0.453393   LR 0.005000   
2022-11-09 12:04:30,322 - INFO  - Training [0][ 7340/10010]   Loss 2.966946   Top1 37.315863   Top5 62.151631   BatchTime 0.453392   LR 0.005000   
2022-11-09 12:04:39,373 - INFO  - Training [0][ 7360/10010]   Loss 2.966805   Top1 37.317001   Top5 62.152047   BatchTime 0.453390   LR 0.005000   
2022-11-09 12:04:48,431 - INFO  - Training [0][ 7380/10010]   Loss 2.966928   Top1 37.312733   Top5 62.151613   BatchTime 0.453388   LR 0.005000   
2022-11-09 12:04:57,482 - INFO  - Training [0][ 7400/10010]   Loss 2.966976   Top1 37.309122   Top5 62.152133   BatchTime 0.453386   LR 0.005000   
2022-11-09 12:05:06,513 - INFO  - Training [0][ 7420/10010]   Loss 2.966846   Top1 37.309952   Top5 62.151912   BatchTime 0.453381   LR 0.005000   
2022-11-09 12:05:15,569 - INFO  - Training [0][ 7440/10010]   Loss 2.966908   Top1 37.309518   Top5 62.151903   BatchTime 0.453380   LR 0.005000   
2022-11-09 12:05:24,622 - INFO  - Training [0][ 7460/10010]   Loss 2.966909   Top1 37.309819   Top5 62.152522   BatchTime 0.453378   LR 0.005000   
2022-11-09 12:05:33,659 - INFO  - Training [0][ 7480/10010]   Loss 2.967116   Top1 37.307612   Top5 62.148438   BatchTime 0.453373   LR 0.005000   
2022-11-09 12:05:42,703 - INFO  - Training [0][ 7500/10010]   Loss 2.967201   Top1 37.305104   Top5 62.143437   BatchTime 0.453370   LR 0.005000   
2022-11-09 12:05:51,749 - INFO  - Training [0][ 7520/10010]   Loss 2.967407   Top1 37.302506   Top5 62.140126   BatchTime 0.453368   LR 0.005000   
2022-11-09 12:06:00,797 - INFO  - Training [0][ 7540/10010]   Loss 2.967434   Top1 37.302615   Top5 62.138491   BatchTime 0.453365   LR 0.005000   
2022-11-09 12:06:09,869 - INFO  - Training [0][ 7560/10010]   Loss 2.967254   Top1 37.303861   Top5 62.142134   BatchTime 0.453365   LR 0.005000   
2022-11-09 12:06:18,930 - INFO  - Training [0][ 7580/10010]   Loss 2.967188   Top1 37.299946   Top5 62.142357   BatchTime 0.453365   LR 0.005000   
2022-11-09 12:06:27,960 - INFO  - Training [0][ 7600/10010]   Loss 2.967225   Top1 37.298828   Top5 62.140831   BatchTime 0.453360   LR 0.005000   
2022-11-09 12:06:37,032 - INFO  - Training [0][ 7620/10010]   Loss 2.967326   Top1 37.297408   Top5 62.137467   BatchTime 0.453360   LR 0.005000   
2022-11-09 12:06:46,103 - INFO  - Training [0][ 7640/10010]   Loss 2.967374   Top1 37.300086   Top5 62.134530   BatchTime 0.453361   LR 0.005000   
2022-11-09 12:06:55,154 - INFO  - Training [0][ 7660/10010]   Loss 2.967490   Top1 37.299486   Top5 62.133343   BatchTime 0.453359   LR 0.005000   
2022-11-09 12:07:04,213 - INFO  - Training [0][ 7680/10010]   Loss 2.967732   Top1 37.295837   Top5 62.128398   BatchTime 0.453358   LR 0.005000   
2022-11-09 12:07:13,296 - INFO  - Training [0][ 7700/10010]   Loss 2.967963   Top1 37.289976   Top5 62.122971   BatchTime 0.453360   LR 0.005000   
2022-11-09 12:07:22,502 - INFO  - Training [0][ 7720/10010]   Loss 2.968186   Top1 37.285460   Top5 62.119900   BatchTime 0.453378   LR 0.005000   
2022-11-09 12:07:31,548 - INFO  - Training [0][ 7740/10010]   Loss 2.968167   Top1 37.286923   Top5 62.119570   BatchTime 0.453375   LR 0.005000   
2022-11-09 12:07:40,590 - INFO  - Training [0][ 7760/10010]   Loss 2.968253   Top1 37.285156   Top5 62.117328   BatchTime 0.453372   LR 0.005000   
2022-11-09 12:07:49,624 - INFO  - Training [0][ 7780/10010]   Loss 2.968215   Top1 37.284403   Top5 62.119015   BatchTime 0.453367   LR 0.005000   
2022-11-09 12:07:58,640 - INFO  - Training [0][ 7800/10010]   Loss 2.968178   Top1 37.283954   Top5 62.120393   BatchTime 0.453361   LR 0.005000   
2022-11-09 12:08:07,679 - INFO  - Training [0][ 7820/10010]   Loss 2.968238   Top1 37.279512   Top5 62.120165   BatchTime 0.453357   LR 0.005000   
2022-11-09 12:08:16,719 - INFO  - Training [0][ 7840/10010]   Loss 2.968402   Top1 37.273398   Top5 62.118144   BatchTime 0.453354   LR 0.005000   
2022-11-09 12:08:25,753 - INFO  - Training [0][ 7860/10010]   Loss 2.968833   Top1 37.265426   Top5 62.113351   BatchTime 0.453349   LR 0.005000   
