2022-11-07 15:26:05,334 - INFO  - Log file for this run: /home/ilena7440/LSQ/out/ResNet18_imagenet_a8w8_30_epoch80_20221107-152605/ResNet18_imagenet_a8w8_30_epoch80_20221107-152605.log
2022-11-07 15:26:05,346 - INFO  - TensorBoard data directory: /home/ilena7440/LSQ/out/ResNet18_imagenet_a8w8_30_epoch80_20221107-152605/tb_runs
2022-11-07 15:26:08,431 - INFO  - Dataset `imagenet` size:
          Training Set = 1281167 (10010)
        Validation Set = 50000 (391)
              Test Set = 50000 (391)
2022-11-07 15:26:08,759 - INFO  - Created `resnet18` model for `imagenet` dataset
          Use pre-trained model = True
2022-11-07 15:26:10,813 - INFO  - Inserted quantizers into the original model
2022-11-07 15:26:13,419 - INFO  - Optimizer: SGD (
           Parameter Group 0
               dampening: 0
               foreach: None
               lr: 0.01
               maximize: False
               momentum: 0.9
               nesterov: False
               weight_decay: 0.0001
           )
2022-11-07 15:26:13,421 - INFO  - LR scheduler: `MultiStepLr`
    Update per batch: True
             Group 0: 0.01

2022-11-07 15:26:13,422 - INFO  - >>>>>>>> Epoch -1 (pre-trained model evaluation)
2022-11-07 15:26:13,422 - INFO  - Validation: 50000 samples (128 per mini-batch)
2022-11-07 15:26:35,261 - INFO  - Validation [   20/  391]   Loss 10.426115   Top1 0.000000   Top5 0.000000   BatchTime 1.091849   
2022-11-07 15:26:38,316 - INFO  - Validation [   40/  391]   Loss 9.851932   Top1 0.058594   Top5 0.390625   BatchTime 0.622297   
2022-11-07 15:26:41,377 - INFO  - Validation [   60/  391]   Loss 10.078457   Top1 0.039062   Top5 0.299479   BatchTime 0.465876   
2022-11-07 15:26:44,633 - INFO  - Validation [   80/  391]   Loss 9.897195   Top1 0.029297   Top5 0.234375   BatchTime 0.390108   
2022-11-07 15:26:47,632 - INFO  - Validation [  100/  391]   Loss 9.835794   Top1 0.023438   Top5 0.234375   BatchTime 0.342080   
2022-11-07 15:26:50,447 - INFO  - Validation [  120/  391]   Loss 9.867029   Top1 0.019531   Top5 0.208333   BatchTime 0.308523   
2022-11-07 15:26:53,167 - INFO  - Validation [  140/  391]   Loss 9.910343   Top1 0.033482   Top5 0.251116   BatchTime 0.283879   
2022-11-07 15:26:55,801 - INFO  - Validation [  160/  391]   Loss 9.933602   Top1 0.219727   Top5 0.517578   BatchTime 0.264855   
2022-11-07 15:26:59,099 - INFO  - Validation [  180/  391]   Loss 9.767149   Top1 0.199653   Top5 0.594618   BatchTime 0.253745   
2022-11-07 15:27:02,357 - INFO  - Validation [  200/  391]   Loss 9.629207   Top1 0.261719   Top5 0.882812   BatchTime 0.244661   
2022-11-07 15:27:04,960 - INFO  - Validation [  220/  391]   Loss 9.559465   Top1 0.255682   Top5 0.948153   BatchTime 0.234255   
2022-11-07 15:27:07,666 - INFO  - Validation [  240/  391]   Loss 9.480269   Top1 0.341797   Top5 1.103516   BatchTime 0.226003   
2022-11-07 15:27:10,323 - INFO  - Validation [  260/  391]   Loss 9.385702   Top1 0.357572   Top5 1.259014   BatchTime 0.218840   
2022-11-07 15:27:13,005 - INFO  - Validation [  280/  391]   Loss 9.332992   Top1 0.357143   Top5 1.283482   BatchTime 0.212785   
2022-11-07 15:27:15,675 - INFO  - Validation [  300/  391]   Loss 9.263727   Top1 0.390625   Top5 1.419271   BatchTime 0.207503   
2022-11-07 15:27:18,331 - INFO  - Validation [  320/  391]   Loss 9.216885   Top1 0.427246   Top5 1.542969   BatchTime 0.202833   
2022-11-07 15:27:20,843 - INFO  - Validation [  340/  391]   Loss 9.160497   Top1 0.418199   Top5 1.592371   BatchTime 0.198286   
2022-11-07 15:27:23,069 - INFO  - Validation [  360/  391]   Loss 9.129761   Top1 0.444878   Top5 1.740451   BatchTime 0.193454   
2022-11-07 15:27:25,331 - INFO  - Validation [  380/  391]   Loss 9.136724   Top1 0.425576   Top5 1.679688   BatchTime 0.189227   
2022-11-07 15:27:27,019 - INFO  - ==> Top1: 0.414    Top5: 1.678    Loss: 9.133

2022-11-07 15:27:27,059 - INFO  - Scoreboard best 1 ==> Epoch [-1][Top1: 0.414   Top5: 1.678] Sparsity : 0.058
2022-11-07 15:27:27,060 - INFO  - >>>>>>>> Epoch   0
2022-11-07 15:27:27,061 - INFO  - Training: 1281167 samples (128 per mini-batch)
2022-11-07 15:27:40,949 - INFO  - Training [0][   20/10010]   Loss 1.623476   Top1 62.421875   Top5 83.320312   BatchTime 0.694397   LR 0.010000   
2022-11-07 15:27:47,502 - INFO  - Training [0][   40/10010]   Loss 1.762317   Top1 60.175781   Top5 80.957031   BatchTime 0.511024   LR 0.010000   
2022-11-07 15:27:54,114 - INFO  - Training [0][   60/10010]   Loss 1.860251   Top1 58.255208   Top5 79.492188   BatchTime 0.450877   LR 0.010000   
2022-11-07 15:28:00,650 - INFO  - Training [0][   80/10010]   Loss 1.910840   Top1 56.748047   Top5 78.857422   BatchTime 0.419848   LR 0.010000   
2022-11-07 15:28:07,269 - INFO  - Training [0][  100/10010]   Loss 1.943714   Top1 55.992188   Top5 78.367188   BatchTime 0.402068   LR 0.010000   
2022-11-07 15:28:13,888 - INFO  - Training [0][  120/10010]   Loss 1.964394   Top1 55.475260   Top5 78.040365   BatchTime 0.390214   LR 0.010000   
2022-11-07 15:28:20,527 - INFO  - Training [0][  140/10010]   Loss 1.995165   Top1 54.888393   Top5 77.589286   BatchTime 0.381893   LR 0.010000   
2022-11-07 15:28:26,993 - INFO  - Training [0][  160/10010]   Loss 2.043444   Top1 54.174805   Top5 76.987305   BatchTime 0.374568   LR 0.010000   
2022-11-07 15:28:33,452 - INFO  - Training [0][  180/10010]   Loss 2.086510   Top1 53.346354   Top5 76.514757   BatchTime 0.368830   LR 0.010000   
2022-11-07 15:28:39,914 - INFO  - Training [0][  200/10010]   Loss 2.121077   Top1 52.632812   Top5 76.003906   BatchTime 0.364258   LR 0.010000   
2022-11-07 15:28:46,469 - INFO  - Training [0][  220/10010]   Loss 2.177209   Top1 51.615767   Top5 75.046165   BatchTime 0.360939   LR 0.010000   
2022-11-07 15:28:53,086 - INFO  - Training [0][  240/10010]   Loss 2.277046   Top1 49.817708   Top5 73.391927   BatchTime 0.358430   LR 0.010000   
2022-11-07 15:28:59,583 - INFO  - Training [0][  260/10010]   Loss 2.404391   Top1 47.701322   Top5 71.183894   BatchTime 0.355848   LR 0.010000   
2022-11-07 15:29:06,158 - INFO  - Training [0][  280/10010]   Loss 2.549811   Top1 45.404576   Top5 68.643973   BatchTime 0.353911   LR 0.010000   
2022-11-07 15:29:12,740 - INFO  - Training [0][  300/10010]   Loss 2.680073   Top1 43.338542   Top5 66.361979   BatchTime 0.352255   LR 0.010000   
2022-11-07 15:29:19,231 - INFO  - Training [0][  320/10010]   Loss 2.796985   Top1 41.562500   Top5 64.323730   BatchTime 0.350524   LR 0.010000   
2022-11-07 15:29:25,757 - INFO  - Training [0][  340/10010]   Loss 2.903629   Top1 39.965533   Top5 62.424173   BatchTime 0.349098   LR 0.010000   
2022-11-07 15:29:32,256 - INFO  - Training [0][  360/10010]   Loss 2.995888   Top1 38.470052   Top5 60.785590   BatchTime 0.347756   LR 0.010000   
2022-11-07 15:29:38,821 - INFO  - Training [0][  380/10010]   Loss 3.076262   Top1 37.164885   Top5 59.342105   BatchTime 0.346729   LR 0.010000   
2022-11-07 15:29:45,425 - INFO  - Training [0][  400/10010]   Loss 3.146610   Top1 36.021484   Top5 58.080078   BatchTime 0.345903   LR 0.010000   
2022-11-07 15:29:51,967 - INFO  - Training [0][  420/10010]   Loss 3.206475   Top1 35.055804   Top5 56.992188   BatchTime 0.345007   LR 0.010000   
2022-11-07 15:29:58,559 - INFO  - Training [0][  440/10010]   Loss 3.259128   Top1 34.245384   Top5 56.090199   BatchTime 0.344307   LR 0.010000   
2022-11-07 15:30:05,190 - INFO  - Training [0][  460/10010]   Loss 3.304978   Top1 33.524117   Top5 55.287024   BatchTime 0.343752   LR 0.010000   
2022-11-07 15:30:11,668 - INFO  - Training [0][  480/10010]   Loss 3.343710   Top1 32.835286   Top5 54.578451   BatchTime 0.342925   LR 0.010000   
2022-11-07 15:30:18,319 - INFO  - Training [0][  500/10010]   Loss 3.378465   Top1 32.214062   Top5 53.987500   BatchTime 0.342509   LR 0.010000   
2022-11-07 15:30:24,822 - INFO  - Training [0][  520/10010]   Loss 3.411629   Top1 31.649639   Top5 53.368389   BatchTime 0.341842   LR 0.010000   
2022-11-07 15:30:31,258 - INFO  - Training [0][  540/10010]   Loss 3.446106   Top1 31.074942   Top5 52.738715   BatchTime 0.341099   LR 0.010000   
2022-11-07 15:30:37,880 - INFO  - Training [0][  560/10010]   Loss 3.474771   Top1 30.620815   Top5 52.248884   BatchTime 0.340741   LR 0.010000   
2022-11-07 15:30:44,482 - INFO  - Training [0][  580/10010]   Loss 3.499527   Top1 30.211476   Top5 51.773976   BatchTime 0.340374   LR 0.010000   
2022-11-07 15:30:50,988 - INFO  - Training [0][  600/10010]   Loss 3.520519   Top1 29.854167   Top5 51.402344   BatchTime 0.339872   LR 0.010000   
2022-11-07 15:30:57,556 - INFO  - Training [0][  620/10010]   Loss 3.538902   Top1 29.552671   Top5 51.098790   BatchTime 0.339502   LR 0.010000   
2022-11-07 15:31:04,134 - INFO  - Training [0][  640/10010]   Loss 3.555139   Top1 29.252930   Top5 50.810547   BatchTime 0.339170   LR 0.010000   
2022-11-07 15:31:10,674 - INFO  - Training [0][  660/10010]   Loss 3.568744   Top1 28.972538   Top5 50.545691   BatchTime 0.338801   LR 0.010000   
2022-11-07 15:31:17,355 - INFO  - Training [0][  680/10010]   Loss 3.580808   Top1 28.724724   Top5 50.349265   BatchTime 0.338661   LR 0.010000   
2022-11-07 15:31:23,902 - INFO  - Training [0][  700/10010]   Loss 3.593273   Top1 28.491071   Top5 50.140625   BatchTime 0.338338   LR 0.010000   
2022-11-07 15:31:30,413 - INFO  - Training [0][  720/10010]   Loss 3.603734   Top1 28.300781   Top5 49.979384   BatchTime 0.337982   LR 0.010000   
2022-11-07 15:31:36,894 - INFO  - Training [0][  740/10010]   Loss 3.611231   Top1 28.097551   Top5 49.831081   BatchTime 0.337606   LR 0.010000   
2022-11-07 15:31:43,458 - INFO  - Training [0][  760/10010]   Loss 3.621377   Top1 27.929688   Top5 49.664885   BatchTime 0.337358   LR 0.010000   
2022-11-07 15:31:49,891 - INFO  - Training [0][  780/10010]   Loss 3.629303   Top1 27.809495   Top5 49.515224   BatchTime 0.336955   LR 0.010000   
2022-11-07 15:31:56,471 - INFO  - Training [0][  800/10010]   Loss 3.638452   Top1 27.659180   Top5 49.375000   BatchTime 0.336757   LR 0.010000   
2022-11-07 15:32:03,017 - INFO  - Training [0][  820/10010]   Loss 3.645443   Top1 27.517149   Top5 49.275915   BatchTime 0.336525   LR 0.010000   
2022-11-07 15:32:09,587 - INFO  - Training [0][  840/10010]   Loss 3.652062   Top1 27.384673   Top5 49.154576   BatchTime 0.336334   LR 0.010000   
2022-11-07 15:32:16,082 - INFO  - Training [0][  860/10010]   Loss 3.657467   Top1 27.280160   Top5 49.083394   BatchTime 0.336064   LR 0.010000   
2022-11-07 15:32:22,518 - INFO  - Training [0][  880/10010]   Loss 3.661993   Top1 27.191939   Top5 49.025213   BatchTime 0.335740   LR 0.010000   
2022-11-07 15:32:29,018 - INFO  - Training [0][  900/10010]   Loss 3.666351   Top1 27.088542   Top5 48.944444   BatchTime 0.335501   LR 0.010000   
2022-11-07 15:32:35,628 - INFO  - Training [0][  920/10010]   Loss 3.671938   Top1 26.976053   Top5 48.842561   BatchTime 0.335393   LR 0.010000   
2022-11-07 15:32:42,134 - INFO  - Training [0][  940/10010]   Loss 3.676938   Top1 26.852560   Top5 48.744182   BatchTime 0.335178   LR 0.010000   
2022-11-07 15:32:48,637 - INFO  - Training [0][  960/10010]   Loss 3.682766   Top1 26.727702   Top5 48.642578   BatchTime 0.334969   LR 0.010000   
