2022-11-02 03:31:15,683 - INFO  - Log file for this run: /home/ilena7440/LSQ/out/MobileNetv2_imagenet_a8w8_5_20221102-033115/MobileNetv2_imagenet_a8w8_5_20221102-033115.log
2022-11-02 03:31:15,689 - INFO  - TensorBoard data directory: /home/ilena7440/LSQ/out/MobileNetv2_imagenet_a8w8_5_20221102-033115/tb_runs
2022-11-02 03:31:17,792 - INFO  - Dataset `cifar10` size:
          Training Set = 50000 (391)
        Validation Set = 10000 (79)
              Test Set = 10000 (79)
2022-11-02 03:31:19,641 - INFO  - Created `MobileNetv2` model for `cifar10` dataset
          Use pre-trained model = True
2022-11-02 03:31:21,997 - INFO  - Inserted quantizers into the original model
2022-11-02 03:31:22,199 - INFO  - Optimizer: SGD (
           Parameter Group 0
               dampening: 0
               foreach: None
               lr: 0.05
               maximize: False
               momentum: 0.9
               nesterov: False
               weight_decay: 4e-05
           )
2022-11-02 03:31:22,199 - INFO  - LR scheduler: `MultiStepLr`
    Update per batch: True
             Group 0: 0.05

2022-11-02 03:31:22,199 - INFO  - >>>>>>>> Epoch -1 (pre-trained model evaluation)
2022-11-02 03:31:22,199 - INFO  - Validation: 10000 samples (128 per mini-batch)
2022-11-02 03:31:37,886 - INFO  - Validation [   20/   79]   Loss 18.551335   Top1 0.000000   Top5 0.000000   BatchTime 0.784261   
2022-11-02 03:31:38,471 - INFO  - Validation [   40/   79]   Loss 18.568195   Top1 0.000000   Top5 0.000000   BatchTime 0.406775   
2022-11-02 03:31:39,053 - INFO  - Validation [   60/   79]   Loss 18.637665   Top1 0.000000   Top5 0.000000   BatchTime 0.280877   
2022-11-02 03:31:39,747 - INFO  - ==> Top1: 0.000    Top5: 0.000    Loss: 18.632

2022-11-02 03:31:39,876 - INFO  - Scoreboard best 1 ==> Epoch [-1][Top1: 0.000   Top5: 0.000] Sparsity : 0.060
2022-11-02 03:31:39,876 - INFO  - >>>>>>>> Epoch   0
2022-11-02 03:31:39,877 - INFO  - Training: 50000 samples (128 per mini-batch)
