2022-11-06 15:54:31,419 - INFO  - Log file for this run: /home/ilena7440/slsq/LSQ/out/MobileNetv2_imagenet_a8w8_30_epoch80_20221106-155431/MobileNetv2_imagenet_a8w8_30_epoch80_20221106-155431.log
2022-11-06 15:54:36,664 - INFO  - TensorBoard data directory: /home/ilena7440/slsq/LSQ/out/MobileNetv2_imagenet_a8w8_30_epoch80_20221106-155431/tb_runs
2022-11-06 15:54:38,846 - INFO  - Dataset `imagenet` size:
          Training Set = 1281167 (10010)
        Validation Set = 50000 (391)
              Test Set = 50000 (391)
2022-11-06 15:54:40,603 - INFO  - Created `MobileNetv2` model for `imagenet` dataset
          Use pre-trained model = True
2022-11-06 15:54:43,021 - INFO  - Inserted quantizers into the original model
2022-11-06 15:54:43,189 - INFO  - Optimizer: SGD (
           Parameter Group 0
               dampening: 0
               foreach: None
               initial_lr: 0.05
               lr: 0.05
               maximize: False
               momentum: 0.9
               nesterov: False
               weight_decay: 4e-05
           )
2022-11-06 15:54:43,189 - INFO  - LR scheduler: <torch.optim.lr_scheduler.CosineAnnealingWarmRestarts object at 0x7f468ded7fa0>

2022-11-06 15:54:43,189 - INFO  - >>>>>>>> Epoch -1 (pre-trained model evaluation)
2022-11-06 15:54:43,189 - INFO  - Validation: 50000 samples (128 per mini-batch)
2022-11-06 15:55:05,991 - INFO  - Validation [   20/  391]   Loss 27.609890   Top1 0.000000   Top5 0.117188   BatchTime 1.140057   
2022-11-06 15:55:11,478 - INFO  - Validation [   40/  391]   Loss 28.591004   Top1 0.000000   Top5 0.058594   BatchTime 0.707217   
2022-11-06 15:55:16,451 - INFO  - Validation [   60/  391]   Loss 27.567062   Top1 0.000000   Top5 0.403646   BatchTime 0.554358   
2022-11-06 15:55:20,215 - INFO  - Validation [   80/  391]   Loss 24.924523   Top1 0.000000   Top5 0.419922   BatchTime 0.462818   
2022-11-06 15:55:24,007 - INFO  - Validation [  100/  391]   Loss 23.307600   Top1 0.000000   Top5 0.335938   BatchTime 0.408175   
2022-11-06 15:55:27,878 - INFO  - Validation [  120/  391]   Loss 23.457049   Top1 0.312500   Top5 0.657552   BatchTime 0.372404   
2022-11-06 15:55:31,668 - INFO  - Validation [  140/  391]   Loss 24.179314   Top1 0.267857   Top5 0.563616   BatchTime 0.346273   
2022-11-06 15:55:35,506 - INFO  - Validation [  160/  391]   Loss 24.201449   Top1 0.234375   Top5 0.493164   BatchTime 0.326973   
2022-11-06 15:55:39,326 - INFO  - Validation [  180/  391]   Loss 24.038137   Top1 0.208333   Top5 0.438368   BatchTime 0.311865   
2022-11-06 15:55:43,120 - INFO  - Validation [  200/  391]   Loss 24.115841   Top1 0.187500   Top5 0.394531   BatchTime 0.299649   
2022-11-06 15:55:46,916 - INFO  - Validation [  220/  391]   Loss 24.233748   Top1 0.184659   Top5 0.529119   BatchTime 0.289662   
2022-11-06 15:55:50,776 - INFO  - Validation [  240/  391]   Loss 24.254343   Top1 0.169271   Top5 0.488281   BatchTime 0.281609   
2022-11-06 15:55:54,574 - INFO  - Validation [  260/  391]   Loss 24.264850   Top1 0.156250   Top5 0.450721   BatchTime 0.274554   
2022-11-06 15:55:58,344 - INFO  - Validation [  280/  391]   Loss 24.328493   Top1 0.145089   Top5 0.502232   BatchTime 0.268406   
2022-11-06 15:56:02,162 - INFO  - Validation [  300/  391]   Loss 24.268197   Top1 0.135417   Top5 0.611979   BatchTime 0.263238   
2022-11-06 15:56:05,961 - INFO  - Validation [  320/  391]   Loss 24.314753   Top1 0.126953   Top5 0.573730   BatchTime 0.258658   
2022-11-06 15:56:09,559 - INFO  - Validation [  340/  391]   Loss 24.194326   Top1 0.119485   Top5 0.562960   BatchTime 0.254024   
2022-11-06 15:56:12,951 - INFO  - Validation [  360/  391]   Loss 24.101134   Top1 0.112847   Top5 0.531684   BatchTime 0.249335   
2022-11-06 15:56:16,307 - INFO  - Validation [  380/  391]   Loss 24.285498   Top1 0.106908   Top5 0.503701   BatchTime 0.245044   
2022-11-06 15:56:18,591 - INFO  - ==> Top1: 0.104    Top5: 0.490    Loss: 24.380

2022-11-06 15:56:18,614 - INFO  - Scoreboard best 1 ==> Epoch [-1][Top1: 0.104   Top5: 0.490] Sparsity : 0.060
2022-11-06 15:56:18,614 - INFO  - >>>>>>>> Epoch   0
2022-11-06 15:56:18,615 - INFO  - Training: 1281167 samples (128 per mini-batch)
