2022-11-08 07:13:34,053 - INFO  - Log file for this run: /home/ilena7440/LSQ/out/MobileNetv2_imagenet_a8w8_5_epoch80_20221108-071334/MobileNetv2_imagenet_a8w8_5_epoch80_20221108-071334.log
2022-11-08 07:13:34,065 - INFO  - TensorBoard data directory: /home/ilena7440/LSQ/out/MobileNetv2_imagenet_a8w8_5_epoch80_20221108-071334/tb_runs
2022-11-08 07:13:37,004 - INFO  - Dataset `imagenet` size:
          Training Set = 1281167 (10010)
        Validation Set = 50000 (391)
              Test Set = 50000 (391)
2022-11-08 07:13:39,162 - INFO  - Created `MobileNetv2` model for `imagenet` dataset
          Use pre-trained model = True
2022-11-08 07:13:43,628 - INFO  - Inserted quantizers into the original model
2022-11-08 07:13:43,902 - INFO  - Optimizer: SGD (
           Parameter Group 0
               dampening: 0
               foreach: None
               lr: 0.01
               maximize: False
               momentum: 0.9
               nesterov: False
               weight_decay: 4e-05
           )
2022-11-08 07:13:43,902 - INFO  - LR scheduler: `MultiStepLr`
    Update per batch: True
             Group 0: 0.01

2022-11-08 07:13:43,902 - INFO  - >>>>>>>> Epoch -1 (pre-trained model evaluation)
2022-11-08 07:13:43,902 - INFO  - Validation: 50000 samples (128 per mini-batch)
2022-11-08 07:14:00,360 - INFO  - Validation [   20/  391]   Loss 27.492031   Top1 0.000000   Top5 0.195312   BatchTime 0.822832   
2022-11-08 07:14:03,325 - INFO  - Validation [   40/  391]   Loss 28.456633   Top1 0.000000   Top5 0.097656   BatchTime 0.485523   
2022-11-08 07:14:06,265 - INFO  - Validation [   60/  391]   Loss 27.445439   Top1 0.000000   Top5 0.468750   BatchTime 0.372681   
