2022-11-08 10:41:54,801 - INFO  - Log file for this run: /home/ilena7440/LSQ/out/MobileNetv2_imagenet_a8w8_10_epoch80_20221108-104154/MobileNetv2_imagenet_a8w8_10_epoch80_20221108-104154.log
2022-11-08 10:41:54,810 - INFO  - TensorBoard data directory: /home/ilena7440/LSQ/out/MobileNetv2_imagenet_a8w8_10_epoch80_20221108-104154/tb_runs
2022-11-08 10:41:57,594 - INFO  - Dataset `imagenet` size:
          Training Set = 1281167 (10010)
        Validation Set = 50000 (391)
              Test Set = 50000 (391)
2022-11-08 10:41:59,835 - INFO  - Created `MobileNetv2` model for `imagenet` dataset
          Use pre-trained model = True
2022-11-08 10:42:03,937 - INFO  - Inserted quantizers into the original model
2022-11-08 10:42:04,202 - INFO  - Optimizer: SGD (
           Parameter Group 0
               dampening: 0
               foreach: None
               lr: 0.005
               maximize: False
               momentum: 0.9
               nesterov: False
               weight_decay: 4e-05
           )
2022-11-08 10:42:04,202 - INFO  - LR scheduler: `MultiStepLr`
    Update per batch: True
             Group 0: 0.005

2022-11-08 10:42:04,203 - INFO  - >>>>>>>> Epoch -1 (pre-trained model evaluation)
2022-11-08 10:42:04,203 - INFO  - Validation: 50000 samples (128 per mini-batch)
2022-11-08 10:42:20,127 - INFO  - Validation [   20/  391]   Loss 27.491910   Top1 0.000000   Top5 0.195312   BatchTime 0.796130   
2022-11-08 10:42:22,860 - INFO  - Validation [   40/  391]   Loss 28.447756   Top1 0.000000   Top5 0.097656   BatchTime 0.466395   
2022-11-08 10:42:25,800 - INFO  - Validation [   60/  391]   Loss 27.423508   Top1 0.000000   Top5 0.325521   BatchTime 0.359930   
2022-11-08 10:42:28,863 - INFO  - Validation [   80/  391]   Loss 24.824432   Top1 0.000000   Top5 0.302734   BatchTime 0.308232   
2022-11-08 10:42:32,950 - INFO  - Validation [  100/  391]   Loss 23.227272   Top1 0.000000   Top5 0.242188   BatchTime 0.287456   
