2022-11-04 14:59:21,454 - INFO  - Log file for this run: /home/ilena7440/slsq/LSQ/out/MobileNetv2_imagenet_a8w8_15_epoch60_20221104-145921/MobileNetv2_imagenet_a8w8_15_epoch60_20221104-145921.log
2022-11-04 14:59:25,418 - INFO  - TensorBoard data directory: /home/ilena7440/slsq/LSQ/out/MobileNetv2_imagenet_a8w8_15_epoch60_20221104-145921/tb_runs
2022-11-04 14:59:27,616 - INFO  - Dataset `imagenet` size:
          Training Set = 1281167 (10010)
        Validation Set = 50000 (391)
              Test Set = 50000 (391)
2022-11-04 14:59:29,130 - INFO  - Created `MobileNetv2` model for `imagenet` dataset
          Use pre-trained model = True
2022-11-04 14:59:31,281 - INFO  - Inserted quantizers into the original model
2022-11-04 14:59:31,442 - INFO  - Optimizer: SGD (
           Parameter Group 0
               dampening: 0
               foreach: None
               lr: 0.01
               maximize: False
               momentum: 0.9
               nesterov: False
               weight_decay: 4e-05
           )
2022-11-04 14:59:31,442 - INFO  - LR scheduler: `MultiStepLr`
    Update per batch: True
             Group 0: 0.01

2022-11-04 14:59:31,442 - INFO  - >>>>>>>> Epoch -1 (pre-trained model evaluation)
2022-11-04 14:59:31,442 - INFO  - Validation: 50000 samples (128 per mini-batch)
2022-11-04 14:59:43,998 - INFO  - Validation [   20/  391]   Loss 27.609890   Top1 0.000000   Top5 0.117188   BatchTime 0.627748   
2022-11-04 14:59:47,528 - INFO  - Validation [   40/  391]   Loss 28.591004   Top1 0.000000   Top5 0.058594   BatchTime 0.402144   
2022-11-04 14:59:54,384 - INFO  - Validation [   60/  391]   Loss 27.567062   Top1 0.000000   Top5 0.403646   BatchTime 0.382360   
2022-11-04 14:59:59,208 - INFO  - Validation [   80/  391]   Loss 24.924523   Top1 0.000000   Top5 0.419922   BatchTime 0.347061   
2022-11-04 15:00:05,769 - INFO  - Validation [  100/  391]   Loss 23.307600   Top1 0.000000   Top5 0.335938   BatchTime 0.343260   
2022-11-04 15:00:13,789 - INFO  - Validation [  120/  391]   Loss 23.457049   Top1 0.312500   Top5 0.657552   BatchTime 0.352882   
2022-11-04 15:00:20,644 - INFO  - Validation [  140/  391]   Loss 24.179314   Top1 0.267857   Top5 0.563616   BatchTime 0.351434   
2022-11-04 15:00:27,162 - INFO  - Validation [  160/  391]   Loss 24.201449   Top1 0.234375   Top5 0.493164   BatchTime 0.348243   
2022-11-04 15:00:33,837 - INFO  - Validation [  180/  391]   Loss 24.038137   Top1 0.208333   Top5 0.438368   BatchTime 0.346632   
2022-11-04 15:00:40,440 - INFO  - Validation [  200/  391]   Loss 24.115841   Top1 0.187500   Top5 0.394531   BatchTime 0.344985   
2022-11-04 15:00:46,777 - INFO  - Validation [  220/  391]   Loss 24.233748   Top1 0.184659   Top5 0.529119   BatchTime 0.342425   
2022-11-04 15:00:52,939 - INFO  - Validation [  240/  391]   Loss 24.254343   Top1 0.169271   Top5 0.488281   BatchTime 0.339564   
2022-11-04 15:00:59,430 - INFO  - Validation [  260/  391]   Loss 24.264850   Top1 0.156250   Top5 0.450721   BatchTime 0.338411   
2022-11-04 15:01:05,827 - INFO  - Validation [  280/  391]   Loss 24.328493   Top1 0.145089   Top5 0.502232   BatchTime 0.337086   
2022-11-04 15:01:12,120 - INFO  - Validation [  300/  391]   Loss 24.268197   Top1 0.135417   Top5 0.611979   BatchTime 0.335589   
2022-11-04 15:01:19,127 - INFO  - Validation [  320/  391]   Loss 24.314753   Top1 0.126953   Top5 0.573730   BatchTime 0.336510   
2022-11-04 15:01:27,552 - INFO  - Validation [  340/  391]   Loss 24.194326   Top1 0.119485   Top5 0.562960   BatchTime 0.341496   
2022-11-04 15:01:34,753 - INFO  - Validation [  360/  391]   Loss 24.101134   Top1 0.112847   Top5 0.531684   BatchTime 0.342526   
2022-11-04 15:01:38,111 - INFO  - Validation [  380/  391]   Loss 24.285498   Top1 0.106908   Top5 0.503701   BatchTime 0.333336   
2022-11-04 15:01:40,566 - INFO  - ==> Top1: 0.104    Top5: 0.490    Loss: 24.380

2022-11-04 15:01:40,711 - INFO  - Scoreboard best 1 ==> Epoch [-1][Top1: 0.104   Top5: 0.490] Sparsity : 0.060
2022-11-04 15:01:40,711 - INFO  - >>>>>>>> Epoch   0
2022-11-04 15:01:40,712 - INFO  - Training: 1281167 samples (128 per mini-batch)
2022-11-04 15:02:01,622 - INFO  - Training [0][   20/10010]   Loss 6.032427   Top1 5.195312   Top5 13.906250   BatchTime 1.045474   LR 0.010000   
2022-11-04 15:02:10,772 - INFO  - Training [0][   40/10010]   Loss 6.005728   Top1 4.843750   Top5 14.316406   BatchTime 0.751484   LR 0.010000   
2022-11-04 15:02:19,943 - INFO  - Training [0][   60/10010]   Loss 5.831913   Top1 5.468750   Top5 15.911458   BatchTime 0.653843   LR 0.010000   
2022-11-04 15:02:29,078 - INFO  - Training [0][   80/10010]   Loss 5.619952   Top1 6.728516   Top5 18.447266   BatchTime 0.604569   LR 0.010000   
2022-11-04 15:02:38,231 - INFO  - Training [0][  100/10010]   Loss 5.411803   Top1 8.265625   Top5 21.476562   BatchTime 0.575180   LR 0.010000   
2022-11-04 15:02:47,381 - INFO  - Training [0][  120/10010]   Loss 5.212630   Top1 9.980469   Top5 24.609375   BatchTime 0.555566   LR 0.010000   
2022-11-04 15:02:56,485 - INFO  - Training [0][  140/10010]   Loss 5.034717   Top1 11.473214   Top5 27.421875   BatchTime 0.541230   LR 0.010000   
2022-11-04 15:03:05,616 - INFO  - Training [0][  160/10010]   Loss 4.890229   Top1 12.963867   Top5 29.750977   BatchTime 0.530641   LR 0.010000   
2022-11-04 15:03:14,801 - INFO  - Training [0][  180/10010]   Loss 4.764288   Top1 14.331597   Top5 31.844618   BatchTime 0.522710   LR 0.010000   
2022-11-04 15:03:23,927 - INFO  - Training [0][  200/10010]   Loss 4.650476   Top1 15.617188   Top5 33.644531   BatchTime 0.516069   LR 0.010000   
2022-11-04 15:03:33,097 - INFO  - Training [0][  220/10010]   Loss 4.536326   Top1 16.924716   Top5 35.575284   BatchTime 0.510835   LR 0.010000   
2022-11-04 15:03:42,183 - INFO  - Training [0][  240/10010]   Loss 4.432539   Top1 18.180339   Top5 37.395833   BatchTime 0.506125   LR 0.010000   
2022-11-04 15:03:51,233 - INFO  - Training [0][  260/10010]   Loss 4.338915   Top1 19.420072   Top5 38.936298   BatchTime 0.501999   LR 0.010000   
2022-11-04 15:04:04,322 - INFO  - Training [0][  280/10010]   Loss 4.265555   Top1 20.315290   Top5 40.172991   BatchTime 0.512888   LR 0.010000   
2022-11-04 15:04:13,455 - INFO  - Training [0][  300/10010]   Loss 4.181986   Top1 21.268229   Top5 41.575521   BatchTime 0.509138   LR 0.010000   
2022-11-04 15:04:25,144 - INFO  - Training [0][  320/10010]   Loss 4.103722   Top1 22.233887   Top5 42.851562   BatchTime 0.513845   LR 0.010000   
2022-11-04 15:04:36,670 - INFO  - Training [0][  340/10010]   Loss 4.040403   Top1 23.007812   Top5 43.915441   BatchTime 0.517518   LR 0.010000   
2022-11-04 15:04:45,797 - INFO  - Training [0][  360/10010]   Loss 3.982610   Top1 23.758681   Top5 44.850260   BatchTime 0.514120   LR 0.010000   
2022-11-04 15:04:54,994 - INFO  - Training [0][  380/10010]   Loss 3.929195   Top1 24.475740   Top5 45.781250   BatchTime 0.511264   LR 0.010000   
2022-11-04 15:05:04,150 - INFO  - Training [0][  400/10010]   Loss 3.878890   Top1 25.210938   Top5 46.630859   BatchTime 0.508589   LR 0.010000   
2022-11-04 15:05:13,345 - INFO  - Training [0][  420/10010]   Loss 3.829798   Top1 25.814732   Top5 47.451637   BatchTime 0.506263   LR 0.010000   
2022-11-04 15:05:22,486 - INFO  - Training [0][  440/10010]   Loss 3.786879   Top1 26.434659   Top5 48.178267   BatchTime 0.504027   LR 0.010000   
2022-11-04 15:05:31,649 - INFO  - Training [0][  460/10010]   Loss 3.748785   Top1 26.893682   Top5 48.812840   BatchTime 0.502031   LR 0.010000   
2022-11-04 15:05:40,782 - INFO  - Training [0][  480/10010]   Loss 3.714712   Top1 27.347005   Top5 49.381510   BatchTime 0.500141   LR 0.010000   
2022-11-04 15:05:49,913 - INFO  - Training [0][  500/10010]   Loss 3.679868   Top1 27.835938   Top5 49.946875   BatchTime 0.498397   LR 0.010000   
2022-11-04 15:05:58,996 - INFO  - Training [0][  520/10010]   Loss 3.651055   Top1 28.185096   Top5 50.440204   BatchTime 0.496695   LR 0.010000   
2022-11-04 15:06:08,024 - INFO  - Training [0][  540/10010]   Loss 3.626560   Top1 28.508391   Top5 50.844907   BatchTime 0.495017   LR 0.010000   
2022-11-04 15:06:17,060 - INFO  - Training [0][  560/10010]   Loss 3.603749   Top1 28.761161   Top5 51.223493   BatchTime 0.493472   LR 0.010000   
2022-11-04 15:06:26,074 - INFO  - Training [0][  580/10010]   Loss 3.579349   Top1 29.071929   Top5 51.663524   BatchTime 0.491998   LR 0.010000   
2022-11-04 15:06:35,093 - INFO  - Training [0][  600/10010]   Loss 3.556609   Top1 29.348958   Top5 52.061198   BatchTime 0.490630   LR 0.010000   
2022-11-04 15:06:44,123 - INFO  - Training [0][  620/10010]   Loss 3.533086   Top1 29.664819   Top5 52.458417   BatchTime 0.489368   LR 0.010000   
2022-11-04 15:06:53,155 - INFO  - Training [0][  640/10010]   Loss 3.511094   Top1 29.952393   Top5 52.843018   BatchTime 0.488187   LR 0.010000   
2022-11-04 15:07:02,199 - INFO  - Training [0][  660/10010]   Loss 3.491620   Top1 30.229640   Top5 53.183002   BatchTime 0.487096   LR 0.010000   
2022-11-04 15:07:11,189 - INFO  - Training [0][  680/10010]   Loss 3.472183   Top1 30.521599   Top5 53.528263   BatchTime 0.485991   LR 0.010000   
